ARM GAS  /tmp/ccPfzu4L.s 			page 1


   1              		.cpu cortex-m4
   2              		.eabi_attribute 27, 1
   3              		.eabi_attribute 28, 1
   4              		.eabi_attribute 20, 1
   5              		.eabi_attribute 21, 1
   6              		.eabi_attribute 23, 3
   7              		.eabi_attribute 24, 1
   8              		.eabi_attribute 25, 1
   9              		.eabi_attribute 26, 1
  10              		.eabi_attribute 30, 2
  11              		.eabi_attribute 34, 1
  12              		.eabi_attribute 18, 4
  13              		.file	"chcore.c"
  14              		.text
  15              	.Ltext0:
  16              		.cfi_sections	.debug_frame
  17              	.Letext0:
  18              		.file 1 "/usr/lib/gcc/arm-none-eabi/9.2.1/include/stdint.h"
  19              		.file 2 ".//ChibiOS//os/rt/ports/ARMCMx/compilers/GCC/chtypes.h"
  20              		.file 3 ".//ChibiOS//os/rt/include/chsystypes.h"
  21              		.file 4 ".//ChibiOS//os/rt/include/chschd.h"
  22              		.file 5 ".//ChibiOS//os/ext/CMSIS/include/core_cm4.h"
  23              		.file 6 ".//ChibiOS//os/ext/CMSIS/ST/system_stm32f4xx.h"
  24              		.file 7 ".//ChibiOS//os/rt/ports/ARMCMx/chcore.h"
  25              		.file 8 ".//ChibiOS//os/rt/ports/ARMCMx/chcore_v7m.h"
  26              		.file 9 ".//ChibiOS//os/rt/include/chdebug.h"
  27              		.file 10 ".//ChibiOS//os/rt/include/chtm.h"
  28              		.file 11 ".//ChibiOS//os/rt/include/chstats.h"
  29              		.file 12 ".//ChibiOS//os/rt/include/chsem.h"
  30              		.file 13 ".//ChibiOS//os/rt/include/chmtx.h"
  31              		.file 14 ".//ChibiOS//os/rt/include/chregistry.h"
  32              		.section	.debug_info,"",%progbits
  33              	.Ldebug_info0:
  34 0000 620A0000 		.4byte	0xa62
  35 0004 0400     		.2byte	0x4
  36 0006 00000000 		.4byte	.Ldebug_abbrev0
  37 000a 04       		.byte	0x4
  38 000b 01       		.uleb128 0x1
  39 000c 17040000 		.4byte	.LASF151
  40 0010 0C       		.byte	0xc
  41 0011 A9010000 		.4byte	.LASF152
  42 0015 98020000 		.4byte	.LASF153
  43 0019 00000000 		.4byte	.Ldebug_line0
  44 001d 02       		.uleb128 0x2
  45 001e 04       		.byte	0x4
  46 001f 05       		.byte	0x5
  47 0020 696E7400 		.ascii	"int\000"
  48 0024 03       		.uleb128 0x3
  49 0025 04       		.byte	0x4
  50 0026 07       		.byte	0x7
  51 0027 39020000 		.4byte	.LASF0
  52 002b 03       		.uleb128 0x3
  53 002c 08       		.byte	0x8
  54 002d 05       		.byte	0x5
  55 002e 15010000 		.4byte	.LASF1
  56 0032 03       		.uleb128 0x3
  57 0033 08       		.byte	0x8
ARM GAS  /tmp/ccPfzu4L.s 			page 2


  58 0034 04       		.byte	0x4
  59 0035 B8030000 		.4byte	.LASF2
  60 0039 03       		.uleb128 0x3
  61 003a 01       		.byte	0x1
  62 003b 06       		.byte	0x6
  63 003c 23010000 		.4byte	.LASF3
  64 0040 03       		.uleb128 0x3
  65 0041 02       		.byte	0x2
  66 0042 05       		.byte	0x5
  67 0043 EB050000 		.4byte	.LASF4
  68 0047 04       		.uleb128 0x4
  69 0048 CB050000 		.4byte	.LASF6
  70 004c 01       		.byte	0x1
  71 004d 28       		.byte	0x28
  72 004e 18       		.byte	0x18
  73 004f 58000000 		.4byte	0x58
  74 0053 05       		.uleb128 0x5
  75 0054 47000000 		.4byte	0x47
  76 0058 03       		.uleb128 0x3
  77 0059 04       		.byte	0x4
  78 005a 05       		.byte	0x5
  79 005b 77010000 		.4byte	.LASF5
  80 005f 04       		.uleb128 0x4
  81 0060 67070000 		.4byte	.LASF7
  82 0064 01       		.byte	0x1
  83 0065 2E       		.byte	0x2e
  84 0066 18       		.byte	0x18
  85 0067 6B000000 		.4byte	0x6b
  86 006b 03       		.uleb128 0x3
  87 006c 01       		.byte	0x1
  88 006d 08       		.byte	0x8
  89 006e D3050000 		.4byte	.LASF8
  90 0072 04       		.uleb128 0x4
  91 0073 4E020000 		.4byte	.LASF9
  92 0077 01       		.byte	0x1
  93 0078 31       		.byte	0x31
  94 0079 19       		.byte	0x19
  95 007a 7E000000 		.4byte	0x7e
  96 007e 03       		.uleb128 0x3
  97 007f 02       		.byte	0x2
  98 0080 07       		.byte	0x7
  99 0081 E6020000 		.4byte	.LASF10
 100 0085 04       		.uleb128 0x4
 101 0086 89060000 		.4byte	.LASF11
 102 008a 01       		.byte	0x1
 103 008b 34       		.byte	0x34
 104 008c 19       		.byte	0x19
 105 008d 91000000 		.4byte	0x91
 106 0091 03       		.uleb128 0x3
 107 0092 04       		.byte	0x4
 108 0093 07       		.byte	0x7
 109 0094 BE060000 		.4byte	.LASF12
 110 0098 04       		.uleb128 0x4
 111 0099 2F000000 		.4byte	.LASF13
 112 009d 01       		.byte	0x1
 113 009e 37       		.byte	0x37
 114 009f 19       		.byte	0x19
ARM GAS  /tmp/ccPfzu4L.s 			page 3


 115 00a0 A4000000 		.4byte	0xa4
 116 00a4 03       		.uleb128 0x3
 117 00a5 08       		.byte	0x8
 118 00a6 07       		.byte	0x7
 119 00a7 8A000000 		.4byte	.LASF14
 120 00ab 04       		.uleb128 0x4
 121 00ac 99030000 		.4byte	.LASF15
 122 00b0 02       		.byte	0x2
 123 00b1 45       		.byte	0x45
 124 00b2 1D       		.byte	0x1d
 125 00b3 85000000 		.4byte	0x85
 126 00b7 04       		.uleb128 0x4
 127 00b8 F8000000 		.4byte	.LASF16
 128 00bc 02       		.byte	0x2
 129 00bd 46       		.byte	0x46
 130 00be 1D       		.byte	0x1d
 131 00bf 98000000 		.4byte	0x98
 132 00c3 04       		.uleb128 0x4
 133 00c4 1C060000 		.4byte	.LASF17
 134 00c8 02       		.byte	0x2
 135 00c9 48       		.byte	0x48
 136 00ca 1D       		.byte	0x1d
 137 00cb 5F000000 		.4byte	0x5f
 138 00cf 04       		.uleb128 0x4
 139 00d0 80010000 		.4byte	.LASF18
 140 00d4 02       		.byte	0x2
 141 00d5 49       		.byte	0x49
 142 00d6 1D       		.byte	0x1d
 143 00d7 5F000000 		.4byte	0x5f
 144 00db 04       		.uleb128 0x4
 145 00dc 86050000 		.4byte	.LASF19
 146 00e0 02       		.byte	0x2
 147 00e1 4A       		.byte	0x4a
 148 00e2 1D       		.byte	0x1d
 149 00e3 5F000000 		.4byte	0x5f
 150 00e7 04       		.uleb128 0x4
 151 00e8 63010000 		.4byte	.LASF20
 152 00ec 02       		.byte	0x2
 153 00ed 4B       		.byte	0x4b
 154 00ee 1D       		.byte	0x1d
 155 00ef 5F000000 		.4byte	0x5f
 156 00f3 04       		.uleb128 0x4
 157 00f4 BA050000 		.4byte	.LASF21
 158 00f8 02       		.byte	0x2
 159 00f9 4C       		.byte	0x4c
 160 00fa 1D       		.byte	0x1d
 161 00fb 85000000 		.4byte	0x85
 162 00ff 04       		.uleb128 0x4
 163 0100 12030000 		.4byte	.LASF22
 164 0104 02       		.byte	0x2
 165 0105 4D       		.byte	0x4d
 166 0106 1D       		.byte	0x1d
 167 0107 47000000 		.4byte	0x47
 168 010b 04       		.uleb128 0x4
 169 010c 55030000 		.4byte	.LASF23
 170 0110 02       		.byte	0x2
 171 0111 4F       		.byte	0x4f
ARM GAS  /tmp/ccPfzu4L.s 			page 4


 172 0112 1D       		.byte	0x1d
 173 0113 85000000 		.4byte	0x85
 174 0117 04       		.uleb128 0x4
 175 0118 28020000 		.4byte	.LASF24
 176 011c 02       		.byte	0x2
 177 011d 51       		.byte	0x51
 178 011e 1D       		.byte	0x1d
 179 011f 47000000 		.4byte	0x47
 180 0123 04       		.uleb128 0x4
 181 0124 1D030000 		.4byte	.LASF25
 182 0128 02       		.byte	0x2
 183 0129 52       		.byte	0x52
 184 012a 1D       		.byte	0x1d
 185 012b 85000000 		.4byte	0x85
 186 012f 04       		.uleb128 0x4
 187 0130 F1060000 		.4byte	.LASF26
 188 0134 03       		.byte	0x3
 189 0135 33       		.byte	0x33
 190 0136 12       		.byte	0x12
 191 0137 85000000 		.4byte	0x85
 192 013b 05       		.uleb128 0x5
 193 013c 2F010000 		.4byte	0x12f
 194 0140 04       		.uleb128 0x4
 195 0141 DC060000 		.4byte	.LASF27
 196 0145 03       		.byte	0x3
 197 0146 3F       		.byte	0x3f
 198 0147 1A       		.byte	0x1a
 199 0148 4C010000 		.4byte	0x14c
 200 014c 06       		.uleb128 0x6
 201 014d 08030000 		.4byte	.LASF51
 202 0151 68       		.byte	0x68
 203 0152 04       		.byte	0x4
 204 0153 C2       		.byte	0xc2
 205 0154 08       		.byte	0x8
 206 0155 81020000 		.4byte	0x281
 207 0159 07       		.uleb128 0x7
 208 015a 15060000 		.4byte	.LASF28
 209 015e 04       		.byte	0x4
 210 015f C3       		.byte	0xc3
 211 0160 1A       		.byte	0x1a
 212 0161 8D020000 		.4byte	0x28d
 213 0165 00       		.byte	0
 214 0166 07       		.uleb128 0x7
 215 0167 B3050000 		.4byte	.LASF29
 216 016b 04       		.byte	0x4
 217 016c C5       		.byte	0xc5
 218 016d 1A       		.byte	0x1a
 219 016e 8D020000 		.4byte	0x28d
 220 0172 04       		.byte	0x4
 221 0173 07       		.uleb128 0x7
 222 0174 01010000 		.4byte	.LASF30
 223 0178 04       		.byte	0x4
 224 0179 C7       		.byte	0xc7
 225 017a 19       		.byte	0x19
 226 017b F3000000 		.4byte	0xf3
 227 017f 08       		.byte	0x8
 228 0180 07       		.uleb128 0x7
ARM GAS  /tmp/ccPfzu4L.s 			page 5


 229 0181 00040000 		.4byte	.LASF31
 230 0185 04       		.byte	0x4
 231 0186 C8       		.byte	0xc8
 232 0187 19       		.byte	0x19
 233 0188 36050000 		.4byte	0x536
 234 018c 0C       		.byte	0xc
 235 018d 07       		.uleb128 0x7
 236 018e 99010000 		.4byte	.LASF32
 237 0192 04       		.byte	0x4
 238 0193 CA       		.byte	0xca
 239 0194 1A       		.byte	0x1a
 240 0195 8D020000 		.4byte	0x28d
 241 0199 10       		.byte	0x10
 242 019a 07       		.uleb128 0x7
 243 019b F2030000 		.4byte	.LASF33
 244 019f 04       		.byte	0x4
 245 01a0 CB       		.byte	0xcb
 246 01a1 1A       		.byte	0x1a
 247 01a2 8D020000 		.4byte	0x28d
 248 01a6 14       		.byte	0x14
 249 01a7 07       		.uleb128 0x7
 250 01a8 89070000 		.4byte	.LASF34
 251 01ac 04       		.byte	0x4
 252 01ad D2       		.byte	0xd2
 253 01ae 1A       		.byte	0x1a
 254 01af F3080000 		.4byte	0x8f3
 255 01b3 18       		.byte	0x18
 256 01b4 07       		.uleb128 0x7
 257 01b5 2E020000 		.4byte	.LASF35
 258 01b9 04       		.byte	0x4
 259 01ba D8       		.byte	0xd8
 260 01bb 1A       		.byte	0x1a
 261 01bc 0A090000 		.4byte	0x90a
 262 01c0 1C       		.byte	0x1c
 263 01c1 07       		.uleb128 0x7
 264 01c2 F5050000 		.4byte	.LASF36
 265 01c6 04       		.byte	0x4
 266 01c7 DD       		.byte	0xdd
 267 01c8 19       		.byte	0x19
 268 01c9 CF000000 		.4byte	0xcf
 269 01cd 20       		.byte	0x20
 270 01ce 07       		.uleb128 0x7
 271 01cf 33060000 		.4byte	.LASF37
 272 01d3 04       		.byte	0x4
 273 01d4 E1       		.byte	0xe1
 274 01d5 19       		.byte	0x19
 275 01d6 C3000000 		.4byte	0xc3
 276 01da 21       		.byte	0x21
 277 01db 07       		.uleb128 0x7
 278 01dc 49070000 		.4byte	.LASF38
 279 01e0 04       		.byte	0x4
 280 01e1 E6       		.byte	0xe6
 281 01e2 19       		.byte	0x19
 282 01e3 DB000000 		.4byte	0xdb
 283 01e7 22       		.byte	0x22
 284 01e8 07       		.uleb128 0x7
 285 01e9 FD050000 		.4byte	.LASF39
ARM GAS  /tmp/ccPfzu4L.s 			page 6


 286 01ed 04       		.byte	0x4
 287 01ee EC       		.byte	0xec
 288 01ef 19       		.byte	0x19
 289 01f0 E7000000 		.4byte	0xe7
 290 01f4 23       		.byte	0x23
 291 01f5 07       		.uleb128 0x7
 292 01f6 67020000 		.4byte	.LASF40
 293 01fa 04       		.byte	0x4
 294 01fb F3       		.byte	0xf3
 295 01fc 19       		.byte	0x19
 296 01fd 3B010000 		.4byte	0x13b
 297 0201 24       		.byte	0x24
 298 0202 08       		.uleb128 0x8
 299 0203 705F7500 		.ascii	"p_u\000"
 300 0207 04       		.byte	0x4
 301 0208 3101     		.2byte	0x131
 302 020a 19       		.byte	0x19
 303 020b 12080000 		.4byte	0x812
 304 020f 28       		.byte	0x28
 305 0210 09       		.uleb128 0x9
 306 0211 8F030000 		.4byte	.LASF41
 307 0215 04       		.byte	0x4
 308 0216 3601     		.2byte	0x136
 309 0218 19       		.byte	0x19
 310 0219 93020000 		.4byte	0x293
 311 021d 2C       		.byte	0x2c
 312 021e 09       		.uleb128 0x9
 313 021f 7E020000 		.4byte	.LASF42
 314 0223 04       		.byte	0x4
 315 0224 3C01     		.2byte	0x13c
 316 0226 19       		.byte	0x19
 317 0227 BA020000 		.4byte	0x2ba
 318 022b 30       		.byte	0x30
 319 022c 09       		.uleb128 0x9
 320 022d 28070000 		.4byte	.LASF43
 321 0231 04       		.byte	0x4
 322 0232 4001     		.2byte	0x140
 323 0234 19       		.byte	0x19
 324 0235 FF000000 		.4byte	0xff
 325 0239 38       		.byte	0x38
 326 023a 09       		.uleb128 0x9
 327 023b 7E060000 		.4byte	.LASF44
 328 023f 04       		.byte	0x4
 329 0240 4601     		.2byte	0x146
 330 0242 19       		.byte	0x19
 331 0243 0B010000 		.4byte	0x10b
 332 0247 3C       		.byte	0x3c
 333 0248 09       		.uleb128 0x9
 334 0249 E1050000 		.4byte	.LASF45
 335 024d 04       		.byte	0x4
 336 024e 4D01     		.2byte	0x14d
 337 0250 1A       		.byte	0x1a
 338 0251 ED080000 		.4byte	0x8ed
 339 0255 40       		.byte	0x40
 340 0256 09       		.uleb128 0x9
 341 0257 FB060000 		.4byte	.LASF46
 342 025b 04       		.byte	0x4
ARM GAS  /tmp/ccPfzu4L.s 			page 7


 343 025c 5101     		.2byte	0x151
 344 025e 19       		.byte	0x19
 345 025f F3000000 		.4byte	0xf3
 346 0263 44       		.byte	0x44
 347 0264 09       		.uleb128 0x9
 348 0265 4C010000 		.4byte	.LASF47
 349 0269 04       		.byte	0x4
 350 026a 5801     		.2byte	0x158
 351 026c 1A       		.byte	0x1a
 352 026d 7A030000 		.4byte	0x37a
 353 0271 48       		.byte	0x48
 354 0272 09       		.uleb128 0x9
 355 0273 3B060000 		.4byte	.LASF48
 356 0277 04       		.byte	0x4
 357 0278 5E01     		.2byte	0x15e
 358 027a 19       		.byte	0x19
 359 027b BC070000 		.4byte	0x7bc
 360 027f 50       		.byte	0x50
 361 0280 00       		.byte	0
 362 0281 04       		.uleb128 0x4
 363 0282 6F070000 		.4byte	.LASF49
 364 0286 03       		.byte	0x3
 365 0287 44       		.byte	0x44
 366 0288 14       		.byte	0x14
 367 0289 8D020000 		.4byte	0x28d
 368 028d 0A       		.uleb128 0xa
 369 028e 04       		.byte	0x4
 370 028f 40010000 		.4byte	0x140
 371 0293 04       		.uleb128 0x4
 372 0294 6C030000 		.4byte	.LASF50
 373 0298 03       		.byte	0x3
 374 0299 49       		.byte	0x49
 375 029a 20       		.byte	0x20
 376 029b 9F020000 		.4byte	0x29f
 377 029f 06       		.uleb128 0x6
 378 02a0 A6060000 		.4byte	.LASF52
 379 02a4 04       		.byte	0x4
 380 02a5 04       		.byte	0x4
 381 02a6 B0       		.byte	0xb0
 382 02a7 08       		.byte	0x8
 383 02a8 BA020000 		.4byte	0x2ba
 384 02ac 07       		.uleb128 0x7
 385 02ad 15060000 		.4byte	.LASF28
 386 02b1 04       		.byte	0x4
 387 02b2 B1       		.byte	0xb1
 388 02b3 1A       		.byte	0x1a
 389 02b4 8D020000 		.4byte	0x28d
 390 02b8 00       		.byte	0
 391 02b9 00       		.byte	0
 392 02ba 04       		.uleb128 0x4
 393 02bb 43060000 		.4byte	.LASF53
 394 02bf 03       		.byte	0x3
 395 02c0 50       		.byte	0x50
 396 02c1 21       		.byte	0x21
 397 02c2 C6020000 		.4byte	0x2c6
 398 02c6 06       		.uleb128 0x6
 399 02c7 51000000 		.4byte	.LASF54
ARM GAS  /tmp/ccPfzu4L.s 			page 8


 400 02cb 08       		.byte	0x8
 401 02cc 04       		.byte	0x4
 402 02cd B7       		.byte	0xb7
 403 02ce 08       		.byte	0x8
 404 02cf EE020000 		.4byte	0x2ee
 405 02d3 07       		.uleb128 0x7
 406 02d4 15060000 		.4byte	.LASF28
 407 02d8 04       		.byte	0x4
 408 02d9 B8       		.byte	0xb8
 409 02da 1A       		.byte	0x1a
 410 02db 8D020000 		.4byte	0x28d
 411 02df 00       		.byte	0
 412 02e0 07       		.uleb128 0x7
 413 02e1 B3050000 		.4byte	.LASF29
 414 02e5 04       		.byte	0x4
 415 02e6 B9       		.byte	0xb9
 416 02e7 1A       		.byte	0x1a
 417 02e8 8D020000 		.4byte	0x28d
 418 02ec 04       		.byte	0x4
 419 02ed 00       		.byte	0
 420 02ee 04       		.uleb128 0x4
 421 02ef 0D000000 		.4byte	.LASF55
 422 02f3 03       		.byte	0x3
 423 02f4 57       		.byte	0x57
 424 02f5 1E       		.byte	0x1e
 425 02f6 FA020000 		.4byte	0x2fa
 426 02fa 0B       		.uleb128 0xb
 427 02fb 47030000 		.4byte	.LASF56
 428 02ff 1C       		.byte	0x1c
 429 0300 04       		.byte	0x4
 430 0301 9001     		.2byte	0x190
 431 0303 08       		.byte	0x8
 432 0304 5D030000 		.4byte	0x35d
 433 0308 09       		.uleb128 0x9
 434 0309 9E060000 		.4byte	.LASF57
 435 030d 04       		.byte	0x4
 436 030e 9101     		.2byte	0x191
 437 0310 19       		.byte	0x19
 438 0311 BA020000 		.4byte	0x2ba
 439 0315 00       		.byte	0
 440 0316 09       		.uleb128 0x9
 441 0317 07060000 		.4byte	.LASF58
 442 031b 04       		.byte	0x4
 443 031c 9201     		.2byte	0x192
 444 031e 19       		.byte	0x19
 445 031f F3000000 		.4byte	0xf3
 446 0323 08       		.byte	0x8
 447 0324 09       		.uleb128 0x9
 448 0325 FA030000 		.4byte	.LASF59
 449 0329 04       		.byte	0x4
 450 032a 9401     		.2byte	0x194
 451 032c 19       		.byte	0x19
 452 032d 36050000 		.4byte	0x536
 453 0331 0C       		.byte	0xc
 454 0332 09       		.uleb128 0x9
 455 0333 D9010000 		.4byte	.LASF60
 456 0337 04       		.byte	0x4
ARM GAS  /tmp/ccPfzu4L.s 			page 9


 457 0338 9701     		.2byte	0x197
 458 033a 1A       		.byte	0x1a
 459 033b 8D020000 		.4byte	0x28d
 460 033f 10       		.byte	0x10
 461 0340 09       		.uleb128 0x9
 462 0341 73050000 		.4byte	.LASF61
 463 0345 04       		.byte	0x4
 464 0346 9801     		.2byte	0x198
 465 0348 1A       		.byte	0x1a
 466 0349 8D020000 		.4byte	0x28d
 467 034d 14       		.byte	0x14
 468 034e 09       		.uleb128 0x9
 469 034f 69050000 		.4byte	.LASF62
 470 0353 04       		.byte	0x4
 471 0354 9B01     		.2byte	0x19b
 472 0356 1A       		.byte	0x1a
 473 0357 8D020000 		.4byte	0x28d
 474 035b 18       		.byte	0x18
 475 035c 00       		.byte	0
 476 035d 04       		.uleb128 0x4
 477 035e 06070000 		.4byte	.LASF63
 478 0362 03       		.byte	0x3
 479 0363 5C       		.byte	0x5c
 480 0364 10       		.byte	0x10
 481 0365 69030000 		.4byte	0x369
 482 0369 0A       		.uleb128 0xa
 483 036a 04       		.byte	0x4
 484 036b 6F030000 		.4byte	0x36f
 485 036f 0C       		.uleb128 0xc
 486 0370 7A030000 		.4byte	0x37a
 487 0374 0D       		.uleb128 0xd
 488 0375 7A030000 		.4byte	0x37a
 489 0379 00       		.byte	0
 490 037a 0E       		.uleb128 0xe
 491 037b 04       		.byte	0x4
 492 037c 04       		.uleb128 0x4
 493 037d A3050000 		.4byte	.LASF64
 494 0381 03       		.byte	0x3
 495 0382 61       		.byte	0x61
 496 0383 21       		.byte	0x21
 497 0384 88030000 		.4byte	0x388
 498 0388 0B       		.uleb128 0xb
 499 0389 53060000 		.4byte	.LASF65
 500 038d 14       		.byte	0x14
 501 038e 04       		.byte	0x4
 502 038f 6B01     		.2byte	0x16b
 503 0391 08       		.byte	0x8
 504 0392 DD030000 		.4byte	0x3dd
 505 0396 09       		.uleb128 0x9
 506 0397 46020000 		.4byte	.LASF66
 507 039b 04       		.byte	0x4
 508 039c 6C01     		.2byte	0x16c
 509 039e 1A       		.byte	0x1a
 510 039f 10090000 		.4byte	0x910
 511 03a3 00       		.byte	0
 512 03a4 09       		.uleb128 0x9
 513 03a5 EA010000 		.4byte	.LASF67
ARM GAS  /tmp/ccPfzu4L.s 			page 10


 514 03a9 04       		.byte	0x4
 515 03aa 6D01     		.2byte	0x16d
 516 03ac 1A       		.byte	0x1a
 517 03ad 10090000 		.4byte	0x910
 518 03b1 04       		.byte	0x4
 519 03b2 09       		.uleb128 0x9
 520 03b3 75020000 		.4byte	.LASF68
 521 03b7 04       		.byte	0x4
 522 03b8 6E01     		.2byte	0x16e
 523 03ba 19       		.byte	0x19
 524 03bb 2F010000 		.4byte	0x12f
 525 03bf 08       		.byte	0x8
 526 03c0 09       		.uleb128 0x9
 527 03c1 DE070000 		.4byte	.LASF69
 528 03c5 04       		.byte	0x4
 529 03c6 6F01     		.2byte	0x16f
 530 03c8 19       		.byte	0x19
 531 03c9 5D030000 		.4byte	0x35d
 532 03cd 0C       		.byte	0xc
 533 03ce 09       		.uleb128 0x9
 534 03cf 2E070000 		.4byte	.LASF70
 535 03d3 04       		.byte	0x4
 536 03d4 7101     		.2byte	0x171
 537 03d6 1A       		.byte	0x1a
 538 03d7 7A030000 		.4byte	0x37a
 539 03db 10       		.byte	0x10
 540 03dc 00       		.byte	0
 541 03dd 04       		.uleb128 0x4
 542 03de D5000000 		.4byte	.LASF71
 543 03e2 03       		.byte	0x3
 544 03e3 66       		.byte	0x66
 545 03e4 28       		.byte	0x28
 546 03e5 E9030000 		.4byte	0x3e9
 547 03e9 0B       		.uleb128 0xb
 548 03ea A1030000 		.4byte	.LASF72
 549 03ee 10       		.byte	0x10
 550 03ef 04       		.byte	0x4
 551 03f0 7B01     		.2byte	0x17b
 552 03f2 08       		.byte	0x8
 553 03f3 30040000 		.4byte	0x430
 554 03f7 09       		.uleb128 0x9
 555 03f8 46020000 		.4byte	.LASF66
 556 03fc 04       		.byte	0x4
 557 03fd 7C01     		.2byte	0x17c
 558 03ff 1A       		.byte	0x1a
 559 0400 10090000 		.4byte	0x910
 560 0404 00       		.byte	0
 561 0405 09       		.uleb128 0x9
 562 0406 EA010000 		.4byte	.LASF67
 563 040a 04       		.byte	0x4
 564 040b 7E01     		.2byte	0x17e
 565 040d 1A       		.byte	0x1a
 566 040e 10090000 		.4byte	0x910
 567 0412 04       		.byte	0x4
 568 0413 09       		.uleb128 0x9
 569 0414 75020000 		.4byte	.LASF68
 570 0418 04       		.byte	0x4
ARM GAS  /tmp/ccPfzu4L.s 			page 11


 571 0419 8001     		.2byte	0x180
 572 041b 19       		.byte	0x19
 573 041c 2F010000 		.4byte	0x12f
 574 0420 08       		.byte	0x8
 575 0421 09       		.uleb128 0x9
 576 0422 90070000 		.4byte	.LASF73
 577 0426 04       		.byte	0x4
 578 0427 8201     		.2byte	0x182
 579 0429 19       		.byte	0x19
 580 042a 3B010000 		.4byte	0x13b
 581 042e 0C       		.byte	0xc
 582 042f 00       		.byte	0
 583 0430 04       		.uleb128 0x4
 584 0431 62000000 		.4byte	.LASF74
 585 0435 03       		.byte	0x3
 586 0436 6B       		.byte	0x6b
 587 0437 20       		.byte	0x20
 588 0438 3C040000 		.4byte	0x43c
 589 043c 0F       		.uleb128 0xf
 590 043d F2010000 		.4byte	.LASF75
 591 0441 1404     		.2byte	0x414
 592 0443 04       		.byte	0x4
 593 0444 A201     		.2byte	0x1a2
 594 0446 08       		.byte	0x8
 595 0447 84040000 		.4byte	0x484
 596 044b 09       		.uleb128 0x9
 597 044c 0F070000 		.4byte	.LASF76
 598 0450 04       		.byte	0x4
 599 0451 AA01     		.2byte	0x1aa
 600 0453 24       		.byte	0x24
 601 0454 F9080000 		.4byte	0x8f9
 602 0458 00       		.byte	0
 603 0459 09       		.uleb128 0x9
 604 045a 50070000 		.4byte	.LASF77
 605 045e 04       		.byte	0x4
 606 045f AF01     		.2byte	0x1af
 607 0461 19       		.byte	0x19
 608 0462 17010000 		.4byte	0x117
 609 0466 04       		.byte	0x4
 610 0467 09       		.uleb128 0x9
 611 0468 10020000 		.4byte	.LASF78
 612 046c 04       		.byte	0x4
 613 046d B301     		.2byte	0x1b3
 614 046f 19       		.byte	0x19
 615 0470 17010000 		.4byte	0x117
 616 0474 08       		.byte	0x8
 617 0475 09       		.uleb128 0x9
 618 0476 9B070000 		.4byte	.LASF79
 619 047a 04       		.byte	0x4
 620 047b B901     		.2byte	0x1b9
 621 047d 19       		.byte	0x19
 622 047e 44070000 		.4byte	0x744
 623 0482 0C       		.byte	0xc
 624 0483 00       		.byte	0
 625 0484 04       		.uleb128 0x4
 626 0485 24030000 		.4byte	.LASF80
 627 0489 03       		.byte	0x3
ARM GAS  /tmp/ccPfzu4L.s 			page 12


 628 048a 70       		.byte	0x70
 629 048b 1A       		.byte	0x1a
 630 048c 90040000 		.4byte	0x490
 631 0490 0F       		.uleb128 0xf
 632 0491 6D010000 		.4byte	.LASF81
 633 0495 7006     		.2byte	0x670
 634 0497 04       		.byte	0x4
 635 0498 C201     		.2byte	0x1c2
 636 049a 08       		.byte	0x8
 637 049b 05050000 		.4byte	0x505
 638 049f 09       		.uleb128 0x9
 639 04a0 61070000 		.4byte	.LASF82
 640 04a4 04       		.byte	0x4
 641 04a5 C601     		.2byte	0x1c6
 642 04a7 19       		.byte	0x19
 643 04a8 EE020000 		.4byte	0x2ee
 644 04ac 00       		.byte	0
 645 04ad 09       		.uleb128 0x9
 646 04ae 5C010000 		.4byte	.LASF83
 647 04b2 04       		.byte	0x4
 648 04b3 CA01     		.2byte	0x1ca
 649 04b5 19       		.byte	0x19
 650 04b6 DD030000 		.4byte	0x3dd
 651 04ba 1C       		.byte	0x1c
 652 04bb 08       		.uleb128 0x8
 653 04bc 64626700 		.ascii	"dbg\000"
 654 04c0 04       		.byte	0x4
 655 04c1 CE01     		.2byte	0x1ce
 656 04c3 19       		.byte	0x19
 657 04c4 30040000 		.4byte	0x430
 658 04c8 2C       		.byte	0x2c
 659 04c9 10       		.uleb128 0x10
 660 04ca CA000000 		.4byte	.LASF84
 661 04ce 04       		.byte	0x4
 662 04cf D201     		.2byte	0x1d2
 663 04d1 19       		.byte	0x19
 664 04d2 40010000 		.4byte	0x140
 665 04d6 4004     		.2byte	0x440
 666 04d8 11       		.uleb128 0x11
 667 04d9 746D00   		.ascii	"tm\000"
 668 04dc 04       		.byte	0x4
 669 04dd D701     		.2byte	0x1d7
 670 04df 19       		.byte	0x19
 671 04e0 67070000 		.4byte	0x767
 672 04e4 A804     		.2byte	0x4a8
 673 04e6 10       		.uleb128 0x10
 674 04e7 38000000 		.4byte	.LASF85
 675 04eb 04       		.byte	0x4
 676 04ec DD01     		.2byte	0x1dd
 677 04ee 19       		.byte	0x19
 678 04ef 06080000 		.4byte	0x806
 679 04f3 B004     		.2byte	0x4b0
 680 04f5 10       		.uleb128 0x10
 681 04f6 19020000 		.4byte	.LASF86
 682 04fa 04       		.byte	0x4
 683 04fb E301     		.2byte	0x1e3
 684 04fd 03       		.byte	0x3
ARM GAS  /tmp/ccPfzu4L.s 			page 13


 685 04fe 16090000 		.4byte	0x916
 686 0502 E804     		.2byte	0x4e8
 687 0504 00       		.byte	0
 688 0505 12       		.uleb128 0x12
 689 0506 EB000000 		.4byte	.LASF87
 690 050a 05       		.byte	0x5
 691 050b A706     		.2byte	0x6a7
 692 050d 19       		.byte	0x19
 693 050e 53000000 		.4byte	0x53
 694 0512 13       		.uleb128 0x13
 695 0513 57020000 		.4byte	.LASF88
 696 0517 06       		.byte	0x6
 697 0518 4C       		.byte	0x4c
 698 0519 11       		.byte	0x11
 699 051a 85000000 		.4byte	0x85
 700 051e 04       		.uleb128 0x4
 701 051f E1010000 		.4byte	.LASF89
 702 0523 07       		.byte	0x7
 703 0524 65       		.byte	0x65
 704 0525 0F       		.byte	0xf
 705 0526 7A030000 		.4byte	0x37a
 706 052a 04       		.uleb128 0x4
 707 052b 61030000 		.4byte	.LASF90
 708 052f 07       		.byte	0x7
 709 0530 6D       		.byte	0x6d
 710 0531 12       		.byte	0x12
 711 0532 98000000 		.4byte	0x98
 712 0536 06       		.uleb128 0x6
 713 0537 20070000 		.4byte	.LASF91
 714 053b 04       		.byte	0x4
 715 053c 07       		.byte	0x7
 716 053d 89       		.byte	0x89
 717 053e 08       		.byte	0x8
 718 053f 51050000 		.4byte	0x551
 719 0543 14       		.uleb128 0x14
 720 0544 72313300 		.ascii	"r13\000"
 721 0548 07       		.byte	0x7
 722 0549 8A       		.byte	0x8a
 723 054a 17       		.byte	0x17
 724 054b AC060000 		.4byte	0x6ac
 725 054f 00       		.byte	0
 726 0550 00       		.byte	0
 727 0551 06       		.uleb128 0x6
 728 0552 45000000 		.4byte	.LASF92
 729 0556 64       		.byte	0x64
 730 0557 08       		.byte	0x8
 731 0558 F4       		.byte	0xf4
 732 0559 08       		.byte	0x8
 733 055a AC060000 		.4byte	0x6ac
 734 055e 14       		.uleb128 0x14
 735 055f 73313600 		.ascii	"s16\000"
 736 0563 08       		.byte	0x8
 737 0564 F6       		.byte	0xf6
 738 0565 11       		.byte	0x11
 739 0566 1E050000 		.4byte	0x51e
 740 056a 00       		.byte	0
 741 056b 14       		.uleb128 0x14
ARM GAS  /tmp/ccPfzu4L.s 			page 14


 742 056c 73313700 		.ascii	"s17\000"
 743 0570 08       		.byte	0x8
 744 0571 F7       		.byte	0xf7
 745 0572 11       		.byte	0x11
 746 0573 1E050000 		.4byte	0x51e
 747 0577 04       		.byte	0x4
 748 0578 14       		.uleb128 0x14
 749 0579 73313800 		.ascii	"s18\000"
 750 057d 08       		.byte	0x8
 751 057e F8       		.byte	0xf8
 752 057f 11       		.byte	0x11
 753 0580 1E050000 		.4byte	0x51e
 754 0584 08       		.byte	0x8
 755 0585 14       		.uleb128 0x14
 756 0586 73313900 		.ascii	"s19\000"
 757 058a 08       		.byte	0x8
 758 058b F9       		.byte	0xf9
 759 058c 11       		.byte	0x11
 760 058d 1E050000 		.4byte	0x51e
 761 0591 0C       		.byte	0xc
 762 0592 14       		.uleb128 0x14
 763 0593 73323000 		.ascii	"s20\000"
 764 0597 08       		.byte	0x8
 765 0598 FA       		.byte	0xfa
 766 0599 11       		.byte	0x11
 767 059a 1E050000 		.4byte	0x51e
 768 059e 10       		.byte	0x10
 769 059f 14       		.uleb128 0x14
 770 05a0 73323100 		.ascii	"s21\000"
 771 05a4 08       		.byte	0x8
 772 05a5 FB       		.byte	0xfb
 773 05a6 11       		.byte	0x11
 774 05a7 1E050000 		.4byte	0x51e
 775 05ab 14       		.byte	0x14
 776 05ac 14       		.uleb128 0x14
 777 05ad 73323200 		.ascii	"s22\000"
 778 05b1 08       		.byte	0x8
 779 05b2 FC       		.byte	0xfc
 780 05b3 11       		.byte	0x11
 781 05b4 1E050000 		.4byte	0x51e
 782 05b8 18       		.byte	0x18
 783 05b9 14       		.uleb128 0x14
 784 05ba 73323300 		.ascii	"s23\000"
 785 05be 08       		.byte	0x8
 786 05bf FD       		.byte	0xfd
 787 05c0 11       		.byte	0x11
 788 05c1 1E050000 		.4byte	0x51e
 789 05c5 1C       		.byte	0x1c
 790 05c6 14       		.uleb128 0x14
 791 05c7 73323400 		.ascii	"s24\000"
 792 05cb 08       		.byte	0x8
 793 05cc FE       		.byte	0xfe
 794 05cd 11       		.byte	0x11
 795 05ce 1E050000 		.4byte	0x51e
 796 05d2 20       		.byte	0x20
 797 05d3 14       		.uleb128 0x14
 798 05d4 73323500 		.ascii	"s25\000"
ARM GAS  /tmp/ccPfzu4L.s 			page 15


 799 05d8 08       		.byte	0x8
 800 05d9 FF       		.byte	0xff
 801 05da 11       		.byte	0x11
 802 05db 1E050000 		.4byte	0x51e
 803 05df 24       		.byte	0x24
 804 05e0 08       		.uleb128 0x8
 805 05e1 73323600 		.ascii	"s26\000"
 806 05e5 08       		.byte	0x8
 807 05e6 0001     		.2byte	0x100
 808 05e8 11       		.byte	0x11
 809 05e9 1E050000 		.4byte	0x51e
 810 05ed 28       		.byte	0x28
 811 05ee 08       		.uleb128 0x8
 812 05ef 73323700 		.ascii	"s27\000"
 813 05f3 08       		.byte	0x8
 814 05f4 0101     		.2byte	0x101
 815 05f6 11       		.byte	0x11
 816 05f7 1E050000 		.4byte	0x51e
 817 05fb 2C       		.byte	0x2c
 818 05fc 08       		.uleb128 0x8
 819 05fd 73323800 		.ascii	"s28\000"
 820 0601 08       		.byte	0x8
 821 0602 0201     		.2byte	0x102
 822 0604 11       		.byte	0x11
 823 0605 1E050000 		.4byte	0x51e
 824 0609 30       		.byte	0x30
 825 060a 08       		.uleb128 0x8
 826 060b 73323900 		.ascii	"s29\000"
 827 060f 08       		.byte	0x8
 828 0610 0301     		.2byte	0x103
 829 0612 11       		.byte	0x11
 830 0613 1E050000 		.4byte	0x51e
 831 0617 34       		.byte	0x34
 832 0618 08       		.uleb128 0x8
 833 0619 73333000 		.ascii	"s30\000"
 834 061d 08       		.byte	0x8
 835 061e 0401     		.2byte	0x104
 836 0620 11       		.byte	0x11
 837 0621 1E050000 		.4byte	0x51e
 838 0625 38       		.byte	0x38
 839 0626 08       		.uleb128 0x8
 840 0627 73333100 		.ascii	"s31\000"
 841 062b 08       		.byte	0x8
 842 062c 0501     		.2byte	0x105
 843 062e 11       		.byte	0x11
 844 062f 1E050000 		.4byte	0x51e
 845 0633 3C       		.byte	0x3c
 846 0634 08       		.uleb128 0x8
 847 0635 723400   		.ascii	"r4\000"
 848 0638 08       		.byte	0x8
 849 0639 0701     		.2byte	0x107
 850 063b 11       		.byte	0x11
 851 063c 1E050000 		.4byte	0x51e
 852 0640 40       		.byte	0x40
 853 0641 08       		.uleb128 0x8
 854 0642 723500   		.ascii	"r5\000"
 855 0645 08       		.byte	0x8
ARM GAS  /tmp/ccPfzu4L.s 			page 16


 856 0646 0801     		.2byte	0x108
 857 0648 11       		.byte	0x11
 858 0649 1E050000 		.4byte	0x51e
 859 064d 44       		.byte	0x44
 860 064e 08       		.uleb128 0x8
 861 064f 723600   		.ascii	"r6\000"
 862 0652 08       		.byte	0x8
 863 0653 0901     		.2byte	0x109
 864 0655 11       		.byte	0x11
 865 0656 1E050000 		.4byte	0x51e
 866 065a 48       		.byte	0x48
 867 065b 08       		.uleb128 0x8
 868 065c 723700   		.ascii	"r7\000"
 869 065f 08       		.byte	0x8
 870 0660 0A01     		.2byte	0x10a
 871 0662 11       		.byte	0x11
 872 0663 1E050000 		.4byte	0x51e
 873 0667 4C       		.byte	0x4c
 874 0668 08       		.uleb128 0x8
 875 0669 723800   		.ascii	"r8\000"
 876 066c 08       		.byte	0x8
 877 066d 0B01     		.2byte	0x10b
 878 066f 11       		.byte	0x11
 879 0670 1E050000 		.4byte	0x51e
 880 0674 50       		.byte	0x50
 881 0675 08       		.uleb128 0x8
 882 0676 723900   		.ascii	"r9\000"
 883 0679 08       		.byte	0x8
 884 067a 0C01     		.2byte	0x10c
 885 067c 11       		.byte	0x11
 886 067d 1E050000 		.4byte	0x51e
 887 0681 54       		.byte	0x54
 888 0682 08       		.uleb128 0x8
 889 0683 72313000 		.ascii	"r10\000"
 890 0687 08       		.byte	0x8
 891 0688 0D01     		.2byte	0x10d
 892 068a 11       		.byte	0x11
 893 068b 1E050000 		.4byte	0x51e
 894 068f 58       		.byte	0x58
 895 0690 08       		.uleb128 0x8
 896 0691 72313100 		.ascii	"r11\000"
 897 0695 08       		.byte	0x8
 898 0696 0E01     		.2byte	0x10e
 899 0698 11       		.byte	0x11
 900 0699 1E050000 		.4byte	0x51e
 901 069d 5C       		.byte	0x5c
 902 069e 08       		.uleb128 0x8
 903 069f 6C7200   		.ascii	"lr\000"
 904 06a2 08       		.byte	0x8
 905 06a3 0F01     		.2byte	0x10f
 906 06a5 11       		.byte	0x11
 907 06a6 1E050000 		.4byte	0x51e
 908 06aa 60       		.byte	0x60
 909 06ab 00       		.byte	0
 910 06ac 0A       		.uleb128 0xa
 911 06ad 04       		.byte	0x4
 912 06ae 51050000 		.4byte	0x551
ARM GAS  /tmp/ccPfzu4L.s 			page 17


 913 06b2 15       		.uleb128 0x15
 914 06b3 10       		.byte	0x10
 915 06b4 09       		.byte	0x9
 916 06b5 51       		.byte	0x51
 917 06b6 09       		.byte	0x9
 918 06b7 F0060000 		.4byte	0x6f0
 919 06bb 07       		.uleb128 0x7
 920 06bc 1A000000 		.4byte	.LASF93
 921 06c0 09       		.byte	0x9
 922 06c1 55       		.byte	0x55
 923 06c2 19       		.byte	0x19
 924 06c3 2F010000 		.4byte	0x12f
 925 06c7 00       		.byte	0
 926 06c8 07       		.uleb128 0x7
 927 06c9 89010000 		.4byte	.LASF94
 928 06cd 09       		.byte	0x9
 929 06ce 59       		.byte	0x59
 930 06cf 1A       		.byte	0x1a
 931 06d0 8D020000 		.4byte	0x28d
 932 06d4 04       		.byte	0x4
 933 06d5 07       		.uleb128 0x7
 934 06d6 C6070000 		.4byte	.LASF95
 935 06da 09       		.byte	0x9
 936 06db 5D       		.byte	0x5d
 937 06dc 1A       		.byte	0x1a
 938 06dd 7A030000 		.4byte	0x37a
 939 06e1 08       		.byte	0x8
 940 06e2 07       		.uleb128 0x7
 941 06e3 58070000 		.4byte	.LASF96
 942 06e7 09       		.byte	0x9
 943 06e8 61       		.byte	0x61
 944 06e9 19       		.byte	0x19
 945 06ea 5F000000 		.4byte	0x5f
 946 06ee 0C       		.byte	0xc
 947 06ef 00       		.byte	0
 948 06f0 04       		.uleb128 0x4
 949 06f1 D7030000 		.4byte	.LASF97
 950 06f5 09       		.byte	0x9
 951 06f6 62       		.byte	0x62
 952 06f7 03       		.byte	0x3
 953 06f8 B2060000 		.4byte	0x6b2
 954 06fc 16       		.uleb128 0x16
 955 06fd 0804     		.2byte	0x408
 956 06ff 09       		.byte	0x9
 957 0700 67       		.byte	0x67
 958 0701 09       		.byte	0x9
 959 0702 2E070000 		.4byte	0x72e
 960 0706 07       		.uleb128 0x7
 961 0707 D1010000 		.4byte	.LASF98
 962 070b 09       		.byte	0x9
 963 070c 6B       		.byte	0x6b
 964 070d 19       		.byte	0x19
 965 070e 24000000 		.4byte	0x24
 966 0712 00       		.byte	0
 967 0713 07       		.uleb128 0x7
 968 0714 D0030000 		.4byte	.LASF99
 969 0718 09       		.byte	0x9
ARM GAS  /tmp/ccPfzu4L.s 			page 18


 970 0719 6F       		.byte	0x6f
 971 071a 1A       		.byte	0x1a
 972 071b 2E070000 		.4byte	0x72e
 973 071f 04       		.byte	0x4
 974 0720 07       		.uleb128 0x7
 975 0721 8E050000 		.4byte	.LASF100
 976 0725 09       		.byte	0x9
 977 0726 73       		.byte	0x73
 978 0727 19       		.byte	0x19
 979 0728 34070000 		.4byte	0x734
 980 072c 08       		.byte	0x8
 981 072d 00       		.byte	0
 982 072e 0A       		.uleb128 0xa
 983 072f 04       		.byte	0x4
 984 0730 F0060000 		.4byte	0x6f0
 985 0734 17       		.uleb128 0x17
 986 0735 F0060000 		.4byte	0x6f0
 987 0739 44070000 		.4byte	0x744
 988 073d 18       		.uleb128 0x18
 989 073e 24000000 		.4byte	0x24
 990 0742 3F       		.byte	0x3f
 991 0743 00       		.byte	0
 992 0744 04       		.uleb128 0x4
 993 0745 A1000000 		.4byte	.LASF101
 994 0749 09       		.byte	0x9
 995 074a 74       		.byte	0x74
 996 074b 03       		.byte	0x3
 997 074c FC060000 		.4byte	0x6fc
 998 0750 15       		.uleb128 0x15
 999 0751 04       		.byte	0x4
 1000 0752 0A       		.byte	0xa
 1001 0753 38       		.byte	0x38
 1002 0754 09       		.byte	0x9
 1003 0755 67070000 		.4byte	0x767
 1004 0759 07       		.uleb128 0x7
 1005 075a 19070000 		.4byte	.LASF102
 1006 075e 0A       		.byte	0xa
 1007 075f 3C       		.byte	0x3c
 1008 0760 19       		.byte	0x19
 1009 0761 AB000000 		.4byte	0xab
 1010 0765 00       		.byte	0
 1011 0766 00       		.byte	0
 1012 0767 04       		.uleb128 0x4
 1013 0768 06040000 		.4byte	.LASF103
 1014 076c 0A       		.byte	0xa
 1015 076d 3D       		.byte	0x3d
 1016 076e 03       		.byte	0x3
 1017 076f 50070000 		.4byte	0x750
 1018 0773 15       		.uleb128 0x15
 1019 0774 18       		.byte	0x18
 1020 0775 0A       		.byte	0xa
 1021 0776 48       		.byte	0x48
 1022 0777 09       		.byte	0x9
 1023 0778 BC070000 		.4byte	0x7bc
 1024 077c 07       		.uleb128 0x7
 1025 077d E5060000 		.4byte	.LASF104
 1026 0781 0A       		.byte	0xa
ARM GAS  /tmp/ccPfzu4L.s 			page 19


 1027 0782 49       		.byte	0x49
 1028 0783 19       		.byte	0x19
 1029 0784 AB000000 		.4byte	0xab
 1030 0788 00       		.byte	0
 1031 0789 07       		.uleb128 0x7
 1032 078a 71000000 		.4byte	.LASF105
 1033 078e 0A       		.byte	0xa
 1034 078f 4A       		.byte	0x4a
 1035 0790 19       		.byte	0x19
 1036 0791 AB000000 		.4byte	0xab
 1037 0795 04       		.byte	0x4
 1038 0796 07       		.uleb128 0x7
 1039 0797 18030000 		.4byte	.LASF106
 1040 079b 0A       		.byte	0xa
 1041 079c 4B       		.byte	0x4b
 1042 079d 19       		.byte	0x19
 1043 079e AB000000 		.4byte	0xab
 1044 07a2 08       		.byte	0x8
 1045 07a3 14       		.uleb128 0x14
 1046 07a4 6E00     		.ascii	"n\000"
 1047 07a6 0A       		.byte	0xa
 1048 07a7 4C       		.byte	0x4c
 1049 07a8 19       		.byte	0x19
 1050 07a9 23010000 		.4byte	0x123
 1051 07ad 0C       		.byte	0xc
 1052 07ae 07       		.uleb128 0x7
 1053 07af 7B050000 		.4byte	.LASF107
 1054 07b3 0A       		.byte	0xa
 1055 07b4 4D       		.byte	0x4d
 1056 07b5 19       		.byte	0x19
 1057 07b6 B7000000 		.4byte	0xb7
 1058 07ba 10       		.byte	0x10
 1059 07bb 00       		.byte	0
 1060 07bc 04       		.uleb128 0x4
 1061 07bd 77000000 		.4byte	.LASF108
 1062 07c1 0A       		.byte	0xa
 1063 07c2 4E       		.byte	0x4e
 1064 07c3 03       		.byte	0x3
 1065 07c4 73070000 		.4byte	0x773
 1066 07c8 15       		.uleb128 0x15
 1067 07c9 38       		.byte	0x38
 1068 07ca 0B       		.byte	0xb
 1069 07cb 38       		.byte	0x38
 1070 07cc 09       		.byte	0x9
 1071 07cd 06080000 		.4byte	0x806
 1072 07d1 07       		.uleb128 0x7
 1073 07d2 92020000 		.4byte	.LASF109
 1074 07d6 0B       		.byte	0xb
 1075 07d7 39       		.byte	0x39
 1076 07d8 19       		.byte	0x19
 1077 07d9 23010000 		.4byte	0x123
 1078 07dd 00       		.byte	0
 1079 07de 07       		.uleb128 0x7
 1080 07df C2050000 		.4byte	.LASF110
 1081 07e3 0B       		.byte	0xb
 1082 07e4 3A       		.byte	0x3a
 1083 07e5 19       		.byte	0x19
ARM GAS  /tmp/ccPfzu4L.s 			page 20


 1084 07e6 23010000 		.4byte	0x123
 1085 07ea 04       		.byte	0x4
 1086 07eb 07       		.uleb128 0x7
 1087 07ec B3070000 		.4byte	.LASF111
 1088 07f0 0B       		.byte	0xb
 1089 07f1 3B       		.byte	0x3b
 1090 07f2 19       		.byte	0x19
 1091 07f3 BC070000 		.4byte	0x7bc
 1092 07f7 08       		.byte	0x8
 1093 07f8 07       		.uleb128 0x7
 1094 07f9 3C030000 		.4byte	.LASF112
 1095 07fd 0B       		.byte	0xb
 1096 07fe 3D       		.byte	0x3d
 1097 07ff 19       		.byte	0x19
 1098 0800 BC070000 		.4byte	0x7bc
 1099 0804 20       		.byte	0x20
 1100 0805 00       		.byte	0
 1101 0806 04       		.uleb128 0x4
 1102 0807 F9020000 		.4byte	.LASF113
 1103 080b 0B       		.byte	0xb
 1104 080c 3F       		.byte	0x3f
 1105 080d 03       		.byte	0x3
 1106 080e C8070000 		.4byte	0x7c8
 1107 0812 19       		.uleb128 0x19
 1108 0813 04       		.byte	0x4
 1109 0814 04       		.byte	0x4
 1110 0815 FA       		.byte	0xfa
 1111 0816 03       		.byte	0x3
 1112 0817 77080000 		.4byte	0x877
 1113 081b 1A       		.uleb128 0x1a
 1114 081c 28000000 		.4byte	.LASF114
 1115 0820 04       		.byte	0x4
 1116 0821 0101     		.2byte	0x101
 1117 0823 19       		.byte	0x19
 1118 0824 FF000000 		.4byte	0xff
 1119 0828 1A       		.uleb128 0x1a
 1120 0829 C1000000 		.4byte	.LASF115
 1121 082d 04       		.byte	0x4
 1122 082e 0801     		.2byte	0x108
 1123 0830 19       		.byte	0x19
 1124 0831 FF000000 		.4byte	0xff
 1125 0835 1A       		.uleb128 0x1a
 1126 0836 82070000 		.4byte	.LASF116
 1127 083a 04       		.byte	0x4
 1128 083b 0F01     		.2byte	0x10f
 1129 083d 1A       		.byte	0x1a
 1130 083e 7A030000 		.4byte	0x37a
 1131 0842 1A       		.uleb128 0x1a
 1132 0843 22000000 		.4byte	.LASF117
 1133 0847 04       		.byte	0x4
 1134 0848 1601     		.2byte	0x116
 1135 084a 1A       		.byte	0x1a
 1136 084b 77080000 		.4byte	0x877
 1137 084f 1A       		.uleb128 0x1a
 1138 0850 6E020000 		.4byte	.LASF118
 1139 0854 04       		.byte	0x4
 1140 0855 1E01     		.2byte	0x11e
ARM GAS  /tmp/ccPfzu4L.s 			page 21


 1141 0857 1A       		.byte	0x1a
 1142 0858 A5080000 		.4byte	0x8a5
 1143 085c 1A       		.uleb128 0x1a
 1144 085d D5060000 		.4byte	.LASF119
 1145 0861 04       		.byte	0x4
 1146 0862 2701     		.2byte	0x127
 1147 0864 1A       		.byte	0x1a
 1148 0865 ED080000 		.4byte	0x8ed
 1149 0869 1A       		.uleb128 0x1a
 1150 086a 0E060000 		.4byte	.LASF120
 1151 086e 04       		.byte	0x4
 1152 086f 2F01     		.2byte	0x12f
 1153 0871 19       		.byte	0x19
 1154 0872 0B010000 		.4byte	0x10b
 1155 0876 00       		.byte	0
 1156 0877 0A       		.uleb128 0xa
 1157 0878 04       		.byte	0x4
 1158 0879 81020000 		.4byte	0x281
 1159 087d 06       		.uleb128 0x6
 1160 087e 71060000 		.4byte	.LASF121
 1161 0882 0C       		.byte	0xc
 1162 0883 0C       		.byte	0xc
 1163 0884 34       		.byte	0x34
 1164 0885 10       		.byte	0x10
 1165 0886 A5080000 		.4byte	0x8a5
 1166 088a 07       		.uleb128 0x7
 1167 088b A1010000 		.4byte	.LASF122
 1168 088f 0C       		.byte	0xc
 1169 0890 35       		.byte	0x35
 1170 0891 19       		.byte	0x19
 1171 0892 BA020000 		.4byte	0x2ba
 1172 0896 00       		.byte	0
 1173 0897 07       		.uleb128 0x7
 1174 0898 E0020000 		.4byte	.LASF123
 1175 089c 0C       		.byte	0xc
 1176 089d 37       		.byte	0x37
 1177 089e 19       		.byte	0x19
 1178 089f 17010000 		.4byte	0x117
 1179 08a3 08       		.byte	0x8
 1180 08a4 00       		.byte	0
 1181 08a5 0A       		.uleb128 0xa
 1182 08a6 04       		.byte	0x4
 1183 08a7 7D080000 		.4byte	0x87d
 1184 08ab 06       		.uleb128 0x6
 1185 08ac 40070000 		.4byte	.LASF124
 1186 08b0 14       		.byte	0x14
 1187 08b1 0D       		.byte	0xd
 1188 08b2 39       		.byte	0x39
 1189 08b3 08       		.byte	0x8
 1190 08b4 ED080000 		.4byte	0x8ed
 1191 08b8 07       		.uleb128 0x7
 1192 08b9 54010000 		.4byte	.LASF125
 1193 08bd 0D       		.byte	0xd
 1194 08be 3A       		.byte	0x3a
 1195 08bf 19       		.byte	0x19
 1196 08c0 BA020000 		.4byte	0x2ba
 1197 08c4 00       		.byte	0
ARM GAS  /tmp/ccPfzu4L.s 			page 22


 1198 08c5 07       		.uleb128 0x7
 1199 08c6 BE070000 		.4byte	.LASF126
 1200 08ca 0D       		.byte	0xd
 1201 08cb 3C       		.byte	0x3c
 1202 08cc 1A       		.byte	0x1a
 1203 08cd 8D020000 		.4byte	0x28d
 1204 08d1 08       		.byte	0x8
 1205 08d2 07       		.uleb128 0x7
 1206 08d3 EA060000 		.4byte	.LASF127
 1207 08d7 0D       		.byte	0xd
 1208 08d8 3E       		.byte	0x3e
 1209 08d9 1A       		.byte	0x1a
 1210 08da 5F0A0000 		.4byte	0xa5f
 1211 08de 0C       		.byte	0xc
 1212 08df 07       		.uleb128 0x7
 1213 08e0 02020000 		.4byte	.LASF128
 1214 08e4 0D       		.byte	0xd
 1215 08e5 41       		.byte	0x41
 1216 08e6 19       		.byte	0x19
 1217 08e7 17010000 		.4byte	0x117
 1218 08eb 10       		.byte	0x10
 1219 08ec 00       		.byte	0
 1220 08ed 0A       		.uleb128 0xa
 1221 08ee 04       		.byte	0x4
 1222 08ef AB080000 		.4byte	0x8ab
 1223 08f3 0A       		.uleb128 0xa
 1224 08f4 04       		.byte	0x4
 1225 08f5 05090000 		.4byte	0x905
 1226 08f9 05       		.uleb128 0x5
 1227 08fa F3080000 		.4byte	0x8f3
 1228 08fe 03       		.uleb128 0x3
 1229 08ff 01       		.byte	0x1
 1230 0900 08       		.byte	0x8
 1231 0901 D0060000 		.4byte	.LASF129
 1232 0905 1B       		.uleb128 0x1b
 1233 0906 FE080000 		.4byte	0x8fe
 1234 090a 0A       		.uleb128 0xa
 1235 090b 04       		.byte	0x4
 1236 090c 2A050000 		.4byte	0x52a
 1237 0910 0A       		.uleb128 0xa
 1238 0911 04       		.byte	0x4
 1239 0912 7C030000 		.4byte	0x37c
 1240 0916 17       		.uleb128 0x17
 1241 0917 2A050000 		.4byte	0x52a
 1242 091b 26090000 		.4byte	0x926
 1243 091f 18       		.uleb128 0x18
 1244 0920 24000000 		.4byte	0x24
 1245 0924 30       		.byte	0x30
 1246 0925 00       		.byte	0
 1247 0926 1C       		.uleb128 0x1c
 1248 0927 636800   		.ascii	"ch\000"
 1249 092a 04       		.byte	0x4
 1250 092b 0902     		.2byte	0x209
 1251 092d 14       		.byte	0x14
 1252 092e 84040000 		.4byte	0x484
 1253 0932 15       		.uleb128 0x15
 1254 0933 16       		.byte	0x16
ARM GAS  /tmp/ccPfzu4L.s 			page 23


 1255 0934 0E       		.byte	0xe
 1256 0935 34       		.byte	0x34
 1257 0936 09       		.byte	0x9
 1258 0937 260A0000 		.4byte	0xa26
 1259 093b 07       		.uleb128 0x7
 1260 093c D0070000 		.4byte	.LASF130
 1261 0940 0E       		.byte	0xe
 1262 0941 35       		.byte	0x35
 1263 0942 0D       		.byte	0xd
 1264 0943 260A0000 		.4byte	0xa26
 1265 0947 00       		.byte	0
 1266 0948 07       		.uleb128 0x7
 1267 0949 7B030000 		.4byte	.LASF131
 1268 094d 0E       		.byte	0xe
 1269 094e 36       		.byte	0x36
 1270 094f 0D       		.byte	0xd
 1271 0950 5F000000 		.4byte	0x5f
 1272 0954 04       		.byte	0x4
 1273 0955 07       		.uleb128 0x7
 1274 0956 B6060000 		.4byte	.LASF132
 1275 095a 0E       		.byte	0xe
 1276 095b 37       		.byte	0x37
 1277 095c 0D       		.byte	0xd
 1278 095d 5F000000 		.4byte	0x5f
 1279 0961 05       		.byte	0x5
 1280 0962 07       		.uleb128 0x7
 1281 0963 A8070000 		.4byte	.LASF133
 1282 0967 0E       		.byte	0xe
 1283 0968 38       		.byte	0x38
 1284 0969 0D       		.byte	0xd
 1285 096a 72000000 		.4byte	0x72
 1286 096e 06       		.byte	0x6
 1287 096f 07       		.uleb128 0x7
 1288 0970 98050000 		.4byte	.LASF134
 1289 0974 0E       		.byte	0xe
 1290 0975 39       		.byte	0x39
 1291 0976 0D       		.byte	0xd
 1292 0977 5F000000 		.4byte	0x5f
 1293 097b 08       		.byte	0x8
 1294 097c 07       		.uleb128 0x7
 1295 097d C4030000 		.4byte	.LASF135
 1296 0981 0E       		.byte	0xe
 1297 0982 3A       		.byte	0x3a
 1298 0983 0D       		.byte	0xd
 1299 0984 5F000000 		.4byte	0x5f
 1300 0988 09       		.byte	0x9
 1301 0989 07       		.uleb128 0x7
 1302 098a B3000000 		.4byte	.LASF136
 1303 098e 0E       		.byte	0xe
 1304 098f 3B       		.byte	0x3b
 1305 0990 0D       		.byte	0xd
 1306 0991 5F000000 		.4byte	0x5f
 1307 0995 0A       		.byte	0xa
 1308 0996 07       		.uleb128 0x7
 1309 0997 92060000 		.4byte	.LASF137
 1310 099b 0E       		.byte	0xe
 1311 099c 3C       		.byte	0x3c
ARM GAS  /tmp/ccPfzu4L.s 			page 24


 1312 099d 0D       		.byte	0xd
 1313 099e 5F000000 		.4byte	0x5f
 1314 09a2 0B       		.byte	0xb
 1315 09a3 07       		.uleb128 0x7
 1316 09a4 35070000 		.4byte	.LASF138
 1317 09a8 0E       		.byte	0xe
 1318 09a9 3D       		.byte	0x3d
 1319 09aa 0D       		.byte	0xd
 1320 09ab 5F000000 		.4byte	0x5f
 1321 09af 0C       		.byte	0xc
 1322 09b0 07       		.uleb128 0x7
 1323 09b1 64060000 		.4byte	.LASF139
 1324 09b5 0E       		.byte	0xe
 1325 09b6 3E       		.byte	0x3e
 1326 09b7 0D       		.byte	0xd
 1327 09b8 5F000000 		.4byte	0x5f
 1328 09bc 0D       		.byte	0xd
 1329 09bd 07       		.uleb128 0x7
 1330 09be 00000000 		.4byte	.LASF140
 1331 09c2 0E       		.byte	0xe
 1332 09c3 3F       		.byte	0x3f
 1333 09c4 0D       		.byte	0xd
 1334 09c5 5F000000 		.4byte	0x5f
 1335 09c9 0E       		.byte	0xe
 1336 09ca 07       		.uleb128 0x7
 1337 09cb E6030000 		.4byte	.LASF141
 1338 09cf 0E       		.byte	0xe
 1339 09d0 40       		.byte	0x40
 1340 09d1 0D       		.byte	0xd
 1341 09d2 5F000000 		.4byte	0x5f
 1342 09d6 0F       		.byte	0xf
 1343 09d7 07       		.uleb128 0x7
 1344 09d8 2F010000 		.4byte	.LASF142
 1345 09dc 0E       		.byte	0xe
 1346 09dd 41       		.byte	0x41
 1347 09de 0D       		.byte	0xd
 1348 09df 5F000000 		.4byte	0x5f
 1349 09e3 10       		.byte	0x10
 1350 09e4 07       		.uleb128 0x7
 1351 09e5 08010000 		.4byte	.LASF143
 1352 09e9 0E       		.byte	0xe
 1353 09ea 43       		.byte	0x43
 1354 09eb 0D       		.byte	0xd
 1355 09ec 5F000000 		.4byte	0x5f
 1356 09f0 11       		.byte	0x11
 1357 09f1 07       		.uleb128 0x7
 1358 09f2 3F010000 		.4byte	.LASF144
 1359 09f6 0E       		.byte	0xe
 1360 09f7 44       		.byte	0x44
 1361 09f8 0D       		.byte	0xd
 1362 09f9 5F000000 		.4byte	0x5f
 1363 09fd 12       		.byte	0x12
 1364 09fe 07       		.uleb128 0x7
 1365 09ff 83030000 		.4byte	.LASF145
 1366 0a03 0E       		.byte	0xe
 1367 0a04 45       		.byte	0x45
 1368 0a05 0D       		.byte	0xd
ARM GAS  /tmp/ccPfzu4L.s 			page 25


 1369 0a06 5F000000 		.4byte	0x5f
 1370 0a0a 13       		.byte	0x13
 1371 0a0b 07       		.uleb128 0x7
 1372 0a0c 24060000 		.4byte	.LASF146
 1373 0a10 0E       		.byte	0xe
 1374 0a11 46       		.byte	0x46
 1375 0a12 0D       		.byte	0xd
 1376 0a13 5F000000 		.4byte	0x5f
 1377 0a17 14       		.byte	0x14
 1378 0a18 07       		.uleb128 0x7
 1379 0a19 30030000 		.4byte	.LASF147
 1380 0a1d 0E       		.byte	0xe
 1381 0a1e 48       		.byte	0x48
 1382 0a1f 0D       		.byte	0xd
 1383 0a20 5F000000 		.4byte	0x5f
 1384 0a24 15       		.byte	0x15
 1385 0a25 00       		.byte	0
 1386 0a26 17       		.uleb128 0x17
 1387 0a27 FE080000 		.4byte	0x8fe
 1388 0a2b 360A0000 		.4byte	0xa36
 1389 0a2f 18       		.uleb128 0x18
 1390 0a30 24000000 		.4byte	0x24
 1391 0a34 03       		.byte	0x3
 1392 0a35 00       		.byte	0
 1393 0a36 04       		.uleb128 0x4
 1394 0a37 8F010000 		.4byte	.LASF148
 1395 0a3b 0E       		.byte	0xe
 1396 0a3c 49       		.byte	0x49
 1397 0a3d 03       		.byte	0x3
 1398 0a3e 32090000 		.4byte	0x932
 1399 0a42 1B       		.uleb128 0x1b
 1400 0a43 360A0000 		.4byte	0xa36
 1401 0a47 13       		.uleb128 0x13
 1402 0a48 89020000 		.4byte	.LASF149
 1403 0a4c 0E       		.byte	0xe
 1404 0a4d 6E       		.byte	0x6e
 1405 0a4e 1D       		.byte	0x1d
 1406 0a4f 420A0000 		.4byte	0xa42
 1407 0a53 04       		.uleb128 0x4
 1408 0a54 08020000 		.4byte	.LASF150
 1409 0a58 0D       		.byte	0xd
 1410 0a59 34       		.byte	0x34
 1411 0a5a 19       		.byte	0x19
 1412 0a5b AB080000 		.4byte	0x8ab
 1413 0a5f 0A       		.uleb128 0xa
 1414 0a60 04       		.byte	0x4
 1415 0a61 530A0000 		.4byte	0xa53
 1416 0a65 00       		.byte	0
 1417              		.section	.debug_abbrev,"",%progbits
 1418              	.Ldebug_abbrev0:
 1419 0000 01       		.uleb128 0x1
 1420 0001 11       		.uleb128 0x11
 1421 0002 01       		.byte	0x1
 1422 0003 25       		.uleb128 0x25
 1423 0004 0E       		.uleb128 0xe
 1424 0005 13       		.uleb128 0x13
 1425 0006 0B       		.uleb128 0xb
ARM GAS  /tmp/ccPfzu4L.s 			page 26


 1426 0007 03       		.uleb128 0x3
 1427 0008 0E       		.uleb128 0xe
 1428 0009 1B       		.uleb128 0x1b
 1429 000a 0E       		.uleb128 0xe
 1430 000b 10       		.uleb128 0x10
 1431 000c 17       		.uleb128 0x17
 1432 000d 00       		.byte	0
 1433 000e 00       		.byte	0
 1434 000f 02       		.uleb128 0x2
 1435 0010 24       		.uleb128 0x24
 1436 0011 00       		.byte	0
 1437 0012 0B       		.uleb128 0xb
 1438 0013 0B       		.uleb128 0xb
 1439 0014 3E       		.uleb128 0x3e
 1440 0015 0B       		.uleb128 0xb
 1441 0016 03       		.uleb128 0x3
 1442 0017 08       		.uleb128 0x8
 1443 0018 00       		.byte	0
 1444 0019 00       		.byte	0
 1445 001a 03       		.uleb128 0x3
 1446 001b 24       		.uleb128 0x24
 1447 001c 00       		.byte	0
 1448 001d 0B       		.uleb128 0xb
 1449 001e 0B       		.uleb128 0xb
 1450 001f 3E       		.uleb128 0x3e
 1451 0020 0B       		.uleb128 0xb
 1452 0021 03       		.uleb128 0x3
 1453 0022 0E       		.uleb128 0xe
 1454 0023 00       		.byte	0
 1455 0024 00       		.byte	0
 1456 0025 04       		.uleb128 0x4
 1457 0026 16       		.uleb128 0x16
 1458 0027 00       		.byte	0
 1459 0028 03       		.uleb128 0x3
 1460 0029 0E       		.uleb128 0xe
 1461 002a 3A       		.uleb128 0x3a
 1462 002b 0B       		.uleb128 0xb
 1463 002c 3B       		.uleb128 0x3b
 1464 002d 0B       		.uleb128 0xb
 1465 002e 39       		.uleb128 0x39
 1466 002f 0B       		.uleb128 0xb
 1467 0030 49       		.uleb128 0x49
 1468 0031 13       		.uleb128 0x13
 1469 0032 00       		.byte	0
 1470 0033 00       		.byte	0
 1471 0034 05       		.uleb128 0x5
 1472 0035 35       		.uleb128 0x35
 1473 0036 00       		.byte	0
 1474 0037 49       		.uleb128 0x49
 1475 0038 13       		.uleb128 0x13
 1476 0039 00       		.byte	0
 1477 003a 00       		.byte	0
 1478 003b 06       		.uleb128 0x6
 1479 003c 13       		.uleb128 0x13
 1480 003d 01       		.byte	0x1
 1481 003e 03       		.uleb128 0x3
 1482 003f 0E       		.uleb128 0xe
ARM GAS  /tmp/ccPfzu4L.s 			page 27


 1483 0040 0B       		.uleb128 0xb
 1484 0041 0B       		.uleb128 0xb
 1485 0042 3A       		.uleb128 0x3a
 1486 0043 0B       		.uleb128 0xb
 1487 0044 3B       		.uleb128 0x3b
 1488 0045 0B       		.uleb128 0xb
 1489 0046 39       		.uleb128 0x39
 1490 0047 0B       		.uleb128 0xb
 1491 0048 01       		.uleb128 0x1
 1492 0049 13       		.uleb128 0x13
 1493 004a 00       		.byte	0
 1494 004b 00       		.byte	0
 1495 004c 07       		.uleb128 0x7
 1496 004d 0D       		.uleb128 0xd
 1497 004e 00       		.byte	0
 1498 004f 03       		.uleb128 0x3
 1499 0050 0E       		.uleb128 0xe
 1500 0051 3A       		.uleb128 0x3a
 1501 0052 0B       		.uleb128 0xb
 1502 0053 3B       		.uleb128 0x3b
 1503 0054 0B       		.uleb128 0xb
 1504 0055 39       		.uleb128 0x39
 1505 0056 0B       		.uleb128 0xb
 1506 0057 49       		.uleb128 0x49
 1507 0058 13       		.uleb128 0x13
 1508 0059 38       		.uleb128 0x38
 1509 005a 0B       		.uleb128 0xb
 1510 005b 00       		.byte	0
 1511 005c 00       		.byte	0
 1512 005d 08       		.uleb128 0x8
 1513 005e 0D       		.uleb128 0xd
 1514 005f 00       		.byte	0
 1515 0060 03       		.uleb128 0x3
 1516 0061 08       		.uleb128 0x8
 1517 0062 3A       		.uleb128 0x3a
 1518 0063 0B       		.uleb128 0xb
 1519 0064 3B       		.uleb128 0x3b
 1520 0065 05       		.uleb128 0x5
 1521 0066 39       		.uleb128 0x39
 1522 0067 0B       		.uleb128 0xb
 1523 0068 49       		.uleb128 0x49
 1524 0069 13       		.uleb128 0x13
 1525 006a 38       		.uleb128 0x38
 1526 006b 0B       		.uleb128 0xb
 1527 006c 00       		.byte	0
 1528 006d 00       		.byte	0
 1529 006e 09       		.uleb128 0x9
 1530 006f 0D       		.uleb128 0xd
 1531 0070 00       		.byte	0
 1532 0071 03       		.uleb128 0x3
 1533 0072 0E       		.uleb128 0xe
 1534 0073 3A       		.uleb128 0x3a
 1535 0074 0B       		.uleb128 0xb
 1536 0075 3B       		.uleb128 0x3b
 1537 0076 05       		.uleb128 0x5
 1538 0077 39       		.uleb128 0x39
 1539 0078 0B       		.uleb128 0xb
ARM GAS  /tmp/ccPfzu4L.s 			page 28


 1540 0079 49       		.uleb128 0x49
 1541 007a 13       		.uleb128 0x13
 1542 007b 38       		.uleb128 0x38
 1543 007c 0B       		.uleb128 0xb
 1544 007d 00       		.byte	0
 1545 007e 00       		.byte	0
 1546 007f 0A       		.uleb128 0xa
 1547 0080 0F       		.uleb128 0xf
 1548 0081 00       		.byte	0
 1549 0082 0B       		.uleb128 0xb
 1550 0083 0B       		.uleb128 0xb
 1551 0084 49       		.uleb128 0x49
 1552 0085 13       		.uleb128 0x13
 1553 0086 00       		.byte	0
 1554 0087 00       		.byte	0
 1555 0088 0B       		.uleb128 0xb
 1556 0089 13       		.uleb128 0x13
 1557 008a 01       		.byte	0x1
 1558 008b 03       		.uleb128 0x3
 1559 008c 0E       		.uleb128 0xe
 1560 008d 0B       		.uleb128 0xb
 1561 008e 0B       		.uleb128 0xb
 1562 008f 3A       		.uleb128 0x3a
 1563 0090 0B       		.uleb128 0xb
 1564 0091 3B       		.uleb128 0x3b
 1565 0092 05       		.uleb128 0x5
 1566 0093 39       		.uleb128 0x39
 1567 0094 0B       		.uleb128 0xb
 1568 0095 01       		.uleb128 0x1
 1569 0096 13       		.uleb128 0x13
 1570 0097 00       		.byte	0
 1571 0098 00       		.byte	0
 1572 0099 0C       		.uleb128 0xc
 1573 009a 15       		.uleb128 0x15
 1574 009b 01       		.byte	0x1
 1575 009c 27       		.uleb128 0x27
 1576 009d 19       		.uleb128 0x19
 1577 009e 01       		.uleb128 0x1
 1578 009f 13       		.uleb128 0x13
 1579 00a0 00       		.byte	0
 1580 00a1 00       		.byte	0
 1581 00a2 0D       		.uleb128 0xd
 1582 00a3 05       		.uleb128 0x5
 1583 00a4 00       		.byte	0
 1584 00a5 49       		.uleb128 0x49
 1585 00a6 13       		.uleb128 0x13
 1586 00a7 00       		.byte	0
 1587 00a8 00       		.byte	0
 1588 00a9 0E       		.uleb128 0xe
 1589 00aa 0F       		.uleb128 0xf
 1590 00ab 00       		.byte	0
 1591 00ac 0B       		.uleb128 0xb
 1592 00ad 0B       		.uleb128 0xb
 1593 00ae 00       		.byte	0
 1594 00af 00       		.byte	0
 1595 00b0 0F       		.uleb128 0xf
 1596 00b1 13       		.uleb128 0x13
ARM GAS  /tmp/ccPfzu4L.s 			page 29


 1597 00b2 01       		.byte	0x1
 1598 00b3 03       		.uleb128 0x3
 1599 00b4 0E       		.uleb128 0xe
 1600 00b5 0B       		.uleb128 0xb
 1601 00b6 05       		.uleb128 0x5
 1602 00b7 3A       		.uleb128 0x3a
 1603 00b8 0B       		.uleb128 0xb
 1604 00b9 3B       		.uleb128 0x3b
 1605 00ba 05       		.uleb128 0x5
 1606 00bb 39       		.uleb128 0x39
 1607 00bc 0B       		.uleb128 0xb
 1608 00bd 01       		.uleb128 0x1
 1609 00be 13       		.uleb128 0x13
 1610 00bf 00       		.byte	0
 1611 00c0 00       		.byte	0
 1612 00c1 10       		.uleb128 0x10
 1613 00c2 0D       		.uleb128 0xd
 1614 00c3 00       		.byte	0
 1615 00c4 03       		.uleb128 0x3
 1616 00c5 0E       		.uleb128 0xe
 1617 00c6 3A       		.uleb128 0x3a
 1618 00c7 0B       		.uleb128 0xb
 1619 00c8 3B       		.uleb128 0x3b
 1620 00c9 05       		.uleb128 0x5
 1621 00ca 39       		.uleb128 0x39
 1622 00cb 0B       		.uleb128 0xb
 1623 00cc 49       		.uleb128 0x49
 1624 00cd 13       		.uleb128 0x13
 1625 00ce 38       		.uleb128 0x38
 1626 00cf 05       		.uleb128 0x5
 1627 00d0 00       		.byte	0
 1628 00d1 00       		.byte	0
 1629 00d2 11       		.uleb128 0x11
 1630 00d3 0D       		.uleb128 0xd
 1631 00d4 00       		.byte	0
 1632 00d5 03       		.uleb128 0x3
 1633 00d6 08       		.uleb128 0x8
 1634 00d7 3A       		.uleb128 0x3a
 1635 00d8 0B       		.uleb128 0xb
 1636 00d9 3B       		.uleb128 0x3b
 1637 00da 05       		.uleb128 0x5
 1638 00db 39       		.uleb128 0x39
 1639 00dc 0B       		.uleb128 0xb
 1640 00dd 49       		.uleb128 0x49
 1641 00de 13       		.uleb128 0x13
 1642 00df 38       		.uleb128 0x38
 1643 00e0 05       		.uleb128 0x5
 1644 00e1 00       		.byte	0
 1645 00e2 00       		.byte	0
 1646 00e3 12       		.uleb128 0x12
 1647 00e4 34       		.uleb128 0x34
 1648 00e5 00       		.byte	0
 1649 00e6 03       		.uleb128 0x3
 1650 00e7 0E       		.uleb128 0xe
 1651 00e8 3A       		.uleb128 0x3a
 1652 00e9 0B       		.uleb128 0xb
 1653 00ea 3B       		.uleb128 0x3b
ARM GAS  /tmp/ccPfzu4L.s 			page 30


 1654 00eb 05       		.uleb128 0x5
 1655 00ec 39       		.uleb128 0x39
 1656 00ed 0B       		.uleb128 0xb
 1657 00ee 49       		.uleb128 0x49
 1658 00ef 13       		.uleb128 0x13
 1659 00f0 3F       		.uleb128 0x3f
 1660 00f1 19       		.uleb128 0x19
 1661 00f2 3C       		.uleb128 0x3c
 1662 00f3 19       		.uleb128 0x19
 1663 00f4 00       		.byte	0
 1664 00f5 00       		.byte	0
 1665 00f6 13       		.uleb128 0x13
 1666 00f7 34       		.uleb128 0x34
 1667 00f8 00       		.byte	0
 1668 00f9 03       		.uleb128 0x3
 1669 00fa 0E       		.uleb128 0xe
 1670 00fb 3A       		.uleb128 0x3a
 1671 00fc 0B       		.uleb128 0xb
 1672 00fd 3B       		.uleb128 0x3b
 1673 00fe 0B       		.uleb128 0xb
 1674 00ff 39       		.uleb128 0x39
 1675 0100 0B       		.uleb128 0xb
 1676 0101 49       		.uleb128 0x49
 1677 0102 13       		.uleb128 0x13
 1678 0103 3F       		.uleb128 0x3f
 1679 0104 19       		.uleb128 0x19
 1680 0105 3C       		.uleb128 0x3c
 1681 0106 19       		.uleb128 0x19
 1682 0107 00       		.byte	0
 1683 0108 00       		.byte	0
 1684 0109 14       		.uleb128 0x14
 1685 010a 0D       		.uleb128 0xd
 1686 010b 00       		.byte	0
 1687 010c 03       		.uleb128 0x3
 1688 010d 08       		.uleb128 0x8
 1689 010e 3A       		.uleb128 0x3a
 1690 010f 0B       		.uleb128 0xb
 1691 0110 3B       		.uleb128 0x3b
 1692 0111 0B       		.uleb128 0xb
 1693 0112 39       		.uleb128 0x39
 1694 0113 0B       		.uleb128 0xb
 1695 0114 49       		.uleb128 0x49
 1696 0115 13       		.uleb128 0x13
 1697 0116 38       		.uleb128 0x38
 1698 0117 0B       		.uleb128 0xb
 1699 0118 00       		.byte	0
 1700 0119 00       		.byte	0
 1701 011a 15       		.uleb128 0x15
 1702 011b 13       		.uleb128 0x13
 1703 011c 01       		.byte	0x1
 1704 011d 0B       		.uleb128 0xb
 1705 011e 0B       		.uleb128 0xb
 1706 011f 3A       		.uleb128 0x3a
 1707 0120 0B       		.uleb128 0xb
 1708 0121 3B       		.uleb128 0x3b
 1709 0122 0B       		.uleb128 0xb
 1710 0123 39       		.uleb128 0x39
ARM GAS  /tmp/ccPfzu4L.s 			page 31


 1711 0124 0B       		.uleb128 0xb
 1712 0125 01       		.uleb128 0x1
 1713 0126 13       		.uleb128 0x13
 1714 0127 00       		.byte	0
 1715 0128 00       		.byte	0
 1716 0129 16       		.uleb128 0x16
 1717 012a 13       		.uleb128 0x13
 1718 012b 01       		.byte	0x1
 1719 012c 0B       		.uleb128 0xb
 1720 012d 05       		.uleb128 0x5
 1721 012e 3A       		.uleb128 0x3a
 1722 012f 0B       		.uleb128 0xb
 1723 0130 3B       		.uleb128 0x3b
 1724 0131 0B       		.uleb128 0xb
 1725 0132 39       		.uleb128 0x39
 1726 0133 0B       		.uleb128 0xb
 1727 0134 01       		.uleb128 0x1
 1728 0135 13       		.uleb128 0x13
 1729 0136 00       		.byte	0
 1730 0137 00       		.byte	0
 1731 0138 17       		.uleb128 0x17
 1732 0139 01       		.uleb128 0x1
 1733 013a 01       		.byte	0x1
 1734 013b 49       		.uleb128 0x49
 1735 013c 13       		.uleb128 0x13
 1736 013d 01       		.uleb128 0x1
 1737 013e 13       		.uleb128 0x13
 1738 013f 00       		.byte	0
 1739 0140 00       		.byte	0
 1740 0141 18       		.uleb128 0x18
 1741 0142 21       		.uleb128 0x21
 1742 0143 00       		.byte	0
 1743 0144 49       		.uleb128 0x49
 1744 0145 13       		.uleb128 0x13
 1745 0146 2F       		.uleb128 0x2f
 1746 0147 0B       		.uleb128 0xb
 1747 0148 00       		.byte	0
 1748 0149 00       		.byte	0
 1749 014a 19       		.uleb128 0x19
 1750 014b 17       		.uleb128 0x17
 1751 014c 01       		.byte	0x1
 1752 014d 0B       		.uleb128 0xb
 1753 014e 0B       		.uleb128 0xb
 1754 014f 3A       		.uleb128 0x3a
 1755 0150 0B       		.uleb128 0xb
 1756 0151 3B       		.uleb128 0x3b
 1757 0152 0B       		.uleb128 0xb
 1758 0153 39       		.uleb128 0x39
 1759 0154 0B       		.uleb128 0xb
 1760 0155 01       		.uleb128 0x1
 1761 0156 13       		.uleb128 0x13
 1762 0157 00       		.byte	0
 1763 0158 00       		.byte	0
 1764 0159 1A       		.uleb128 0x1a
 1765 015a 0D       		.uleb128 0xd
 1766 015b 00       		.byte	0
 1767 015c 03       		.uleb128 0x3
ARM GAS  /tmp/ccPfzu4L.s 			page 32


 1768 015d 0E       		.uleb128 0xe
 1769 015e 3A       		.uleb128 0x3a
 1770 015f 0B       		.uleb128 0xb
 1771 0160 3B       		.uleb128 0x3b
 1772 0161 05       		.uleb128 0x5
 1773 0162 39       		.uleb128 0x39
 1774 0163 0B       		.uleb128 0xb
 1775 0164 49       		.uleb128 0x49
 1776 0165 13       		.uleb128 0x13
 1777 0166 00       		.byte	0
 1778 0167 00       		.byte	0
 1779 0168 1B       		.uleb128 0x1b
 1780 0169 26       		.uleb128 0x26
 1781 016a 00       		.byte	0
 1782 016b 49       		.uleb128 0x49
 1783 016c 13       		.uleb128 0x13
 1784 016d 00       		.byte	0
 1785 016e 00       		.byte	0
 1786 016f 1C       		.uleb128 0x1c
 1787 0170 34       		.uleb128 0x34
 1788 0171 00       		.byte	0
 1789 0172 03       		.uleb128 0x3
 1790 0173 08       		.uleb128 0x8
 1791 0174 3A       		.uleb128 0x3a
 1792 0175 0B       		.uleb128 0xb
 1793 0176 3B       		.uleb128 0x3b
 1794 0177 05       		.uleb128 0x5
 1795 0178 39       		.uleb128 0x39
 1796 0179 0B       		.uleb128 0xb
 1797 017a 49       		.uleb128 0x49
 1798 017b 13       		.uleb128 0x13
 1799 017c 3F       		.uleb128 0x3f
 1800 017d 19       		.uleb128 0x19
 1801 017e 3C       		.uleb128 0x3c
 1802 017f 19       		.uleb128 0x19
 1803 0180 00       		.byte	0
 1804 0181 00       		.byte	0
 1805 0182 00       		.byte	0
 1806              		.section	.debug_aranges,"",%progbits
 1807 0000 14000000 		.4byte	0x14
 1808 0004 0200     		.2byte	0x2
 1809 0006 00000000 		.4byte	.Ldebug_info0
 1810 000a 04       		.byte	0x4
 1811 000b 00       		.byte	0
 1812 000c 0000     		.2byte	0
 1813 000e 0000     		.2byte	0
 1814 0010 00000000 		.4byte	0
 1815 0014 00000000 		.4byte	0
 1816              		.section	.debug_line,"",%progbits
 1817              	.Ldebug_line0:
 1818 0000 A4010000 		.section	.debug_str,"MS",%progbits,1
 1818      03009E01 
 1818      00000201 
 1818      FB0E0D00 
 1818      01010101 
 1819              	.LASF140:
 1820 0000 63665F6F 		.ascii	"cf_off_older\000"
ARM GAS  /tmp/ccPfzu4L.s 			page 33


 1820      66665F6F 
 1820      6C646572 
 1820      00
 1821              	.LASF55:
 1822 000d 72656164 		.ascii	"ready_list_t\000"
 1822      795F6C69 
 1822      73745F74 
 1822      00
 1823              	.LASF93:
 1824 001a 73655F74 		.ascii	"se_time\000"
 1824      696D6500 
 1825              	.LASF117:
 1826 0022 77747472 		.ascii	"wttrp\000"
 1826      7000
 1827              	.LASF114:
 1828 0028 7264796D 		.ascii	"rdymsg\000"
 1828      736700
 1829              	.LASF13:
 1830 002f 75696E74 		.ascii	"uint64_t\000"
 1830      36345F74 
 1830      00
 1831              	.LASF85:
 1832 0038 6B65726E 		.ascii	"kernel_stats\000"
 1832      656C5F73 
 1832      74617473 
 1832      00
 1833              	.LASF92:
 1834 0045 706F7274 		.ascii	"port_intctx\000"
 1834      5F696E74 
 1834      63747800 
 1835              	.LASF54:
 1836 0051 63685F74 		.ascii	"ch_threads_queue\000"
 1836      68726561 
 1836      64735F71 
 1836      75657565 
 1836      00
 1837              	.LASF74:
 1838 0062 73797374 		.ascii	"system_debug_t\000"
 1838      656D5F64 
 1838      65627567 
 1838      5F7400
 1839              	.LASF105:
 1840 0071 776F7273 		.ascii	"worst\000"
 1840      7400
 1841              	.LASF108:
 1842 0077 74696D65 		.ascii	"time_measurement_t\000"
 1842      5F6D6561 
 1842      73757265 
 1842      6D656E74 
 1842      5F7400
 1843              	.LASF14:
 1844 008a 6C6F6E67 		.ascii	"long long unsigned int\000"
 1844      206C6F6E 
 1844      6720756E 
 1844      7369676E 
 1844      65642069 
 1845              	.LASF101:
ARM GAS  /tmp/ccPfzu4L.s 			page 34


 1846 00a1 63685F74 		.ascii	"ch_trace_buffer_t\000"
 1846      72616365 
 1846      5F627566 
 1846      6665725F 
 1846      7400
 1847              	.LASF136:
 1848 00b3 63685F74 		.ascii	"ch_threadsize\000"
 1848      68726561 
 1848      6473697A 
 1848      6500
 1849              	.LASF115:
 1850 00c1 65786974 		.ascii	"exitcode\000"
 1850      636F6465 
 1850      00
 1851              	.LASF84:
 1852 00ca 6D61696E 		.ascii	"mainthread\000"
 1852      74687265 
 1852      616400
 1853              	.LASF71:
 1854 00d5 76697274 		.ascii	"virtual_timers_list_t\000"
 1854      75616C5F 
 1854      74696D65 
 1854      72735F6C 
 1854      6973745F 
 1855              	.LASF87:
 1856 00eb 49544D5F 		.ascii	"ITM_RxBuffer\000"
 1856      52784275 
 1856      66666572 
 1856      00
 1857              	.LASF16:
 1858 00f8 72747469 		.ascii	"rttime_t\000"
 1858      6D655F74 
 1858      00
 1859              	.LASF30:
 1860 0101 705F7072 		.ascii	"p_prio\000"
 1860      696F00
 1861              	.LASF143:
 1862 0108 63665F6F 		.ascii	"cf_off_state\000"
 1862      66665F73 
 1862      74617465 
 1862      00
 1863              	.LASF1:
 1864 0115 6C6F6E67 		.ascii	"long long int\000"
 1864      206C6F6E 
 1864      6720696E 
 1864      7400
 1865              	.LASF3:
 1866 0123 7369676E 		.ascii	"signed char\000"
 1866      65642063 
 1866      68617200 
 1867              	.LASF142:
 1868 012f 63665F6F 		.ascii	"cf_off_stklimit\000"
 1868      66665F73 
 1868      746B6C69 
 1868      6D697400 
 1869              	.LASF144:
 1870 013f 63665F6F 		.ascii	"cf_off_flags\000"
ARM GAS  /tmp/ccPfzu4L.s 			page 35


 1870      66665F66 
 1870      6C616773 
 1870      00
 1871              	.LASF47:
 1872 014c 705F6D70 		.ascii	"p_mpool\000"
 1872      6F6F6C00 
 1873              	.LASF125:
 1874 0154 6D5F7175 		.ascii	"m_queue\000"
 1874      65756500 
 1875              	.LASF83:
 1876 015c 76746C69 		.ascii	"vtlist\000"
 1876      737400
 1877              	.LASF20:
 1878 0163 74736C69 		.ascii	"tslices_t\000"
 1878      6365735F 
 1878      7400
 1879              	.LASF81:
 1880 016d 63685F73 		.ascii	"ch_system\000"
 1880      79737465 
 1880      6D00
 1881              	.LASF5:
 1882 0177 6C6F6E67 		.ascii	"long int\000"
 1882      20696E74 
 1882      00
 1883              	.LASF18:
 1884 0180 74737461 		.ascii	"tstate_t\000"
 1884      74655F74 
 1884      00
 1885              	.LASF94:
 1886 0189 73655F74 		.ascii	"se_tp\000"
 1886      7000
 1887              	.LASF148:
 1888 018f 63686465 		.ascii	"chdebug_t\000"
 1888      6275675F 
 1888      7400
 1889              	.LASF32:
 1890 0199 705F6E65 		.ascii	"p_newer\000"
 1890      77657200 
 1891              	.LASF122:
 1892 01a1 735F7175 		.ascii	"s_queue\000"
 1892      65756500 
 1893              	.LASF152:
 1894 01a9 2E2F2F43 		.ascii	".//ChibiOS//os/rt/ports/ARMCMx/chcore.c\000"
 1894      68696269 
 1894      4F532F2F 
 1894      6F732F72 
 1894      742F706F 
 1895              	.LASF98:
 1896 01d1 74625F73 		.ascii	"tb_size\000"
 1896      697A6500 
 1897              	.LASF60:
 1898 01d9 725F6E65 		.ascii	"r_newer\000"
 1898      77657200 
 1899              	.LASF89:
 1900 01e1 72656761 		.ascii	"regarm_t\000"
 1900      726D5F74 
 1900      00
ARM GAS  /tmp/ccPfzu4L.s 			page 36


 1901              	.LASF67:
 1902 01ea 76745F70 		.ascii	"vt_prev\000"
 1902      72657600 
 1903              	.LASF75:
 1904 01f2 63685F73 		.ascii	"ch_system_debug\000"
 1904      79737465 
 1904      6D5F6465 
 1904      62756700 
 1905              	.LASF128:
 1906 0202 6D5F636E 		.ascii	"m_cnt\000"
 1906      7400
 1907              	.LASF150:
 1908 0208 6D757465 		.ascii	"mutex_t\000"
 1908      785F7400 
 1909              	.LASF78:
 1910 0210 6C6F636B 		.ascii	"lock_cnt\000"
 1910      5F636E74 
 1910      00
 1911              	.LASF86:
 1912 0219 69646C65 		.ascii	"idle_thread_wa\000"
 1912      5F746872 
 1912      6561645F 
 1912      776100
 1913              	.LASF24:
 1914 0228 636E745F 		.ascii	"cnt_t\000"
 1914      7400
 1915              	.LASF35:
 1916 022e 705F7374 		.ascii	"p_stklimit\000"
 1916      6B6C696D 
 1916      697400
 1917              	.LASF0:
 1918 0239 756E7369 		.ascii	"unsigned int\000"
 1918      676E6564 
 1918      20696E74 
 1918      00
 1919              	.LASF66:
 1920 0246 76745F6E 		.ascii	"vt_next\000"
 1920      65787400 
 1921              	.LASF9:
 1922 024e 75696E74 		.ascii	"uint16_t\000"
 1922      31365F74 
 1922      00
 1923              	.LASF88:
 1924 0257 53797374 		.ascii	"SystemCoreClock\000"
 1924      656D436F 
 1924      7265436C 
 1924      6F636B00 
 1925              	.LASF40:
 1926 0267 705F7469 		.ascii	"p_time\000"
 1926      6D6500
 1927              	.LASF118:
 1928 026e 77747365 		.ascii	"wtsemp\000"
 1928      6D7000
 1929              	.LASF68:
 1930 0275 76745F64 		.ascii	"vt_delta\000"
 1930      656C7461 
 1930      00
ARM GAS  /tmp/ccPfzu4L.s 			page 37


 1931              	.LASF42:
 1932 027e 705F6D73 		.ascii	"p_msgqueue\000"
 1932      67717565 
 1932      756500
 1933              	.LASF149:
 1934 0289 63685F64 		.ascii	"ch_debug\000"
 1934      65627567 
 1934      00
 1935              	.LASF109:
 1936 0292 6E5F6972 		.ascii	"n_irq\000"
 1936      7100
 1937              	.LASF153:
 1938 0298 2F686F6D 		.ascii	"/home/olof/Documents/MICRO-315/micro-315/tp4/lib/e-"
 1938      652F6F6C 
 1938      6F662F44 
 1938      6F63756D 
 1938      656E7473 
 1939 02cb 7075636B 		.ascii	"puck2_main-processor\000"
 1939      325F6D61 
 1939      696E2D70 
 1939      726F6365 
 1939      73736F72 
 1940              	.LASF123:
 1941 02e0 735F636E 		.ascii	"s_cnt\000"
 1941      7400
 1942              	.LASF10:
 1943 02e6 73686F72 		.ascii	"short unsigned int\000"
 1943      7420756E 
 1943      7369676E 
 1943      65642069 
 1943      6E7400
 1944              	.LASF113:
 1945 02f9 6B65726E 		.ascii	"kernel_stats_t\000"
 1945      656C5F73 
 1945      74617473 
 1945      5F7400
 1946              	.LASF51:
 1947 0308 63685F74 		.ascii	"ch_thread\000"
 1947      68726561 
 1947      6400
 1948              	.LASF22:
 1949 0312 6D73675F 		.ascii	"msg_t\000"
 1949      7400
 1950              	.LASF106:
 1951 0318 6C617374 		.ascii	"last\000"
 1951      00
 1952              	.LASF25:
 1953 031d 75636E74 		.ascii	"ucnt_t\000"
 1953      5F7400
 1954              	.LASF80:
 1955 0324 63685F73 		.ascii	"ch_system_t\000"
 1955      79737465 
 1955      6D5F7400 
 1956              	.LASF147:
 1957 0330 63665F6F 		.ascii	"cf_off_time\000"
 1957      66665F74 
 1957      696D6500 
ARM GAS  /tmp/ccPfzu4L.s 			page 38


 1958              	.LASF112:
 1959 033c 6D5F6372 		.ascii	"m_crit_isr\000"
 1959      69745F69 
 1959      737200
 1960              	.LASF56:
 1961 0347 63685F72 		.ascii	"ch_ready_list\000"
 1961      65616479 
 1961      5F6C6973 
 1961      7400
 1962              	.LASF23:
 1963 0355 6576656E 		.ascii	"eventmask_t\000"
 1963      746D6173 
 1963      6B5F7400 
 1964              	.LASF90:
 1965 0361 73746B61 		.ascii	"stkalign_t\000"
 1965      6C69676E 
 1965      5F7400
 1966              	.LASF50:
 1967 036c 74687265 		.ascii	"threads_list_t\000"
 1967      6164735F 
 1967      6C697374 
 1967      5F7400
 1968              	.LASF131:
 1969 037b 63685F7A 		.ascii	"ch_zero\000"
 1969      65726F00 
 1970              	.LASF145:
 1971 0383 63665F6F 		.ascii	"cf_off_refs\000"
 1971      66665F72 
 1971      65667300 
 1972              	.LASF41:
 1973 038f 705F7761 		.ascii	"p_waiting\000"
 1973      6974696E 
 1973      6700
 1974              	.LASF15:
 1975 0399 7274636E 		.ascii	"rtcnt_t\000"
 1975      745F7400 
 1976              	.LASF72:
 1977 03a1 63685F76 		.ascii	"ch_virtual_timers_list\000"
 1977      69727475 
 1977      616C5F74 
 1977      696D6572 
 1977      735F6C69 
 1978              	.LASF2:
 1979 03b8 6C6F6E67 		.ascii	"long double\000"
 1979      20646F75 
 1979      626C6500 
 1980              	.LASF135:
 1981 03c4 63685F74 		.ascii	"ch_timesize\000"
 1981      696D6573 
 1981      697A6500 
 1982              	.LASF99:
 1983 03d0 74625F70 		.ascii	"tb_ptr\000"
 1983      747200
 1984              	.LASF97:
 1985 03d7 63685F73 		.ascii	"ch_swc_event_t\000"
 1985      77635F65 
 1985      76656E74 
ARM GAS  /tmp/ccPfzu4L.s 			page 39


 1985      5F7400
 1986              	.LASF141:
 1987 03e6 63665F6F 		.ascii	"cf_off_name\000"
 1987      66665F6E 
 1987      616D6500 
 1988              	.LASF33:
 1989 03f2 705F6F6C 		.ascii	"p_older\000"
 1989      64657200 
 1990              	.LASF59:
 1991 03fa 725F6374 		.ascii	"r_ctx\000"
 1991      7800
 1992              	.LASF31:
 1993 0400 705F6374 		.ascii	"p_ctx\000"
 1993      7800
 1994              	.LASF103:
 1995 0406 746D5F63 		.ascii	"tm_calibration_t\000"
 1995      616C6962 
 1995      72617469 
 1995      6F6E5F74 
 1995      00
 1996              	.LASF151:
 1997 0417 474E5520 		.ascii	"GNU C17 9.2.1 20191025 (release) [ARM/arm-9-branch "
 1997      43313720 
 1997      392E322E 
 1997      31203230 
 1997      31393130 
 1998 044a 72657669 		.ascii	"revision 277599] -mcpu=cortex-m4 -mfloat-abi=hard -"
 1998      73696F6E 
 1998      20323737 
 1998      3539395D 
 1998      202D6D63 
 1999 047d 6D667075 		.ascii	"mfpu=fpv4-sp-d16 -mno-thumb-interwork -mthumb -marc"
 1999      3D667076 
 1999      342D7370 
 1999      2D643136 
 1999      202D6D6E 
 2000 04b0 683D6172 		.ascii	"h=armv7e-m+fp -ggdb -O2 -fomit-frame-pointer -falig"
 2000      6D763765 
 2000      2D6D2B66 
 2000      70202D67 
 2000      67646220 
 2001 04e3 6E2D6675 		.ascii	"n-functions=16 -fno-strict-aliasing -fstack-protect"
 2001      6E637469 
 2001      6F6E733D 
 2001      3136202D 
 2001      666E6F2D 
 2002 0516 6F722D61 		.ascii	"or-all -ffunction-sections -fdata-sections -fno-com"
 2002      6C6C202D 
 2002      6666756E 
 2002      6374696F 
 2002      6E2D7365 
 2003 0549 6D6F6E20 		.ascii	"mon -fsingle-precision-constant\000"
 2003      2D667369 
 2003      6E676C65 
 2003      2D707265 
 2003      63697369 
 2004              	.LASF62:
ARM GAS  /tmp/ccPfzu4L.s 			page 40


 2005 0569 725F6375 		.ascii	"r_current\000"
 2005      7272656E 
 2005      7400
 2006              	.LASF61:
 2007 0573 725F6F6C 		.ascii	"r_older\000"
 2007      64657200 
 2008              	.LASF107:
 2009 057b 63756D75 		.ascii	"cumulative\000"
 2009      6C617469 
 2009      766500
 2010              	.LASF19:
 2011 0586 74726566 		.ascii	"trefs_t\000"
 2011      735F7400 
 2012              	.LASF100:
 2013 058e 74625F62 		.ascii	"tb_buffer\000"
 2013      75666665 
 2013      7200
 2014              	.LASF134:
 2015 0598 63685F70 		.ascii	"ch_ptrsize\000"
 2015      74727369 
 2015      7A6500
 2016              	.LASF64:
 2017 05a3 76697274 		.ascii	"virtual_timer_t\000"
 2017      75616C5F 
 2017      74696D65 
 2017      725F7400 
 2018              	.LASF29:
 2019 05b3 705F7072 		.ascii	"p_prev\000"
 2019      657600
 2020              	.LASF21:
 2021 05ba 74707269 		.ascii	"tprio_t\000"
 2021      6F5F7400 
 2022              	.LASF110:
 2023 05c2 6E5F6374 		.ascii	"n_ctxswc\000"
 2023      78737763 
 2023      00
 2024              	.LASF6:
 2025 05cb 696E7433 		.ascii	"int32_t\000"
 2025      325F7400 
 2026              	.LASF8:
 2027 05d3 756E7369 		.ascii	"unsigned char\000"
 2027      676E6564 
 2027      20636861 
 2027      7200
 2028              	.LASF45:
 2029 05e1 705F6D74 		.ascii	"p_mtxlist\000"
 2029      786C6973 
 2029      7400
 2030              	.LASF4:
 2031 05eb 73686F72 		.ascii	"short int\000"
 2031      7420696E 
 2031      7400
 2032              	.LASF36:
 2033 05f5 705F7374 		.ascii	"p_state\000"
 2033      61746500 
 2034              	.LASF39:
 2035 05fd 705F7072 		.ascii	"p_preempt\000"
ARM GAS  /tmp/ccPfzu4L.s 			page 41


 2035      65656D70 
 2035      7400
 2036              	.LASF58:
 2037 0607 725F7072 		.ascii	"r_prio\000"
 2037      696F00
 2038              	.LASF120:
 2039 060e 65776D61 		.ascii	"ewmask\000"
 2039      736B00
 2040              	.LASF28:
 2041 0615 705F6E65 		.ascii	"p_next\000"
 2041      787400
 2042              	.LASF17:
 2043 061c 746D6F64 		.ascii	"tmode_t\000"
 2043      655F7400 
 2044              	.LASF146:
 2045 0624 63665F6F 		.ascii	"cf_off_preempt\000"
 2045      66665F70 
 2045      7265656D 
 2045      707400
 2046              	.LASF37:
 2047 0633 705F666C 		.ascii	"p_flags\000"
 2047      61677300 
 2048              	.LASF48:
 2049 063b 705F7374 		.ascii	"p_stats\000"
 2049      61747300 
 2050              	.LASF53:
 2051 0643 74687265 		.ascii	"threads_queue_t\000"
 2051      6164735F 
 2051      71756575 
 2051      655F7400 
 2052              	.LASF65:
 2053 0653 63685F76 		.ascii	"ch_virtual_timer\000"
 2053      69727475 
 2053      616C5F74 
 2053      696D6572 
 2053      00
 2054              	.LASF139:
 2055 0664 63665F6F 		.ascii	"cf_off_newer\000"
 2055      66665F6E 
 2055      65776572 
 2055      00
 2056              	.LASF121:
 2057 0671 63685F73 		.ascii	"ch_semaphore\000"
 2057      656D6170 
 2057      686F7265 
 2057      00
 2058              	.LASF44:
 2059 067e 705F6570 		.ascii	"p_epending\000"
 2059      656E6469 
 2059      6E6700
 2060              	.LASF11:
 2061 0689 75696E74 		.ascii	"uint32_t\000"
 2061      33325F74 
 2061      00
 2062              	.LASF137:
 2063 0692 63665F6F 		.ascii	"cf_off_prio\000"
 2063      66665F70 
ARM GAS  /tmp/ccPfzu4L.s 			page 42


 2063      72696F00 
 2064              	.LASF57:
 2065 069e 725F7175 		.ascii	"r_queue\000"
 2065      65756500 
 2066              	.LASF52:
 2067 06a6 63685F74 		.ascii	"ch_threads_list\000"
 2067      68726561 
 2067      64735F6C 
 2067      69737400 
 2068              	.LASF132:
 2069 06b6 63685F73 		.ascii	"ch_size\000"
 2069      697A6500 
 2070              	.LASF12:
 2071 06be 6C6F6E67 		.ascii	"long unsigned int\000"
 2071      20756E73 
 2071      69676E65 
 2071      6420696E 
 2071      7400
 2072              	.LASF129:
 2073 06d0 63686172 		.ascii	"char\000"
 2073      00
 2074              	.LASF119:
 2075 06d5 77746D74 		.ascii	"wtmtxp\000"
 2075      787000
 2076              	.LASF27:
 2077 06dc 74687265 		.ascii	"thread_t\000"
 2077      61645F74 
 2077      00
 2078              	.LASF104:
 2079 06e5 62657374 		.ascii	"best\000"
 2079      00
 2080              	.LASF127:
 2081 06ea 6D5F6E65 		.ascii	"m_next\000"
 2081      787400
 2082              	.LASF26:
 2083 06f1 73797374 		.ascii	"systime_t\000"
 2083      696D655F 
 2083      7400
 2084              	.LASF46:
 2085 06fb 705F7265 		.ascii	"p_realprio\000"
 2085      616C7072 
 2085      696F00
 2086              	.LASF63:
 2087 0706 76746675 		.ascii	"vtfunc_t\000"
 2087      6E635F74 
 2087      00
 2088              	.LASF76:
 2089 070f 70616E69 		.ascii	"panic_msg\000"
 2089      635F6D73 
 2089      6700
 2090              	.LASF102:
 2091 0719 6F666673 		.ascii	"offset\000"
 2091      657400
 2092              	.LASF91:
 2093 0720 636F6E74 		.ascii	"context\000"
 2093      65787400 
 2094              	.LASF43:
ARM GAS  /tmp/ccPfzu4L.s 			page 43


 2095 0728 705F6D73 		.ascii	"p_msg\000"
 2095      6700
 2096              	.LASF70:
 2097 072e 76745F70 		.ascii	"vt_par\000"
 2097      617200
 2098              	.LASF138:
 2099 0735 63665F6F 		.ascii	"cf_off_ctx\000"
 2099      66665F63 
 2099      747800
 2100              	.LASF124:
 2101 0740 63685F6D 		.ascii	"ch_mutex\000"
 2101      75746578 
 2101      00
 2102              	.LASF38:
 2103 0749 705F7265 		.ascii	"p_refs\000"
 2103      667300
 2104              	.LASF77:
 2105 0750 6973725F 		.ascii	"isr_cnt\000"
 2105      636E7400 
 2106              	.LASF96:
 2107 0758 73655F73 		.ascii	"se_state\000"
 2107      74617465 
 2107      00
 2108              	.LASF82:
 2109 0761 726C6973 		.ascii	"rlist\000"
 2109      7400
 2110              	.LASF7:
 2111 0767 75696E74 		.ascii	"uint8_t\000"
 2111      385F7400 
 2112              	.LASF49:
 2113 076f 74687265 		.ascii	"thread_reference_t\000"
 2113      61645F72 
 2113      65666572 
 2113      656E6365 
 2113      5F7400
 2114              	.LASF116:
 2115 0782 77746F62 		.ascii	"wtobjp\000"
 2115      6A7000
 2116              	.LASF34:
 2117 0789 705F6E61 		.ascii	"p_name\000"
 2117      6D6500
 2118              	.LASF73:
 2119 0790 76745F73 		.ascii	"vt_systime\000"
 2119      79737469 
 2119      6D6500
 2120              	.LASF79:
 2121 079b 74726163 		.ascii	"trace_buffer\000"
 2121      655F6275 
 2121      66666572 
 2121      00
 2122              	.LASF133:
 2123 07a8 63685F76 		.ascii	"ch_version\000"
 2123      65727369 
 2123      6F6E00
 2124              	.LASF111:
 2125 07b3 6D5F6372 		.ascii	"m_crit_thd\000"
 2125      69745F74 
ARM GAS  /tmp/ccPfzu4L.s 			page 44


 2125      686400
 2126              	.LASF126:
 2127 07be 6D5F6F77 		.ascii	"m_owner\000"
 2127      6E657200 
 2128              	.LASF95:
 2129 07c6 73655F77 		.ascii	"se_wtobjp\000"
 2129      746F626A 
 2129      7000
 2130              	.LASF130:
 2131 07d0 63685F69 		.ascii	"ch_identifier\000"
 2131      64656E74 
 2131      69666965 
 2131      7200
 2132              	.LASF69:
 2133 07de 76745F66 		.ascii	"vt_func\000"
 2133      756E6300 
 2134              		.ident	"GCC: (15:9-2019-q4-0ubuntu1) 9.2.1 20191025 (release) [ARM/arm-9-branch revision 277599]"
ARM GAS  /tmp/ccPfzu4L.s 			page 45


DEFINED SYMBOLS
                            *ABS*:0000000000000000 chcore.c

NO UNDEFINED SYMBOLS
