ARM GAS  /tmp/ccQTME4Z.s 			page 1


   1              		.cpu cortex-m4
   2              		.eabi_attribute 27, 1
   3              		.eabi_attribute 28, 1
   4              		.eabi_attribute 20, 1
   5              		.eabi_attribute 21, 1
   6              		.eabi_attribute 23, 3
   7              		.eabi_attribute 24, 1
   8              		.eabi_attribute 25, 1
   9              		.eabi_attribute 26, 1
  10              		.eabi_attribute 30, 2
  11              		.eabi_attribute 34, 1
  12              		.eabi_attribute 18, 4
  13              		.file	"vectors.c"
  14              		.text
  15              	.Ltext0:
  16              		.cfi_sections	.debug_frame
  17              		.section	.rodata._unhandled_exception.str1.4,"aMS",%progbits,1
  18              		.align	2
  19              	.LC0:
  20 0000 756E6861 		.ascii	"unhandled exception\000"
  20      6E646C65 
  20      64206578 
  20      63657074 
  20      696F6E00 
  21              		.section	.rodata._unhandled_exception.cst4,"aM",%progbits,4
  22              		.align	2
  23              	.LC1:
  24 0000 00000000 		.word	__stack_chk_guard
  25              		.section	.text._unhandled_exception,"ax",%progbits
  26              		.align	1
  27              		.p2align 4,,15
  28              		.global	_unhandled_exception
  29              		.arch armv7e-m
  30              		.syntax unified
  31              		.thumb
  32              		.thumb_func
  33              		.fpu fpv4-sp-d16
  34              		.type	_unhandled_exception, %function
  35              	_unhandled_exception:
  36              	.LFB112:
  37              		.file 1 ".//ChibiOS//os/common/ports/ARMCMx/compilers/GCC/vectors.c"
  38              		.loc 1 79 33 view -0
  39              		.cfi_startproc
  40              		@ Volatile: function does not return.
  41              		@ args = 0, pretend = 0, frame = 8
  42              		@ frame_needed = 0, uses_anonymous_args = 0
  43 0000 00B5     		push	{lr}
  44              		.cfi_def_cfa_offset 4
  45              		.cfi_offset 14, -4
  46 0002 054B     		ldr	r3, .L6
  47              		.loc 1 82 3 is_stmt 0 view .LVU1
  48 0004 0548     		ldr	r0, .L6+4
  49              		.loc 1 79 33 view .LVU2
  50 0006 83B0     		sub	sp, sp, #12
  51              		.cfi_def_cfa_offset 16
  52              		.loc 1 79 33 view .LVU3
  53 0008 1B68     		ldr	r3, [r3]
ARM GAS  /tmp/ccQTME4Z.s 			page 2


  54 000a 0193     		str	r3, [sp, #4]
  55 000c 4FF00003 		mov	r3,#0
  56              		.loc 1 82 3 is_stmt 1 view .LVU4
  57 0010 FFF7FEFF 		bl	chSysHalt
  58              	.LVL0:
  59              	.L2:
  60              		.loc 1 83 3 discriminator 1 view .LVU5
  61              		.loc 1 84 3 discriminator 1 view .LVU6
  62              		.loc 1 83 9 discriminator 1 view .LVU7
  63              		.loc 1 83 3 discriminator 1 view .LVU8
  64              		.loc 1 84 3 discriminator 1 view .LVU9
  65              		.loc 1 83 9 discriminator 1 view .LVU10
  66 0014 FEE7     		b	.L2
  67              	.L7:
  68 0016 00BF     		.align	2
  69              	.L6:
  70 0018 00000000 		.word	.LC1
  71 001c 00000000 		.word	.LC0
  72              		.cfi_endproc
  73              	.LFE112:
  74              		.size	_unhandled_exception, .-_unhandled_exception
  75              		.weak	Vector1BC
  76              		.thumb_set Vector1BC,_unhandled_exception
  77              		.weak	Vector1B8
  78              		.thumb_set Vector1B8,_unhandled_exception
  79              		.weak	Vector1B4
  80              		.thumb_set Vector1B4,_unhandled_exception
  81              		.weak	Vector1B0
  82              		.thumb_set Vector1B0,_unhandled_exception
  83              		.weak	Vector1AC
  84              		.thumb_set Vector1AC,_unhandled_exception
  85              		.weak	Vector1A8
  86              		.thumb_set Vector1A8,_unhandled_exception
  87              		.weak	Vector1A4
  88              		.thumb_set Vector1A4,_unhandled_exception
  89              		.weak	Vector1A0
  90              		.thumb_set Vector1A0,_unhandled_exception
  91              		.weak	Vector19C
  92              		.thumb_set Vector19C,_unhandled_exception
  93              		.weak	Vector198
  94              		.thumb_set Vector198,_unhandled_exception
  95              		.weak	Vector194
  96              		.thumb_set Vector194,_unhandled_exception
  97              		.weak	Vector190
  98              		.thumb_set Vector190,_unhandled_exception
  99              		.weak	Vector18C
 100              		.thumb_set Vector18C,_unhandled_exception
 101              		.weak	Vector188
 102              		.thumb_set Vector188,_unhandled_exception
 103              		.weak	Vector184
 104              		.thumb_set Vector184,_unhandled_exception
 105              		.weak	Vector180
 106              		.thumb_set Vector180,_unhandled_exception
 107              		.weak	Vector17C
 108              		.thumb_set Vector17C,_unhandled_exception
 109              		.weak	Vector178
 110              		.thumb_set Vector178,_unhandled_exception
ARM GAS  /tmp/ccQTME4Z.s 			page 3


 111              		.weak	Vector174
 112              		.thumb_set Vector174,_unhandled_exception
 113              		.weak	Vector170
 114              		.thumb_set Vector170,_unhandled_exception
 115              		.weak	Vector16C
 116              		.thumb_set Vector16C,_unhandled_exception
 117              		.weak	Vector168
 118              		.thumb_set Vector168,_unhandled_exception
 119              		.weak	Vector164
 120              		.thumb_set Vector164,_unhandled_exception
 121              		.weak	Vector160
 122              		.thumb_set Vector160,_unhandled_exception
 123              		.weak	Vector15C
 124              		.thumb_set Vector15C,_unhandled_exception
 125              		.weak	Vector158
 126              		.thumb_set Vector158,_unhandled_exception
 127              		.weak	Vector154
 128              		.thumb_set Vector154,_unhandled_exception
 129              		.weak	Vector150
 130              		.thumb_set Vector150,_unhandled_exception
 131              		.weak	Vector14C
 132              		.thumb_set Vector14C,_unhandled_exception
 133              		.weak	Vector148
 134              		.thumb_set Vector148,_unhandled_exception
 135              		.weak	Vector144
 136              		.thumb_set Vector144,_unhandled_exception
 137              		.weak	Vector140
 138              		.thumb_set Vector140,_unhandled_exception
 139              		.weak	Vector13C
 140              		.thumb_set Vector13C,_unhandled_exception
 141              		.weak	Vector138
 142              		.thumb_set Vector138,_unhandled_exception
 143              		.weak	Vector134
 144              		.thumb_set Vector134,_unhandled_exception
 145              		.weak	Vector130
 146              		.thumb_set Vector130,_unhandled_exception
 147              		.weak	Vector12C
 148              		.thumb_set Vector12C,_unhandled_exception
 149              		.weak	Vector128
 150              		.thumb_set Vector128,_unhandled_exception
 151              		.weak	Vector124
 152              		.thumb_set Vector124,_unhandled_exception
 153              		.weak	Vector120
 154              		.thumb_set Vector120,_unhandled_exception
 155              		.weak	Vector11C
 156              		.thumb_set Vector11C,_unhandled_exception
 157              		.weak	Vector118
 158              		.thumb_set Vector118,_unhandled_exception
 159              		.weak	Vector114
 160              		.thumb_set Vector114,_unhandled_exception
 161              		.weak	Vector110
 162              		.thumb_set Vector110,_unhandled_exception
 163              		.weak	Vector10C
 164              		.thumb_set Vector10C,_unhandled_exception
 165              		.weak	Vector108
 166              		.thumb_set Vector108,_unhandled_exception
 167              		.weak	Vector104
ARM GAS  /tmp/ccQTME4Z.s 			page 4


 168              		.thumb_set Vector104,_unhandled_exception
 169              		.weak	Vector100
 170              		.thumb_set Vector100,_unhandled_exception
 171              		.weak	VectorFC
 172              		.thumb_set VectorFC,_unhandled_exception
 173              		.weak	VectorF8
 174              		.thumb_set VectorF8,_unhandled_exception
 175              		.weak	VectorF4
 176              		.thumb_set VectorF4,_unhandled_exception
 177              		.weak	VectorF0
 178              		.thumb_set VectorF0,_unhandled_exception
 179              		.weak	VectorEC
 180              		.thumb_set VectorEC,_unhandled_exception
 181              		.weak	VectorE8
 182              		.thumb_set VectorE8,_unhandled_exception
 183              		.weak	VectorE4
 184              		.thumb_set VectorE4,_unhandled_exception
 185              		.weak	VectorE0
 186              		.thumb_set VectorE0,_unhandled_exception
 187              		.weak	VectorDC
 188              		.thumb_set VectorDC,_unhandled_exception
 189              		.weak	VectorD8
 190              		.thumb_set VectorD8,_unhandled_exception
 191              		.weak	VectorD4
 192              		.thumb_set VectorD4,_unhandled_exception
 193              		.weak	VectorD0
 194              		.thumb_set VectorD0,_unhandled_exception
 195              		.weak	VectorCC
 196              		.thumb_set VectorCC,_unhandled_exception
 197              		.weak	VectorC8
 198              		.thumb_set VectorC8,_unhandled_exception
 199              		.weak	VectorC4
 200              		.thumb_set VectorC4,_unhandled_exception
 201              		.weak	VectorC0
 202              		.thumb_set VectorC0,_unhandled_exception
 203              		.weak	VectorBC
 204              		.thumb_set VectorBC,_unhandled_exception
 205              		.weak	VectorB8
 206              		.thumb_set VectorB8,_unhandled_exception
 207              		.weak	VectorB4
 208              		.thumb_set VectorB4,_unhandled_exception
 209              		.weak	VectorB0
 210              		.thumb_set VectorB0,_unhandled_exception
 211              		.weak	VectorAC
 212              		.thumb_set VectorAC,_unhandled_exception
 213              		.weak	VectorA8
 214              		.thumb_set VectorA8,_unhandled_exception
 215              		.weak	VectorA4
 216              		.thumb_set VectorA4,_unhandled_exception
 217              		.weak	VectorA0
 218              		.thumb_set VectorA0,_unhandled_exception
 219              		.weak	Vector9C
 220              		.thumb_set Vector9C,_unhandled_exception
 221              		.weak	Vector98
 222              		.thumb_set Vector98,_unhandled_exception
 223              		.weak	Vector94
 224              		.thumb_set Vector94,_unhandled_exception
ARM GAS  /tmp/ccQTME4Z.s 			page 5


 225              		.weak	Vector90
 226              		.thumb_set Vector90,_unhandled_exception
 227              		.weak	Vector8C
 228              		.thumb_set Vector8C,_unhandled_exception
 229              		.weak	Vector88
 230              		.thumb_set Vector88,_unhandled_exception
 231              		.weak	Vector84
 232              		.thumb_set Vector84,_unhandled_exception
 233              		.weak	Vector80
 234              		.thumb_set Vector80,_unhandled_exception
 235              		.weak	Vector7C
 236              		.thumb_set Vector7C,_unhandled_exception
 237              		.weak	Vector78
 238              		.thumb_set Vector78,_unhandled_exception
 239              		.weak	Vector74
 240              		.thumb_set Vector74,_unhandled_exception
 241              		.weak	Vector70
 242              		.thumb_set Vector70,_unhandled_exception
 243              		.weak	Vector6C
 244              		.thumb_set Vector6C,_unhandled_exception
 245              		.weak	Vector68
 246              		.thumb_set Vector68,_unhandled_exception
 247              		.weak	Vector64
 248              		.thumb_set Vector64,_unhandled_exception
 249              		.weak	Vector60
 250              		.thumb_set Vector60,_unhandled_exception
 251              		.weak	Vector5C
 252              		.thumb_set Vector5C,_unhandled_exception
 253              		.weak	Vector58
 254              		.thumb_set Vector58,_unhandled_exception
 255              		.weak	Vector54
 256              		.thumb_set Vector54,_unhandled_exception
 257              		.weak	Vector50
 258              		.thumb_set Vector50,_unhandled_exception
 259              		.weak	Vector4C
 260              		.thumb_set Vector4C,_unhandled_exception
 261              		.weak	Vector48
 262              		.thumb_set Vector48,_unhandled_exception
 263              		.weak	Vector44
 264              		.thumb_set Vector44,_unhandled_exception
 265              		.weak	Vector40
 266              		.thumb_set Vector40,_unhandled_exception
 267              		.weak	SysTick_Handler
 268              		.thumb_set SysTick_Handler,_unhandled_exception
 269              		.weak	PendSV_Handler
 270              		.thumb_set PendSV_Handler,_unhandled_exception
 271              		.weak	Vector34
 272              		.thumb_set Vector34,_unhandled_exception
 273              		.weak	DebugMon_Handler
 274              		.thumb_set DebugMon_Handler,_unhandled_exception
 275              		.weak	SVC_Handler
 276              		.thumb_set SVC_Handler,_unhandled_exception
 277              		.weak	Vector28
 278              		.thumb_set Vector28,_unhandled_exception
 279              		.weak	Vector24
 280              		.thumb_set Vector24,_unhandled_exception
 281              		.weak	Vector20
ARM GAS  /tmp/ccQTME4Z.s 			page 6


 282              		.thumb_set Vector20,_unhandled_exception
 283              		.weak	Vector1C
 284              		.thumb_set Vector1C,_unhandled_exception
 285              		.weak	UsageFault_Handler
 286              		.thumb_set UsageFault_Handler,_unhandled_exception
 287              		.weak	BusFault_Handler
 288              		.thumb_set BusFault_Handler,_unhandled_exception
 289              		.weak	MemManage_Handler
 290              		.thumb_set MemManage_Handler,_unhandled_exception
 291              		.weak	HardFault_Handler
 292              		.thumb_set HardFault_Handler,_unhandled_exception
 293              		.weak	NMI_Handler
 294              		.thumb_set NMI_Handler,_unhandled_exception
 295              		.weak	Reset_Handler
 296              		.thumb_set Reset_Handler,_unhandled_exception
 297              		.global	_vectors
 298              		.section	.vectors,"aw"
 299              		.align	2
 300              		.type	_vectors, %object
 301              		.size	_vectors, 448
 302              	_vectors:
 303 0000 00000000 		.word	__main_stack_end__
 304 0004 00000000 		.word	Reset_Handler
 305 0008 00000000 		.word	NMI_Handler
 306 000c 00000000 		.word	HardFault_Handler
 307 0010 00000000 		.word	MemManage_Handler
 308 0014 00000000 		.word	BusFault_Handler
 309 0018 00000000 		.word	UsageFault_Handler
 310 001c 00000000 		.word	Vector1C
 311 0020 00000000 		.word	Vector20
 312 0024 00000000 		.word	Vector24
 313 0028 00000000 		.word	Vector28
 314 002c 00000000 		.word	SVC_Handler
 315 0030 00000000 		.word	DebugMon_Handler
 316 0034 00000000 		.word	Vector34
 317 0038 00000000 		.word	PendSV_Handler
 318 003c 00000000 		.word	SysTick_Handler
 319 0040 00000000 		.word	Vector40
 320 0044 00000000 		.word	Vector44
 321 0048 00000000 		.word	Vector48
 322 004c 00000000 		.word	Vector4C
 323 0050 00000000 		.word	Vector50
 324 0054 00000000 		.word	Vector54
 325 0058 00000000 		.word	Vector58
 326 005c 00000000 		.word	Vector5C
 327 0060 00000000 		.word	Vector60
 328 0064 00000000 		.word	Vector64
 329 0068 00000000 		.word	Vector68
 330 006c 00000000 		.word	Vector6C
 331 0070 00000000 		.word	Vector70
 332 0074 00000000 		.word	Vector74
 333 0078 00000000 		.word	Vector78
 334 007c 00000000 		.word	Vector7C
 335 0080 00000000 		.word	Vector80
 336 0084 00000000 		.word	Vector84
 337 0088 00000000 		.word	Vector88
 338 008c 00000000 		.word	Vector8C
ARM GAS  /tmp/ccQTME4Z.s 			page 7


 339 0090 00000000 		.word	Vector90
 340 0094 00000000 		.word	Vector94
 341 0098 00000000 		.word	Vector98
 342 009c 00000000 		.word	Vector9C
 343 00a0 00000000 		.word	VectorA0
 344 00a4 00000000 		.word	VectorA4
 345 00a8 00000000 		.word	VectorA8
 346 00ac 00000000 		.word	VectorAC
 347 00b0 00000000 		.word	VectorB0
 348 00b4 00000000 		.word	VectorB4
 349 00b8 00000000 		.word	VectorB8
 350 00bc 00000000 		.word	VectorBC
 351 00c0 00000000 		.word	VectorC0
 352 00c4 00000000 		.word	VectorC4
 353 00c8 00000000 		.word	VectorC8
 354 00cc 00000000 		.word	VectorCC
 355 00d0 00000000 		.word	VectorD0
 356 00d4 00000000 		.word	VectorD4
 357 00d8 00000000 		.word	VectorD8
 358 00dc 00000000 		.word	VectorDC
 359 00e0 00000000 		.word	VectorE0
 360 00e4 00000000 		.word	VectorE4
 361 00e8 00000000 		.word	VectorE8
 362 00ec 00000000 		.word	VectorEC
 363 00f0 00000000 		.word	VectorF0
 364 00f4 00000000 		.word	VectorF4
 365 00f8 00000000 		.word	VectorF8
 366 00fc 00000000 		.word	VectorFC
 367 0100 00000000 		.word	Vector100
 368 0104 00000000 		.word	Vector104
 369 0108 00000000 		.word	Vector108
 370 010c 00000000 		.word	Vector10C
 371 0110 00000000 		.word	Vector110
 372 0114 00000000 		.word	Vector114
 373 0118 00000000 		.word	Vector118
 374 011c 00000000 		.word	Vector11C
 375 0120 00000000 		.word	Vector120
 376 0124 00000000 		.word	Vector124
 377 0128 00000000 		.word	Vector128
 378 012c 00000000 		.word	Vector12C
 379 0130 00000000 		.word	Vector130
 380 0134 00000000 		.word	Vector134
 381 0138 00000000 		.word	Vector138
 382 013c 00000000 		.word	Vector13C
 383 0140 00000000 		.word	Vector140
 384 0144 00000000 		.word	Vector144
 385 0148 00000000 		.word	Vector148
 386 014c 00000000 		.word	Vector14C
 387 0150 00000000 		.word	Vector150
 388 0154 00000000 		.word	Vector154
 389 0158 00000000 		.word	Vector158
 390 015c 00000000 		.word	Vector15C
 391 0160 00000000 		.word	Vector160
 392 0164 00000000 		.word	Vector164
 393 0168 00000000 		.word	Vector168
 394 016c 00000000 		.word	Vector16C
 395 0170 00000000 		.word	Vector170
ARM GAS  /tmp/ccQTME4Z.s 			page 8


 396 0174 00000000 		.word	Vector174
 397 0178 00000000 		.word	Vector178
 398 017c 00000000 		.word	Vector17C
 399 0180 00000000 		.word	Vector180
 400 0184 00000000 		.word	Vector184
 401 0188 00000000 		.word	Vector188
 402 018c 00000000 		.word	Vector18C
 403 0190 00000000 		.word	Vector190
 404 0194 00000000 		.word	Vector194
 405 0198 00000000 		.word	Vector198
 406 019c 00000000 		.word	Vector19C
 407 01a0 00000000 		.word	Vector1A0
 408 01a4 00000000 		.word	Vector1A4
 409 01a8 00000000 		.word	Vector1A8
 410 01ac 00000000 		.word	Vector1AC
 411 01b0 00000000 		.word	Vector1B0
 412 01b4 00000000 		.word	Vector1B4
 413 01b8 00000000 		.word	Vector1B8
 414 01bc 00000000 		.word	Vector1BC
 415              		.text
 416              	.Letext0:
 417              		.file 2 "/usr/lib/gcc/arm-none-eabi/9.2.1/include/stdint.h"
 418              		.file 3 ".//ChibiOS//os/ext/CMSIS/include/core_cm4.h"
 419              		.file 4 ".//ChibiOS//os/ext/CMSIS/ST/system_stm32f4xx.h"
 420              		.section	.debug_info,"",%progbits
 421              	.Ldebug_info0:
 422 0000 10020000 		.4byte	0x210
 423 0004 0400     		.2byte	0x4
 424 0006 00000000 		.4byte	.Ldebug_abbrev0
 425 000a 04       		.byte	0x4
 426 000b 01       		.uleb128 0x1
 427 000c 69020000 		.4byte	.LASF34
 428 0010 0C       		.byte	0xc
 429 0011 36000000 		.4byte	.LASF35
 430 0015 93010000 		.4byte	.LASF36
 431 0019 00000000 		.4byte	.Ldebug_ranges0+0
 432 001d 00000000 		.4byte	0
 433 0021 00000000 		.4byte	.Ldebug_line0
 434 0025 02       		.uleb128 0x2
 435 0026 01       		.byte	0x1
 436 0027 06       		.byte	0x6
 437 0028 40020000 		.4byte	.LASF0
 438 002c 02       		.uleb128 0x2
 439 002d 02       		.byte	0x2
 440 002e 05       		.byte	0x5
 441 002f 08020000 		.4byte	.LASF1
 442 0033 03       		.uleb128 0x3
 443 0034 8F000000 		.4byte	.LASF6
 444 0038 02       		.byte	0x2
 445 0039 28       		.byte	0x28
 446 003a 18       		.byte	0x18
 447 003b 44000000 		.4byte	0x44
 448 003f 04       		.uleb128 0x4
 449 0040 33000000 		.4byte	0x33
 450 0044 02       		.uleb128 0x2
 451 0045 04       		.byte	0x4
 452 0046 05       		.byte	0x5
ARM GAS  /tmp/ccQTME4Z.s 			page 9


 453 0047 1B020000 		.4byte	.LASF2
 454 004b 02       		.uleb128 0x2
 455 004c 08       		.byte	0x8
 456 004d 05       		.byte	0x5
 457 004e 85010000 		.4byte	.LASF3
 458 0052 02       		.uleb128 0x2
 459 0053 01       		.byte	0x1
 460 0054 08       		.byte	0x8
 461 0055 AC000000 		.4byte	.LASF4
 462 0059 02       		.uleb128 0x2
 463 005a 02       		.byte	0x2
 464 005b 07       		.byte	0x7
 465 005c 71000000 		.4byte	.LASF5
 466 0060 03       		.uleb128 0x3
 467 0061 12020000 		.4byte	.LASF7
 468 0065 02       		.byte	0x2
 469 0066 34       		.byte	0x34
 470 0067 19       		.byte	0x19
 471 0068 6C000000 		.4byte	0x6c
 472 006c 02       		.uleb128 0x2
 473 006d 04       		.byte	0x4
 474 006e 07       		.byte	0x7
 475 006f CA000000 		.4byte	.LASF8
 476 0073 02       		.uleb128 0x2
 477 0074 08       		.byte	0x8
 478 0075 07       		.byte	0x7
 479 0076 32010000 		.4byte	.LASF9
 480 007a 05       		.uleb128 0x5
 481 007b 04       		.byte	0x4
 482 007c 05       		.byte	0x5
 483 007d 696E7400 		.ascii	"int\000"
 484 0081 02       		.uleb128 0x2
 485 0082 04       		.byte	0x4
 486 0083 07       		.byte	0x7
 487 0084 1C010000 		.4byte	.LASF10
 488 0088 06       		.uleb128 0x6
 489 0089 E8000000 		.4byte	.LASF11
 490 008d 03       		.byte	0x3
 491 008e A706     		.2byte	0x6a7
 492 0090 19       		.byte	0x19
 493 0091 3F000000 		.4byte	0x3f
 494 0095 07       		.uleb128 0x7
 495 0096 DB010000 		.4byte	.LASF12
 496 009a 04       		.byte	0x4
 497 009b 4C       		.byte	0x4c
 498 009c 11       		.byte	0x11
 499 009d 60000000 		.4byte	0x60
 500 00a1 03       		.uleb128 0x3
 501 00a2 11000000 		.4byte	.LASF13
 502 00a6 01       		.byte	0x1
 503 00a7 2C       		.byte	0x2c
 504 00a8 11       		.byte	0x11
 505 00a9 AD000000 		.4byte	0xad
 506 00ad 08       		.uleb128 0x8
 507 00ae 04       		.byte	0x4
 508 00af B3000000 		.4byte	0xb3
 509 00b3 09       		.uleb128 0x9
ARM GAS  /tmp/ccQTME4Z.s 			page 10


 510 00b4 0A       		.uleb128 0xa
 511 00b5 C001     		.2byte	0x1c0
 512 00b7 01       		.byte	0x1
 513 00b8 31       		.byte	0x31
 514 00b9 09       		.byte	0x9
 515 00ba 9C010000 		.4byte	0x19c
 516 00be 0B       		.uleb128 0xb
 517 00bf 84000000 		.4byte	.LASF14
 518 00c3 01       		.byte	0x1
 519 00c4 32       		.byte	0x32
 520 00c5 12       		.byte	0x12
 521 00c6 9C010000 		.4byte	0x19c
 522 00ca 00       		.byte	0
 523 00cb 0B       		.uleb128 0xb
 524 00cc 64010000 		.4byte	.LASF15
 525 00d0 01       		.byte	0x1
 526 00d1 33       		.byte	0x33
 527 00d2 11       		.byte	0x11
 528 00d3 A1000000 		.4byte	0xa1
 529 00d7 04       		.byte	0x4
 530 00d8 0B       		.uleb128 0xb
 531 00d9 10010000 		.4byte	.LASF16
 532 00dd 01       		.byte	0x1
 533 00de 34       		.byte	0x34
 534 00df 11       		.byte	0x11
 535 00e0 A1000000 		.4byte	0xa1
 536 00e4 08       		.byte	0x8
 537 00e5 0B       		.uleb128 0xb
 538 00e6 FE000000 		.4byte	.LASF17
 539 00ea 01       		.byte	0x1
 540 00eb 35       		.byte	0x35
 541 00ec 11       		.byte	0x11
 542 00ed A1000000 		.4byte	0xa1
 543 00f1 0C       		.byte	0xc
 544 00f2 0B       		.uleb128 0xb
 545 00f3 2E020000 		.4byte	.LASF18
 546 00f7 01       		.byte	0x1
 547 00f8 36       		.byte	0x36
 548 00f9 11       		.byte	0x11
 549 00fa A1000000 		.4byte	0xa1
 550 00fe 10       		.byte	0x10
 551 00ff 0B       		.uleb128 0xb
 552 0100 00000000 		.4byte	.LASF19
 553 0104 01       		.byte	0x1
 554 0105 37       		.byte	0x37
 555 0106 11       		.byte	0x11
 556 0107 A1000000 		.4byte	0xa1
 557 010b 14       		.byte	0x14
 558 010c 0B       		.uleb128 0xb
 559 010d 72010000 		.4byte	.LASF20
 560 0111 01       		.byte	0x1
 561 0112 38       		.byte	0x38
 562 0113 11       		.byte	0x11
 563 0114 A1000000 		.4byte	0xa1
 564 0118 18       		.byte	0x18
 565 0119 0B       		.uleb128 0xb
 566 011a F5000000 		.4byte	.LASF21
ARM GAS  /tmp/ccQTME4Z.s 			page 11


 567 011e 01       		.byte	0x1
 568 011f 39       		.byte	0x39
 569 0120 11       		.byte	0x11
 570 0121 A1000000 		.4byte	0xa1
 571 0125 1C       		.byte	0x1c
 572 0126 0B       		.uleb128 0xb
 573 0127 29010000 		.4byte	.LASF22
 574 012b 01       		.byte	0x1
 575 012c 3A       		.byte	0x3a
 576 012d 11       		.byte	0x11
 577 012e A1000000 		.4byte	0xa1
 578 0132 20       		.byte	0x20
 579 0133 0B       		.uleb128 0xb
 580 0134 49010000 		.4byte	.LASF23
 581 0138 01       		.byte	0x1
 582 0139 3B       		.byte	0x3b
 583 013a 11       		.byte	0x11
 584 013b A1000000 		.4byte	0xa1
 585 013f 24       		.byte	0x24
 586 0140 0B       		.uleb128 0xb
 587 0141 52010000 		.4byte	.LASF24
 588 0145 01       		.byte	0x1
 589 0146 3C       		.byte	0x3c
 590 0147 11       		.byte	0x11
 591 0148 A1000000 		.4byte	0xa1
 592 014c 28       		.byte	0x28
 593 014d 0B       		.uleb128 0xb
 594 014e DC000000 		.4byte	.LASF25
 595 0152 01       		.byte	0x1
 596 0153 3D       		.byte	0x3d
 597 0154 11       		.byte	0x11
 598 0155 A1000000 		.4byte	0xa1
 599 0159 2C       		.byte	0x2c
 600 015a 0B       		.uleb128 0xb
 601 015b 97000000 		.4byte	.LASF26
 602 015f 01       		.byte	0x1
 603 0160 3E       		.byte	0x3e
 604 0161 11       		.byte	0x11
 605 0162 A1000000 		.4byte	0xa1
 606 0166 30       		.byte	0x30
 607 0167 0B       		.uleb128 0xb
 608 0168 1E000000 		.4byte	.LASF27
 609 016c 01       		.byte	0x1
 610 016d 3F       		.byte	0x3f
 611 016e 11       		.byte	0x11
 612 016f A1000000 		.4byte	0xa1
 613 0173 34       		.byte	0x34
 614 0174 0B       		.uleb128 0xb
 615 0175 27000000 		.4byte	.LASF28
 616 0179 01       		.byte	0x1
 617 017a 40       		.byte	0x40
 618 017b 11       		.byte	0x11
 619 017c A1000000 		.4byte	0xa1
 620 0180 38       		.byte	0x38
 621 0181 0B       		.uleb128 0xb
 622 0182 BA000000 		.4byte	.LASF29
 623 0186 01       		.byte	0x1
ARM GAS  /tmp/ccQTME4Z.s 			page 12


 624 0187 41       		.byte	0x41
 625 0188 11       		.byte	0x11
 626 0189 A1000000 		.4byte	0xa1
 627 018d 3C       		.byte	0x3c
 628 018e 0B       		.uleb128 0xb
 629 018f 00020000 		.4byte	.LASF30
 630 0193 01       		.byte	0x1
 631 0194 42       		.byte	0x42
 632 0195 11       		.byte	0x11
 633 0196 A2010000 		.4byte	0x1a2
 634 019a 40       		.byte	0x40
 635 019b 00       		.byte	0
 636 019c 08       		.uleb128 0x8
 637 019d 04       		.byte	0x4
 638 019e 60000000 		.4byte	0x60
 639 01a2 0C       		.uleb128 0xc
 640 01a3 A1000000 		.4byte	0xa1
 641 01a7 B2010000 		.4byte	0x1b2
 642 01ab 0D       		.uleb128 0xd
 643 01ac 81000000 		.4byte	0x81
 644 01b0 5F       		.byte	0x5f
 645 01b1 00       		.byte	0
 646 01b2 03       		.uleb128 0x3
 647 01b3 4C020000 		.4byte	.LASF31
 648 01b7 01       		.byte	0x1
 649 01b8 43       		.byte	0x43
 650 01b9 03       		.byte	0x3
 651 01ba B4000000 		.4byte	0xb4
 652 01be 07       		.uleb128 0x7
 653 01bf 56020000 		.4byte	.LASF32
 654 01c3 01       		.byte	0x1
 655 01c4 58       		.byte	0x58
 656 01c5 11       		.byte	0x11
 657 01c6 60000000 		.4byte	0x60
 658 01ca 0E       		.uleb128 0xe
 659 01cb 5B010000 		.4byte	.LASF33
 660 01cf 01       		.byte	0x1
 661 01d0 D701     		.2byte	0x1d7
 662 01d2 0B       		.byte	0xb
 663 01d3 B2010000 		.4byte	0x1b2
 664 01d7 05       		.uleb128 0x5
 665 01d8 03       		.byte	0x3
 666 01d9 00000000 		.4byte	_vectors
 667 01dd 0F       		.uleb128 0xf
 668 01de EB010000 		.4byte	.LASF37
 669 01e2 01       		.byte	0x1
 670 01e3 4F       		.byte	0x4f
 671 01e4 06       		.byte	0x6
 672 01e5 00000000 		.4byte	.LFB112
 673 01e9 20000000 		.4byte	.LFE112-.LFB112
 674 01ed 01       		.uleb128 0x1
 675 01ee 9C       		.byte	0x9c
 676 01ef 07020000 		.4byte	0x207
 677 01f3 10       		.uleb128 0x10
 678 01f4 14000000 		.4byte	.LVL0
 679 01f8 07020000 		.4byte	0x207
 680 01fc 11       		.uleb128 0x11
ARM GAS  /tmp/ccQTME4Z.s 			page 13


 681 01fd 01       		.uleb128 0x1
 682 01fe 50       		.byte	0x50
 683 01ff 05       		.uleb128 0x5
 684 0200 03       		.byte	0x3
 685 0201 00000000 		.4byte	.LC0
 686 0205 00       		.byte	0
 687 0206 00       		.byte	0
 688 0207 12       		.uleb128 0x12
 689 0208 24020000 		.4byte	.LASF38
 690 020c 24020000 		.4byte	.LASF38
 691 0210 01       		.byte	0x1
 692 0211 4C       		.byte	0x4c
 693 0212 06       		.byte	0x6
 694 0213 00       		.byte	0
 695              		.section	.debug_abbrev,"",%progbits
 696              	.Ldebug_abbrev0:
 697 0000 01       		.uleb128 0x1
 698 0001 11       		.uleb128 0x11
 699 0002 01       		.byte	0x1
 700 0003 25       		.uleb128 0x25
 701 0004 0E       		.uleb128 0xe
 702 0005 13       		.uleb128 0x13
 703 0006 0B       		.uleb128 0xb
 704 0007 03       		.uleb128 0x3
 705 0008 0E       		.uleb128 0xe
 706 0009 1B       		.uleb128 0x1b
 707 000a 0E       		.uleb128 0xe
 708 000b 55       		.uleb128 0x55
 709 000c 17       		.uleb128 0x17
 710 000d 11       		.uleb128 0x11
 711 000e 01       		.uleb128 0x1
 712 000f 10       		.uleb128 0x10
 713 0010 17       		.uleb128 0x17
 714 0011 00       		.byte	0
 715 0012 00       		.byte	0
 716 0013 02       		.uleb128 0x2
 717 0014 24       		.uleb128 0x24
 718 0015 00       		.byte	0
 719 0016 0B       		.uleb128 0xb
 720 0017 0B       		.uleb128 0xb
 721 0018 3E       		.uleb128 0x3e
 722 0019 0B       		.uleb128 0xb
 723 001a 03       		.uleb128 0x3
 724 001b 0E       		.uleb128 0xe
 725 001c 00       		.byte	0
 726 001d 00       		.byte	0
 727 001e 03       		.uleb128 0x3
 728 001f 16       		.uleb128 0x16
 729 0020 00       		.byte	0
 730 0021 03       		.uleb128 0x3
 731 0022 0E       		.uleb128 0xe
 732 0023 3A       		.uleb128 0x3a
 733 0024 0B       		.uleb128 0xb
 734 0025 3B       		.uleb128 0x3b
 735 0026 0B       		.uleb128 0xb
 736 0027 39       		.uleb128 0x39
 737 0028 0B       		.uleb128 0xb
ARM GAS  /tmp/ccQTME4Z.s 			page 14


 738 0029 49       		.uleb128 0x49
 739 002a 13       		.uleb128 0x13
 740 002b 00       		.byte	0
 741 002c 00       		.byte	0
 742 002d 04       		.uleb128 0x4
 743 002e 35       		.uleb128 0x35
 744 002f 00       		.byte	0
 745 0030 49       		.uleb128 0x49
 746 0031 13       		.uleb128 0x13
 747 0032 00       		.byte	0
 748 0033 00       		.byte	0
 749 0034 05       		.uleb128 0x5
 750 0035 24       		.uleb128 0x24
 751 0036 00       		.byte	0
 752 0037 0B       		.uleb128 0xb
 753 0038 0B       		.uleb128 0xb
 754 0039 3E       		.uleb128 0x3e
 755 003a 0B       		.uleb128 0xb
 756 003b 03       		.uleb128 0x3
 757 003c 08       		.uleb128 0x8
 758 003d 00       		.byte	0
 759 003e 00       		.byte	0
 760 003f 06       		.uleb128 0x6
 761 0040 34       		.uleb128 0x34
 762 0041 00       		.byte	0
 763 0042 03       		.uleb128 0x3
 764 0043 0E       		.uleb128 0xe
 765 0044 3A       		.uleb128 0x3a
 766 0045 0B       		.uleb128 0xb
 767 0046 3B       		.uleb128 0x3b
 768 0047 05       		.uleb128 0x5
 769 0048 39       		.uleb128 0x39
 770 0049 0B       		.uleb128 0xb
 771 004a 49       		.uleb128 0x49
 772 004b 13       		.uleb128 0x13
 773 004c 3F       		.uleb128 0x3f
 774 004d 19       		.uleb128 0x19
 775 004e 3C       		.uleb128 0x3c
 776 004f 19       		.uleb128 0x19
 777 0050 00       		.byte	0
 778 0051 00       		.byte	0
 779 0052 07       		.uleb128 0x7
 780 0053 34       		.uleb128 0x34
 781 0054 00       		.byte	0
 782 0055 03       		.uleb128 0x3
 783 0056 0E       		.uleb128 0xe
 784 0057 3A       		.uleb128 0x3a
 785 0058 0B       		.uleb128 0xb
 786 0059 3B       		.uleb128 0x3b
 787 005a 0B       		.uleb128 0xb
 788 005b 39       		.uleb128 0x39
 789 005c 0B       		.uleb128 0xb
 790 005d 49       		.uleb128 0x49
 791 005e 13       		.uleb128 0x13
 792 005f 3F       		.uleb128 0x3f
 793 0060 19       		.uleb128 0x19
 794 0061 3C       		.uleb128 0x3c
ARM GAS  /tmp/ccQTME4Z.s 			page 15


 795 0062 19       		.uleb128 0x19
 796 0063 00       		.byte	0
 797 0064 00       		.byte	0
 798 0065 08       		.uleb128 0x8
 799 0066 0F       		.uleb128 0xf
 800 0067 00       		.byte	0
 801 0068 0B       		.uleb128 0xb
 802 0069 0B       		.uleb128 0xb
 803 006a 49       		.uleb128 0x49
 804 006b 13       		.uleb128 0x13
 805 006c 00       		.byte	0
 806 006d 00       		.byte	0
 807 006e 09       		.uleb128 0x9
 808 006f 15       		.uleb128 0x15
 809 0070 00       		.byte	0
 810 0071 27       		.uleb128 0x27
 811 0072 19       		.uleb128 0x19
 812 0073 00       		.byte	0
 813 0074 00       		.byte	0
 814 0075 0A       		.uleb128 0xa
 815 0076 13       		.uleb128 0x13
 816 0077 01       		.byte	0x1
 817 0078 0B       		.uleb128 0xb
 818 0079 05       		.uleb128 0x5
 819 007a 3A       		.uleb128 0x3a
 820 007b 0B       		.uleb128 0xb
 821 007c 3B       		.uleb128 0x3b
 822 007d 0B       		.uleb128 0xb
 823 007e 39       		.uleb128 0x39
 824 007f 0B       		.uleb128 0xb
 825 0080 01       		.uleb128 0x1
 826 0081 13       		.uleb128 0x13
 827 0082 00       		.byte	0
 828 0083 00       		.byte	0
 829 0084 0B       		.uleb128 0xb
 830 0085 0D       		.uleb128 0xd
 831 0086 00       		.byte	0
 832 0087 03       		.uleb128 0x3
 833 0088 0E       		.uleb128 0xe
 834 0089 3A       		.uleb128 0x3a
 835 008a 0B       		.uleb128 0xb
 836 008b 3B       		.uleb128 0x3b
 837 008c 0B       		.uleb128 0xb
 838 008d 39       		.uleb128 0x39
 839 008e 0B       		.uleb128 0xb
 840 008f 49       		.uleb128 0x49
 841 0090 13       		.uleb128 0x13
 842 0091 38       		.uleb128 0x38
 843 0092 0B       		.uleb128 0xb
 844 0093 00       		.byte	0
 845 0094 00       		.byte	0
 846 0095 0C       		.uleb128 0xc
 847 0096 01       		.uleb128 0x1
 848 0097 01       		.byte	0x1
 849 0098 49       		.uleb128 0x49
 850 0099 13       		.uleb128 0x13
 851 009a 01       		.uleb128 0x1
ARM GAS  /tmp/ccQTME4Z.s 			page 16


 852 009b 13       		.uleb128 0x13
 853 009c 00       		.byte	0
 854 009d 00       		.byte	0
 855 009e 0D       		.uleb128 0xd
 856 009f 21       		.uleb128 0x21
 857 00a0 00       		.byte	0
 858 00a1 49       		.uleb128 0x49
 859 00a2 13       		.uleb128 0x13
 860 00a3 2F       		.uleb128 0x2f
 861 00a4 0B       		.uleb128 0xb
 862 00a5 00       		.byte	0
 863 00a6 00       		.byte	0
 864 00a7 0E       		.uleb128 0xe
 865 00a8 34       		.uleb128 0x34
 866 00a9 00       		.byte	0
 867 00aa 03       		.uleb128 0x3
 868 00ab 0E       		.uleb128 0xe
 869 00ac 3A       		.uleb128 0x3a
 870 00ad 0B       		.uleb128 0xb
 871 00ae 3B       		.uleb128 0x3b
 872 00af 05       		.uleb128 0x5
 873 00b0 39       		.uleb128 0x39
 874 00b1 0B       		.uleb128 0xb
 875 00b2 49       		.uleb128 0x49
 876 00b3 13       		.uleb128 0x13
 877 00b4 3F       		.uleb128 0x3f
 878 00b5 19       		.uleb128 0x19
 879 00b6 02       		.uleb128 0x2
 880 00b7 18       		.uleb128 0x18
 881 00b8 00       		.byte	0
 882 00b9 00       		.byte	0
 883 00ba 0F       		.uleb128 0xf
 884 00bb 2E       		.uleb128 0x2e
 885 00bc 01       		.byte	0x1
 886 00bd 3F       		.uleb128 0x3f
 887 00be 19       		.uleb128 0x19
 888 00bf 03       		.uleb128 0x3
 889 00c0 0E       		.uleb128 0xe
 890 00c1 3A       		.uleb128 0x3a
 891 00c2 0B       		.uleb128 0xb
 892 00c3 3B       		.uleb128 0x3b
 893 00c4 0B       		.uleb128 0xb
 894 00c5 39       		.uleb128 0x39
 895 00c6 0B       		.uleb128 0xb
 896 00c7 27       		.uleb128 0x27
 897 00c8 19       		.uleb128 0x19
 898 00c9 11       		.uleb128 0x11
 899 00ca 01       		.uleb128 0x1
 900 00cb 12       		.uleb128 0x12
 901 00cc 06       		.uleb128 0x6
 902 00cd 40       		.uleb128 0x40
 903 00ce 18       		.uleb128 0x18
 904 00cf 9742     		.uleb128 0x2117
 905 00d1 19       		.uleb128 0x19
 906 00d2 01       		.uleb128 0x1
 907 00d3 13       		.uleb128 0x13
 908 00d4 00       		.byte	0
ARM GAS  /tmp/ccQTME4Z.s 			page 17


 909 00d5 00       		.byte	0
 910 00d6 10       		.uleb128 0x10
 911 00d7 898201   		.uleb128 0x4109
 912 00da 01       		.byte	0x1
 913 00db 11       		.uleb128 0x11
 914 00dc 01       		.uleb128 0x1
 915 00dd 31       		.uleb128 0x31
 916 00de 13       		.uleb128 0x13
 917 00df 00       		.byte	0
 918 00e0 00       		.byte	0
 919 00e1 11       		.uleb128 0x11
 920 00e2 8A8201   		.uleb128 0x410a
 921 00e5 00       		.byte	0
 922 00e6 02       		.uleb128 0x2
 923 00e7 18       		.uleb128 0x18
 924 00e8 9142     		.uleb128 0x2111
 925 00ea 18       		.uleb128 0x18
 926 00eb 00       		.byte	0
 927 00ec 00       		.byte	0
 928 00ed 12       		.uleb128 0x12
 929 00ee 2E       		.uleb128 0x2e
 930 00ef 00       		.byte	0
 931 00f0 3F       		.uleb128 0x3f
 932 00f1 19       		.uleb128 0x19
 933 00f2 3C       		.uleb128 0x3c
 934 00f3 19       		.uleb128 0x19
 935 00f4 6E       		.uleb128 0x6e
 936 00f5 0E       		.uleb128 0xe
 937 00f6 03       		.uleb128 0x3
 938 00f7 0E       		.uleb128 0xe
 939 00f8 3A       		.uleb128 0x3a
 940 00f9 0B       		.uleb128 0xb
 941 00fa 3B       		.uleb128 0x3b
 942 00fb 0B       		.uleb128 0xb
 943 00fc 39       		.uleb128 0x39
 944 00fd 0B       		.uleb128 0xb
 945 00fe 00       		.byte	0
 946 00ff 00       		.byte	0
 947 0100 00       		.byte	0
 948              		.section	.debug_aranges,"",%progbits
 949 0000 1C000000 		.4byte	0x1c
 950 0004 0200     		.2byte	0x2
 951 0006 00000000 		.4byte	.Ldebug_info0
 952 000a 04       		.byte	0x4
 953 000b 00       		.byte	0
 954 000c 0000     		.2byte	0
 955 000e 0000     		.2byte	0
 956 0010 00000000 		.4byte	.LFB112
 957 0014 20000000 		.4byte	.LFE112-.LFB112
 958 0018 00000000 		.4byte	0
 959 001c 00000000 		.4byte	0
 960              		.section	.debug_ranges,"",%progbits
 961              	.Ldebug_ranges0:
 962 0000 00000000 		.4byte	.LFB112
 963 0004 20000000 		.4byte	.LFE112
 964 0008 00000000 		.4byte	0
 965 000c 00000000 		.4byte	0
ARM GAS  /tmp/ccQTME4Z.s 			page 18


 966              		.section	.debug_line,"",%progbits
 967              	.Ldebug_line0:
 968 0000 2F010000 		.section	.debug_str,"MS",%progbits,1
 968      0300E700 
 968      00000201 
 968      FB0E0D00 
 968      01010101 
 969              	.LASF19:
 970 0000 62757366 		.ascii	"busfault_handler\000"
 970      61756C74 
 970      5F68616E 
 970      646C6572 
 970      00
 971              	.LASF13:
 972 0011 6972715F 		.ascii	"irq_vector_t\000"
 972      76656374 
 972      6F725F74 
 972      00
 973              	.LASF27:
 974 001e 76656374 		.ascii	"vector34\000"
 974      6F723334 
 974      00
 975              	.LASF28:
 976 0027 70656E64 		.ascii	"pendsv_handler\000"
 976      73765F68 
 976      616E646C 
 976      657200
 977              	.LASF35:
 978 0036 2E2F2F43 		.ascii	".//ChibiOS//os/common/ports/ARMCMx/compilers/GCC/ve"
 978      68696269 
 978      4F532F2F 
 978      6F732F63 
 978      6F6D6D6F 
 979 0069 63746F72 		.ascii	"ctors.c\000"
 979      732E6300 
 980              	.LASF5:
 981 0071 73686F72 		.ascii	"short unsigned int\000"
 981      7420756E 
 981      7369676E 
 981      65642069 
 981      6E7400
 982              	.LASF14:
 983 0084 696E6974 		.ascii	"init_stack\000"
 983      5F737461 
 983      636B00
 984              	.LASF6:
 985 008f 696E7433 		.ascii	"int32_t\000"
 985      325F7400 
 986              	.LASF26:
 987 0097 64656275 		.ascii	"debugmonitor_handler\000"
 987      676D6F6E 
 987      69746F72 
 987      5F68616E 
 987      646C6572 
 988              	.LASF4:
 989 00ac 756E7369 		.ascii	"unsigned char\000"
 989      676E6564 
ARM GAS  /tmp/ccQTME4Z.s 			page 19


 989      20636861 
 989      7200
 990              	.LASF29:
 991 00ba 73797374 		.ascii	"systick_handler\000"
 991      69636B5F 
 991      68616E64 
 991      6C657200 
 992              	.LASF8:
 993 00ca 6C6F6E67 		.ascii	"long unsigned int\000"
 993      20756E73 
 993      69676E65 
 993      6420696E 
 993      7400
 994              	.LASF25:
 995 00dc 7376635F 		.ascii	"svc_handler\000"
 995      68616E64 
 995      6C657200 
 996              	.LASF11:
 997 00e8 49544D5F 		.ascii	"ITM_RxBuffer\000"
 997      52784275 
 997      66666572 
 997      00
 998              	.LASF21:
 999 00f5 76656374 		.ascii	"vector1c\000"
 999      6F723163 
 999      00
 1000              	.LASF17:
 1001 00fe 68617264 		.ascii	"hardfault_handler\000"
 1001      6661756C 
 1001      745F6861 
 1001      6E646C65 
 1001      7200
 1002              	.LASF16:
 1003 0110 6E6D695F 		.ascii	"nmi_handler\000"
 1003      68616E64 
 1003      6C657200 
 1004              	.LASF10:
 1005 011c 756E7369 		.ascii	"unsigned int\000"
 1005      676E6564 
 1005      20696E74 
 1005      00
 1006              	.LASF22:
 1007 0129 76656374 		.ascii	"vector20\000"
 1007      6F723230 
 1007      00
 1008              	.LASF9:
 1009 0132 6C6F6E67 		.ascii	"long long unsigned int\000"
 1009      206C6F6E 
 1009      6720756E 
 1009      7369676E 
 1009      65642069 
 1010              	.LASF23:
 1011 0149 76656374 		.ascii	"vector24\000"
 1011      6F723234 
 1011      00
 1012              	.LASF24:
 1013 0152 76656374 		.ascii	"vector28\000"
ARM GAS  /tmp/ccQTME4Z.s 			page 20


 1013      6F723238 
 1013      00
 1014              	.LASF33:
 1015 015b 5F766563 		.ascii	"_vectors\000"
 1015      746F7273 
 1015      00
 1016              	.LASF15:
 1017 0164 72657365 		.ascii	"reset_handler\000"
 1017      745F6861 
 1017      6E646C65 
 1017      7200
 1018              	.LASF20:
 1019 0172 75736167 		.ascii	"usagefault_handler\000"
 1019      65666175 
 1019      6C745F68 
 1019      616E646C 
 1019      657200
 1020              	.LASF3:
 1021 0185 6C6F6E67 		.ascii	"long long int\000"
 1021      206C6F6E 
 1021      6720696E 
 1021      7400
 1022              	.LASF36:
 1023 0193 2F686F6D 		.ascii	"/home/olof/Documents/MICRO-315/micro-315/tp4/lib/e-"
 1023      652F6F6C 
 1023      6F662F44 
 1023      6F63756D 
 1023      656E7473 
 1024 01c6 7075636B 		.ascii	"puck2_main-processor\000"
 1024      325F6D61 
 1024      696E2D70 
 1024      726F6365 
 1024      73736F72 
 1025              	.LASF12:
 1026 01db 53797374 		.ascii	"SystemCoreClock\000"
 1026      656D436F 
 1026      7265436C 
 1026      6F636B00 
 1027              	.LASF37:
 1028 01eb 5F756E68 		.ascii	"_unhandled_exception\000"
 1028      616E646C 
 1028      65645F65 
 1028      78636570 
 1028      74696F6E 
 1029              	.LASF30:
 1030 0200 76656374 		.ascii	"vectors\000"
 1030      6F727300 
 1031              	.LASF1:
 1032 0208 73686F72 		.ascii	"short int\000"
 1032      7420696E 
 1032      7400
 1033              	.LASF7:
 1034 0212 75696E74 		.ascii	"uint32_t\000"
 1034      33325F74 
 1034      00
 1035              	.LASF2:
 1036 021b 6C6F6E67 		.ascii	"long int\000"
ARM GAS  /tmp/ccQTME4Z.s 			page 21


 1036      20696E74 
 1036      00
 1037              	.LASF38:
 1038 0224 63685379 		.ascii	"chSysHalt\000"
 1038      7348616C 
 1038      7400
 1039              	.LASF18:
 1040 022e 6D656D6D 		.ascii	"memmanage_handler\000"
 1040      616E6167 
 1040      655F6861 
 1040      6E646C65 
 1040      7200
 1041              	.LASF0:
 1042 0240 7369676E 		.ascii	"signed char\000"
 1042      65642063 
 1042      68617200 
 1043              	.LASF31:
 1044 024c 76656374 		.ascii	"vectors_t\000"
 1044      6F72735F 
 1044      7400
 1045              	.LASF32:
 1046 0256 5F5F6D61 		.ascii	"__main_stack_end__\000"
 1046      696E5F73 
 1046      7461636B 
 1046      5F656E64 
 1046      5F5F00
 1047              	.LASF34:
 1048 0269 474E5520 		.ascii	"GNU C17 9.2.1 20191025 (release) [ARM/arm-9-branch "
 1048      43313720 
 1048      392E322E 
 1048      31203230 
 1048      31393130 
 1049 029c 72657669 		.ascii	"revision 277599] -mcpu=cortex-m4 -mfloat-abi=hard -"
 1049      73696F6E 
 1049      20323737 
 1049      3539395D 
 1049      202D6D63 
 1050 02cf 6D667075 		.ascii	"mfpu=fpv4-sp-d16 -mno-thumb-interwork -mthumb -marc"
 1050      3D667076 
 1050      342D7370 
 1050      2D643136 
 1050      202D6D6E 
 1051 0302 683D6172 		.ascii	"h=armv7e-m+fp -ggdb -O2 -fomit-frame-pointer -falig"
 1051      6D763765 
 1051      2D6D2B66 
 1051      70202D67 
 1051      67646220 
 1052 0335 6E2D6675 		.ascii	"n-functions=16 -fno-strict-aliasing -fstack-protect"
 1052      6E637469 
 1052      6F6E733D 
 1052      3136202D 
 1052      666E6F2D 
 1053 0368 6F722D61 		.ascii	"or-all -ffunction-sections -fdata-sections -fno-com"
 1053      6C6C202D 
 1053      6666756E 
 1053      6374696F 
 1053      6E2D7365 
ARM GAS  /tmp/ccQTME4Z.s 			page 22


 1054 039b 6D6F6E20 		.ascii	"mon -fsingle-precision-constant\000"
 1054      2D667369 
 1054      6E676C65 
 1054      2D707265 
 1054      63697369 
 1055              		.ident	"GCC: (15:9-2019-q4-0ubuntu1) 9.2.1 20191025 (release) [ARM/arm-9-branch revision 277599]"
ARM GAS  /tmp/ccQTME4Z.s 			page 23


DEFINED SYMBOLS
                            *ABS*:0000000000000000 vectors.c
     /tmp/ccQTME4Z.s:18     .rodata._unhandled_exception.str1.4:0000000000000000 $d
     /tmp/ccQTME4Z.s:22     .rodata._unhandled_exception.cst4:0000000000000000 $d
     /tmp/ccQTME4Z.s:26     .text._unhandled_exception:0000000000000000 $t
     /tmp/ccQTME4Z.s:35     .text._unhandled_exception:0000000000000000 _unhandled_exception
     /tmp/ccQTME4Z.s:70     .text._unhandled_exception:0000000000000018 $d
     /tmp/ccQTME4Z.s:35     .text._unhandled_exception:0000000000000000 Vector1BC
     /tmp/ccQTME4Z.s:35     .text._unhandled_exception:0000000000000000 Vector1B8
     /tmp/ccQTME4Z.s:35     .text._unhandled_exception:0000000000000000 Vector1B4
     /tmp/ccQTME4Z.s:35     .text._unhandled_exception:0000000000000000 Vector1B0
     /tmp/ccQTME4Z.s:35     .text._unhandled_exception:0000000000000000 Vector1AC
     /tmp/ccQTME4Z.s:35     .text._unhandled_exception:0000000000000000 Vector1A8
     /tmp/ccQTME4Z.s:35     .text._unhandled_exception:0000000000000000 Vector1A4
     /tmp/ccQTME4Z.s:35     .text._unhandled_exception:0000000000000000 Vector1A0
     /tmp/ccQTME4Z.s:35     .text._unhandled_exception:0000000000000000 Vector19C
     /tmp/ccQTME4Z.s:35     .text._unhandled_exception:0000000000000000 Vector198
     /tmp/ccQTME4Z.s:35     .text._unhandled_exception:0000000000000000 Vector194
     /tmp/ccQTME4Z.s:35     .text._unhandled_exception:0000000000000000 Vector190
     /tmp/ccQTME4Z.s:35     .text._unhandled_exception:0000000000000000 Vector18C
     /tmp/ccQTME4Z.s:35     .text._unhandled_exception:0000000000000000 Vector188
     /tmp/ccQTME4Z.s:35     .text._unhandled_exception:0000000000000000 Vector184
     /tmp/ccQTME4Z.s:35     .text._unhandled_exception:0000000000000000 Vector180
     /tmp/ccQTME4Z.s:35     .text._unhandled_exception:0000000000000000 Vector17C
     /tmp/ccQTME4Z.s:35     .text._unhandled_exception:0000000000000000 Vector178
     /tmp/ccQTME4Z.s:35     .text._unhandled_exception:0000000000000000 Vector174
     /tmp/ccQTME4Z.s:35     .text._unhandled_exception:0000000000000000 Vector170
     /tmp/ccQTME4Z.s:35     .text._unhandled_exception:0000000000000000 Vector16C
     /tmp/ccQTME4Z.s:35     .text._unhandled_exception:0000000000000000 Vector168
     /tmp/ccQTME4Z.s:35     .text._unhandled_exception:0000000000000000 Vector164
     /tmp/ccQTME4Z.s:35     .text._unhandled_exception:0000000000000000 Vector160
     /tmp/ccQTME4Z.s:35     .text._unhandled_exception:0000000000000000 Vector15C
     /tmp/ccQTME4Z.s:35     .text._unhandled_exception:0000000000000000 Vector158
     /tmp/ccQTME4Z.s:35     .text._unhandled_exception:0000000000000000 Vector154
     /tmp/ccQTME4Z.s:35     .text._unhandled_exception:0000000000000000 Vector150
     /tmp/ccQTME4Z.s:35     .text._unhandled_exception:0000000000000000 Vector14C
     /tmp/ccQTME4Z.s:35     .text._unhandled_exception:0000000000000000 Vector148
     /tmp/ccQTME4Z.s:35     .text._unhandled_exception:0000000000000000 Vector144
     /tmp/ccQTME4Z.s:35     .text._unhandled_exception:0000000000000000 Vector140
     /tmp/ccQTME4Z.s:35     .text._unhandled_exception:0000000000000000 Vector13C
     /tmp/ccQTME4Z.s:35     .text._unhandled_exception:0000000000000000 Vector138
     /tmp/ccQTME4Z.s:35     .text._unhandled_exception:0000000000000000 Vector134
     /tmp/ccQTME4Z.s:35     .text._unhandled_exception:0000000000000000 Vector130
     /tmp/ccQTME4Z.s:35     .text._unhandled_exception:0000000000000000 Vector12C
     /tmp/ccQTME4Z.s:35     .text._unhandled_exception:0000000000000000 Vector128
     /tmp/ccQTME4Z.s:35     .text._unhandled_exception:0000000000000000 Vector124
     /tmp/ccQTME4Z.s:35     .text._unhandled_exception:0000000000000000 Vector120
     /tmp/ccQTME4Z.s:35     .text._unhandled_exception:0000000000000000 Vector11C
     /tmp/ccQTME4Z.s:35     .text._unhandled_exception:0000000000000000 Vector118
     /tmp/ccQTME4Z.s:35     .text._unhandled_exception:0000000000000000 Vector114
     /tmp/ccQTME4Z.s:35     .text._unhandled_exception:0000000000000000 Vector110
     /tmp/ccQTME4Z.s:35     .text._unhandled_exception:0000000000000000 Vector10C
     /tmp/ccQTME4Z.s:35     .text._unhandled_exception:0000000000000000 Vector108
     /tmp/ccQTME4Z.s:35     .text._unhandled_exception:0000000000000000 Vector104
     /tmp/ccQTME4Z.s:35     .text._unhandled_exception:0000000000000000 Vector100
     /tmp/ccQTME4Z.s:35     .text._unhandled_exception:0000000000000000 VectorFC
     /tmp/ccQTME4Z.s:35     .text._unhandled_exception:0000000000000000 VectorF8
ARM GAS  /tmp/ccQTME4Z.s 			page 24


     /tmp/ccQTME4Z.s:35     .text._unhandled_exception:0000000000000000 VectorF4
     /tmp/ccQTME4Z.s:35     .text._unhandled_exception:0000000000000000 VectorF0
     /tmp/ccQTME4Z.s:35     .text._unhandled_exception:0000000000000000 VectorEC
     /tmp/ccQTME4Z.s:35     .text._unhandled_exception:0000000000000000 VectorE8
     /tmp/ccQTME4Z.s:35     .text._unhandled_exception:0000000000000000 VectorE4
     /tmp/ccQTME4Z.s:35     .text._unhandled_exception:0000000000000000 VectorE0
     /tmp/ccQTME4Z.s:35     .text._unhandled_exception:0000000000000000 VectorDC
     /tmp/ccQTME4Z.s:35     .text._unhandled_exception:0000000000000000 VectorD8
     /tmp/ccQTME4Z.s:35     .text._unhandled_exception:0000000000000000 VectorD4
     /tmp/ccQTME4Z.s:35     .text._unhandled_exception:0000000000000000 VectorD0
     /tmp/ccQTME4Z.s:35     .text._unhandled_exception:0000000000000000 VectorCC
     /tmp/ccQTME4Z.s:35     .text._unhandled_exception:0000000000000000 VectorC8
     /tmp/ccQTME4Z.s:35     .text._unhandled_exception:0000000000000000 VectorC4
     /tmp/ccQTME4Z.s:35     .text._unhandled_exception:0000000000000000 VectorC0
     /tmp/ccQTME4Z.s:35     .text._unhandled_exception:0000000000000000 VectorBC
     /tmp/ccQTME4Z.s:35     .text._unhandled_exception:0000000000000000 VectorB8
     /tmp/ccQTME4Z.s:35     .text._unhandled_exception:0000000000000000 VectorB4
     /tmp/ccQTME4Z.s:35     .text._unhandled_exception:0000000000000000 VectorB0
     /tmp/ccQTME4Z.s:35     .text._unhandled_exception:0000000000000000 VectorAC
     /tmp/ccQTME4Z.s:35     .text._unhandled_exception:0000000000000000 VectorA8
     /tmp/ccQTME4Z.s:35     .text._unhandled_exception:0000000000000000 VectorA4
     /tmp/ccQTME4Z.s:35     .text._unhandled_exception:0000000000000000 VectorA0
     /tmp/ccQTME4Z.s:35     .text._unhandled_exception:0000000000000000 Vector9C
     /tmp/ccQTME4Z.s:35     .text._unhandled_exception:0000000000000000 Vector98
     /tmp/ccQTME4Z.s:35     .text._unhandled_exception:0000000000000000 Vector94
     /tmp/ccQTME4Z.s:35     .text._unhandled_exception:0000000000000000 Vector90
     /tmp/ccQTME4Z.s:35     .text._unhandled_exception:0000000000000000 Vector8C
     /tmp/ccQTME4Z.s:35     .text._unhandled_exception:0000000000000000 Vector88
     /tmp/ccQTME4Z.s:35     .text._unhandled_exception:0000000000000000 Vector84
     /tmp/ccQTME4Z.s:35     .text._unhandled_exception:0000000000000000 Vector80
     /tmp/ccQTME4Z.s:35     .text._unhandled_exception:0000000000000000 Vector7C
     /tmp/ccQTME4Z.s:35     .text._unhandled_exception:0000000000000000 Vector78
     /tmp/ccQTME4Z.s:35     .text._unhandled_exception:0000000000000000 Vector74
     /tmp/ccQTME4Z.s:35     .text._unhandled_exception:0000000000000000 Vector70
     /tmp/ccQTME4Z.s:35     .text._unhandled_exception:0000000000000000 Vector6C
     /tmp/ccQTME4Z.s:35     .text._unhandled_exception:0000000000000000 Vector68
     /tmp/ccQTME4Z.s:35     .text._unhandled_exception:0000000000000000 Vector64
     /tmp/ccQTME4Z.s:35     .text._unhandled_exception:0000000000000000 Vector60
     /tmp/ccQTME4Z.s:35     .text._unhandled_exception:0000000000000000 Vector5C
     /tmp/ccQTME4Z.s:35     .text._unhandled_exception:0000000000000000 Vector58
     /tmp/ccQTME4Z.s:35     .text._unhandled_exception:0000000000000000 Vector54
     /tmp/ccQTME4Z.s:35     .text._unhandled_exception:0000000000000000 Vector50
     /tmp/ccQTME4Z.s:35     .text._unhandled_exception:0000000000000000 Vector4C
     /tmp/ccQTME4Z.s:35     .text._unhandled_exception:0000000000000000 Vector48
     /tmp/ccQTME4Z.s:35     .text._unhandled_exception:0000000000000000 Vector44
     /tmp/ccQTME4Z.s:35     .text._unhandled_exception:0000000000000000 Vector40
     /tmp/ccQTME4Z.s:35     .text._unhandled_exception:0000000000000000 SysTick_Handler
     /tmp/ccQTME4Z.s:35     .text._unhandled_exception:0000000000000000 PendSV_Handler
     /tmp/ccQTME4Z.s:35     .text._unhandled_exception:0000000000000000 Vector34
     /tmp/ccQTME4Z.s:35     .text._unhandled_exception:0000000000000000 DebugMon_Handler
     /tmp/ccQTME4Z.s:35     .text._unhandled_exception:0000000000000000 SVC_Handler
     /tmp/ccQTME4Z.s:35     .text._unhandled_exception:0000000000000000 Vector28
     /tmp/ccQTME4Z.s:35     .text._unhandled_exception:0000000000000000 Vector24
     /tmp/ccQTME4Z.s:35     .text._unhandled_exception:0000000000000000 Vector20
     /tmp/ccQTME4Z.s:35     .text._unhandled_exception:0000000000000000 Vector1C
     /tmp/ccQTME4Z.s:35     .text._unhandled_exception:0000000000000000 UsageFault_Handler
     /tmp/ccQTME4Z.s:35     .text._unhandled_exception:0000000000000000 BusFault_Handler
ARM GAS  /tmp/ccQTME4Z.s 			page 25


     /tmp/ccQTME4Z.s:35     .text._unhandled_exception:0000000000000000 MemManage_Handler
     /tmp/ccQTME4Z.s:35     .text._unhandled_exception:0000000000000000 HardFault_Handler
     /tmp/ccQTME4Z.s:35     .text._unhandled_exception:0000000000000000 NMI_Handler
     /tmp/ccQTME4Z.s:35     .text._unhandled_exception:0000000000000000 Reset_Handler
     /tmp/ccQTME4Z.s:302    .vectors:0000000000000000 _vectors
     /tmp/ccQTME4Z.s:299    .vectors:0000000000000000 $d

UNDEFINED SYMBOLS
__stack_chk_guard
chSysHalt
__main_stack_end__
