ARM GAS  /tmp/ccDTSr75.s 			page 1


   1              		.cpu cortex-m4
   2              		.eabi_attribute 27, 1
   3              		.eabi_attribute 28, 1
   4              		.eabi_attribute 20, 1
   5              		.eabi_attribute 21, 1
   6              		.eabi_attribute 23, 3
   7              		.eabi_attribute 24, 1
   8              		.eabi_attribute 25, 1
   9              		.eabi_attribute 26, 1
  10              		.eabi_attribute 30, 2
  11              		.eabi_attribute 34, 1
  12              		.eabi_attribute 18, 4
  13              		.file	"vl53l0x_api_ranging.c"
  14              		.text
  15              	.Ltext0:
  16              		.cfi_sections	.debug_frame
  17              	.Letext0:
  18              		.file 1 "/usr/lib/gcc/arm-none-eabi/9.2.1/include/stddef.h"
  19              		.file 2 "/usr/include/newlib/sys/_types.h"
  20              		.file 3 "/usr/include/newlib/sys/reent.h"
  21              		.file 4 "/usr/include/newlib/sys/lock.h"
  22              		.file 5 "/usr/include/newlib/stdlib.h"
  23              		.section	.debug_info,"",%progbits
  24              	.Ldebug_info0:
  25 0000 0A090000 		.4byte	0x90a
  26 0004 0400     		.2byte	0x4
  27 0006 00000000 		.4byte	.Ldebug_abbrev0
  28 000a 04       		.byte	0x4
  29 000b 01       		.uleb128 0x1
  30 000c 8B040000 		.4byte	.LASF120
  31 0010 0C       		.byte	0xc
  32 0011 AF010000 		.4byte	.LASF121
  33 0015 58000000 		.4byte	.LASF122
  34 0019 00000000 		.4byte	.Ldebug_line0
  35 001d 02       		.uleb128 0x2
  36 001e 01       		.byte	0x1
  37 001f 06       		.byte	0x6
  38 0020 56040000 		.4byte	.LASF0
  39 0024 02       		.uleb128 0x2
  40 0025 02       		.byte	0x2
  41 0026 05       		.byte	0x5
  42 0027 30030000 		.4byte	.LASF1
  43 002b 02       		.uleb128 0x2
  44 002c 04       		.byte	0x4
  45 002d 05       		.byte	0x5
  46 002e 3A030000 		.4byte	.LASF2
  47 0032 02       		.uleb128 0x2
  48 0033 08       		.byte	0x8
  49 0034 05       		.byte	0x5
  50 0035 99020000 		.4byte	.LASF3
  51 0039 02       		.uleb128 0x2
  52 003a 01       		.byte	0x1
  53 003b 08       		.byte	0x8
  54 003c F6030000 		.4byte	.LASF4
  55 0040 02       		.uleb128 0x2
  56 0041 02       		.byte	0x2
  57 0042 07       		.byte	0x7
ARM GAS  /tmp/ccDTSr75.s 			page 2


  58 0043 69040000 		.4byte	.LASF5
  59 0047 02       		.uleb128 0x2
  60 0048 04       		.byte	0x4
  61 0049 07       		.byte	0x7
  62 004a C2030000 		.4byte	.LASF6
  63 004e 02       		.uleb128 0x2
  64 004f 08       		.byte	0x8
  65 0050 07       		.byte	0x7
  66 0051 3D010000 		.4byte	.LASF7
  67 0055 03       		.uleb128 0x3
  68 0056 04       		.byte	0x4
  69 0057 05       		.byte	0x5
  70 0058 696E7400 		.ascii	"int\000"
  71 005c 02       		.uleb128 0x2
  72 005d 04       		.byte	0x4
  73 005e 07       		.byte	0x7
  74 005f 2D000000 		.4byte	.LASF8
  75 0063 02       		.uleb128 0x2
  76 0064 08       		.byte	0x8
  77 0065 04       		.byte	0x4
  78 0066 0C030000 		.4byte	.LASF9
  79 006a 02       		.uleb128 0x2
  80 006b 01       		.byte	0x1
  81 006c 08       		.byte	0x8
  82 006d 2B020000 		.4byte	.LASF10
  83 0071 04       		.uleb128 0x4
  84 0072 6A000000 		.4byte	0x6a
  85 0076 05       		.uleb128 0x5
  86 0077 04       		.byte	0x4
  87 0078 06       		.uleb128 0x6
  88 0079 DB030000 		.4byte	.LASF11
  89 007d 01       		.byte	0x1
  90 007e 5E01     		.2byte	0x15e
  91 0080 17       		.byte	0x17
  92 0081 5C000000 		.4byte	0x5c
  93 0085 07       		.uleb128 0x7
  94 0086 51000000 		.4byte	.LASF12
  95 008a 02       		.byte	0x2
  96 008b 2E       		.byte	0x2e
  97 008c 0E       		.byte	0xe
  98 008d 2B000000 		.4byte	0x2b
  99 0091 07       		.uleb128 0x7
 100 0092 CE000000 		.4byte	.LASF13
 101 0096 02       		.byte	0x2
 102 0097 74       		.byte	0x74
 103 0098 0E       		.byte	0xe
 104 0099 2B000000 		.4byte	0x2b
 105 009d 08       		.uleb128 0x8
 106 009e 04       		.byte	0x4
 107 009f 02       		.byte	0x2
 108 00a0 A5       		.byte	0xa5
 109 00a1 03       		.byte	0x3
 110 00a2 BF000000 		.4byte	0xbf
 111 00a6 09       		.uleb128 0x9
 112 00a7 65020000 		.4byte	.LASF14
 113 00ab 02       		.byte	0x2
 114 00ac A7       		.byte	0xa7
ARM GAS  /tmp/ccDTSr75.s 			page 3


 115 00ad 0C       		.byte	0xc
 116 00ae 78000000 		.4byte	0x78
 117 00b2 09       		.uleb128 0x9
 118 00b3 54030000 		.4byte	.LASF15
 119 00b7 02       		.byte	0x2
 120 00b8 A8       		.byte	0xa8
 121 00b9 13       		.byte	0x13
 122 00ba BF000000 		.4byte	0xbf
 123 00be 00       		.byte	0
 124 00bf 0A       		.uleb128 0xa
 125 00c0 39000000 		.4byte	0x39
 126 00c4 CF000000 		.4byte	0xcf
 127 00c8 0B       		.uleb128 0xb
 128 00c9 5C000000 		.4byte	0x5c
 129 00cd 03       		.byte	0x3
 130 00ce 00       		.byte	0
 131 00cf 0C       		.uleb128 0xc
 132 00d0 08       		.byte	0x8
 133 00d1 02       		.byte	0x2
 134 00d2 A2       		.byte	0xa2
 135 00d3 09       		.byte	0x9
 136 00d4 F3000000 		.4byte	0xf3
 137 00d8 0D       		.uleb128 0xd
 138 00d9 07010000 		.4byte	.LASF16
 139 00dd 02       		.byte	0x2
 140 00de A4       		.byte	0xa4
 141 00df 07       		.byte	0x7
 142 00e0 55000000 		.4byte	0x55
 143 00e4 00       		.byte	0
 144 00e5 0D       		.uleb128 0xd
 145 00e6 00020000 		.4byte	.LASF17
 146 00ea 02       		.byte	0x2
 147 00eb A9       		.byte	0xa9
 148 00ec 05       		.byte	0x5
 149 00ed 9D000000 		.4byte	0x9d
 150 00f1 04       		.byte	0x4
 151 00f2 00       		.byte	0
 152 00f3 07       		.uleb128 0x7
 153 00f4 E4020000 		.4byte	.LASF18
 154 00f8 02       		.byte	0x2
 155 00f9 AA       		.byte	0xaa
 156 00fa 03       		.byte	0x3
 157 00fb CF000000 		.4byte	0xcf
 158 00ff 07       		.uleb128 0x7
 159 0100 BD020000 		.4byte	.LASF19
 160 0104 03       		.byte	0x3
 161 0105 16       		.byte	0x16
 162 0106 19       		.byte	0x19
 163 0107 47000000 		.4byte	0x47
 164 010b 07       		.uleb128 0x7
 165 010c A0000000 		.4byte	.LASF20
 166 0110 04       		.byte	0x4
 167 0111 0C       		.byte	0xc
 168 0112 0D       		.byte	0xd
 169 0113 55000000 		.4byte	0x55
 170 0117 07       		.uleb128 0x7
 171 0118 5C020000 		.4byte	.LASF21
ARM GAS  /tmp/ccDTSr75.s 			page 4


 172 011c 03       		.byte	0x3
 173 011d 23       		.byte	0x23
 174 011e 1B       		.byte	0x1b
 175 011f 0B010000 		.4byte	0x10b
 176 0123 0E       		.uleb128 0xe
 177 0124 E3000000 		.4byte	.LASF26
 178 0128 18       		.byte	0x18
 179 0129 03       		.byte	0x3
 180 012a 34       		.byte	0x34
 181 012b 08       		.byte	0x8
 182 012c 7D010000 		.4byte	0x17d
 183 0130 0D       		.uleb128 0xd
 184 0131 E9010000 		.4byte	.LASF22
 185 0135 03       		.byte	0x3
 186 0136 36       		.byte	0x36
 187 0137 13       		.byte	0x13
 188 0138 7D010000 		.4byte	0x17d
 189 013c 00       		.byte	0
 190 013d 0F       		.uleb128 0xf
 191 013e 5F6B00   		.ascii	"_k\000"
 192 0141 03       		.byte	0x3
 193 0142 37       		.byte	0x37
 194 0143 07       		.byte	0x7
 195 0144 55000000 		.4byte	0x55
 196 0148 04       		.byte	0x4
 197 0149 0D       		.uleb128 0xd
 198 014a 9C030000 		.4byte	.LASF23
 199 014e 03       		.byte	0x3
 200 014f 37       		.byte	0x37
 201 0150 0B       		.byte	0xb
 202 0151 55000000 		.4byte	0x55
 203 0155 08       		.byte	0x8
 204 0156 0D       		.uleb128 0xd
 205 0157 48030000 		.4byte	.LASF24
 206 015b 03       		.byte	0x3
 207 015c 37       		.byte	0x37
 208 015d 14       		.byte	0x14
 209 015e 55000000 		.4byte	0x55
 210 0162 0C       		.byte	0xc
 211 0163 0D       		.uleb128 0xd
 212 0164 69010000 		.4byte	.LASF25
 213 0168 03       		.byte	0x3
 214 0169 37       		.byte	0x37
 215 016a 1B       		.byte	0x1b
 216 016b 55000000 		.4byte	0x55
 217 016f 10       		.byte	0x10
 218 0170 0F       		.uleb128 0xf
 219 0171 5F7800   		.ascii	"_x\000"
 220 0174 03       		.byte	0x3
 221 0175 38       		.byte	0x38
 222 0176 0B       		.byte	0xb
 223 0177 83010000 		.4byte	0x183
 224 017b 14       		.byte	0x14
 225 017c 00       		.byte	0
 226 017d 10       		.uleb128 0x10
 227 017e 04       		.byte	0x4
 228 017f 23010000 		.4byte	0x123
ARM GAS  /tmp/ccDTSr75.s 			page 5


 229 0183 0A       		.uleb128 0xa
 230 0184 FF000000 		.4byte	0xff
 231 0188 93010000 		.4byte	0x193
 232 018c 0B       		.uleb128 0xb
 233 018d 5C000000 		.4byte	0x5c
 234 0191 00       		.byte	0
 235 0192 00       		.byte	0
 236 0193 0E       		.uleb128 0xe
 237 0194 B7030000 		.4byte	.LASF27
 238 0198 24       		.byte	0x24
 239 0199 03       		.byte	0x3
 240 019a 3C       		.byte	0x3c
 241 019b 08       		.byte	0x8
 242 019c 16020000 		.4byte	0x216
 243 01a0 0D       		.uleb128 0xd
 244 01a1 88010000 		.4byte	.LASF28
 245 01a5 03       		.byte	0x3
 246 01a6 3E       		.byte	0x3e
 247 01a7 09       		.byte	0x9
 248 01a8 55000000 		.4byte	0x55
 249 01ac 00       		.byte	0
 250 01ad 0D       		.uleb128 0xd
 251 01ae 0F010000 		.4byte	.LASF29
 252 01b2 03       		.byte	0x3
 253 01b3 3F       		.byte	0x3f
 254 01b4 09       		.byte	0x9
 255 01b5 55000000 		.4byte	0x55
 256 01b9 04       		.byte	0x4
 257 01ba 0D       		.uleb128 0xd
 258 01bb FD000000 		.4byte	.LASF30
 259 01bf 03       		.byte	0x3
 260 01c0 40       		.byte	0x40
 261 01c1 09       		.byte	0x9
 262 01c2 55000000 		.4byte	0x55
 263 01c6 08       		.byte	0x8
 264 01c7 0D       		.uleb128 0xd
 265 01c8 30020000 		.4byte	.LASF31
 266 01cc 03       		.byte	0x3
 267 01cd 41       		.byte	0x41
 268 01ce 09       		.byte	0x9
 269 01cf 55000000 		.4byte	0x55
 270 01d3 0C       		.byte	0xc
 271 01d4 0D       		.uleb128 0xd
 272 01d5 03030000 		.4byte	.LASF32
 273 01d9 03       		.byte	0x3
 274 01da 42       		.byte	0x42
 275 01db 09       		.byte	0x9
 276 01dc 55000000 		.4byte	0x55
 277 01e0 10       		.byte	0x10
 278 01e1 0D       		.uleb128 0xd
 279 01e2 6E030000 		.4byte	.LASF33
 280 01e6 03       		.byte	0x3
 281 01e7 43       		.byte	0x43
 282 01e8 09       		.byte	0x9
 283 01e9 55000000 		.4byte	0x55
 284 01ed 14       		.byte	0x14
 285 01ee 0D       		.uleb128 0xd
ARM GAS  /tmp/ccDTSr75.s 			page 6


 286 01ef EB000000 		.4byte	.LASF34
 287 01f3 03       		.byte	0x3
 288 01f4 44       		.byte	0x44
 289 01f5 09       		.byte	0x9
 290 01f6 55000000 		.4byte	0x55
 291 01fa 18       		.byte	0x18
 292 01fb 0D       		.uleb128 0xd
 293 01fc 9B010000 		.4byte	.LASF35
 294 0200 03       		.byte	0x3
 295 0201 45       		.byte	0x45
 296 0202 09       		.byte	0x9
 297 0203 55000000 		.4byte	0x55
 298 0207 1C       		.byte	0x1c
 299 0208 0D       		.uleb128 0xd
 300 0209 EF020000 		.4byte	.LASF36
 301 020d 03       		.byte	0x3
 302 020e 46       		.byte	0x46
 303 020f 09       		.byte	0x9
 304 0210 55000000 		.4byte	0x55
 305 0214 20       		.byte	0x20
 306 0215 00       		.byte	0
 307 0216 11       		.uleb128 0x11
 308 0217 00000000 		.4byte	.LASF37
 309 021b 0801     		.2byte	0x108
 310 021d 03       		.byte	0x3
 311 021e 4F       		.byte	0x4f
 312 021f 08       		.byte	0x8
 313 0220 5B020000 		.4byte	0x25b
 314 0224 0D       		.uleb128 0xd
 315 0225 4E040000 		.4byte	.LASF38
 316 0229 03       		.byte	0x3
 317 022a 50       		.byte	0x50
 318 022b 0A       		.byte	0xa
 319 022c 5B020000 		.4byte	0x25b
 320 0230 00       		.byte	0
 321 0231 0D       		.uleb128 0xd
 322 0232 E2030000 		.4byte	.LASF39
 323 0236 03       		.byte	0x3
 324 0237 51       		.byte	0x51
 325 0238 09       		.byte	0x9
 326 0239 5B020000 		.4byte	0x25b
 327 023d 80       		.byte	0x80
 328 023e 12       		.uleb128 0x12
 329 023f 7C040000 		.4byte	.LASF40
 330 0243 03       		.byte	0x3
 331 0244 53       		.byte	0x53
 332 0245 0A       		.byte	0xa
 333 0246 FF000000 		.4byte	0xff
 334 024a 0001     		.2byte	0x100
 335 024c 12       		.uleb128 0x12
 336 024d 11060000 		.4byte	.LASF41
 337 0251 03       		.byte	0x3
 338 0252 56       		.byte	0x56
 339 0253 0A       		.byte	0xa
 340 0254 FF000000 		.4byte	0xff
 341 0258 0401     		.2byte	0x104
 342 025a 00       		.byte	0
ARM GAS  /tmp/ccDTSr75.s 			page 7


 343 025b 0A       		.uleb128 0xa
 344 025c 76000000 		.4byte	0x76
 345 0260 6B020000 		.4byte	0x26b
 346 0264 0B       		.uleb128 0xb
 347 0265 5C000000 		.4byte	0x5c
 348 0269 1F       		.byte	0x1f
 349 026a 00       		.byte	0
 350 026b 11       		.uleb128 0x11
 351 026c 1F030000 		.4byte	.LASF42
 352 0270 9001     		.2byte	0x190
 353 0272 03       		.byte	0x3
 354 0273 62       		.byte	0x62
 355 0274 08       		.byte	0x8
 356 0275 AE020000 		.4byte	0x2ae
 357 0279 0D       		.uleb128 0xd
 358 027a E9010000 		.4byte	.LASF22
 359 027e 03       		.byte	0x3
 360 027f 63       		.byte	0x63
 361 0280 12       		.byte	0x12
 362 0281 AE020000 		.4byte	0x2ae
 363 0285 00       		.byte	0
 364 0286 0D       		.uleb128 0xd
 365 0287 AA010000 		.4byte	.LASF43
 366 028b 03       		.byte	0x3
 367 028c 64       		.byte	0x64
 368 028d 06       		.byte	0x6
 369 028e 55000000 		.4byte	0x55
 370 0292 04       		.byte	0x4
 371 0293 0D       		.uleb128 0xd
 372 0294 D6000000 		.4byte	.LASF44
 373 0298 03       		.byte	0x3
 374 0299 66       		.byte	0x66
 375 029a 09       		.byte	0x9
 376 029b B4020000 		.4byte	0x2b4
 377 029f 08       		.byte	0x8
 378 02a0 0D       		.uleb128 0xd
 379 02a1 00000000 		.4byte	.LASF37
 380 02a5 03       		.byte	0x3
 381 02a6 67       		.byte	0x67
 382 02a7 1E       		.byte	0x1e
 383 02a8 16020000 		.4byte	0x216
 384 02ac 88       		.byte	0x88
 385 02ad 00       		.byte	0
 386 02ae 10       		.uleb128 0x10
 387 02af 04       		.byte	0x4
 388 02b0 6B020000 		.4byte	0x26b
 389 02b4 0A       		.uleb128 0xa
 390 02b5 C4020000 		.4byte	0x2c4
 391 02b9 C4020000 		.4byte	0x2c4
 392 02bd 0B       		.uleb128 0xb
 393 02be 5C000000 		.4byte	0x5c
 394 02c2 1F       		.byte	0x1f
 395 02c3 00       		.byte	0
 396 02c4 10       		.uleb128 0x10
 397 02c5 04       		.byte	0x4
 398 02c6 CA020000 		.4byte	0x2ca
 399 02ca 13       		.uleb128 0x13
ARM GAS  /tmp/ccDTSr75.s 			page 8


 400 02cb 0E       		.uleb128 0xe
 401 02cc 16040000 		.4byte	.LASF45
 402 02d0 08       		.byte	0x8
 403 02d1 03       		.byte	0x3
 404 02d2 7A       		.byte	0x7a
 405 02d3 08       		.byte	0x8
 406 02d4 F3020000 		.4byte	0x2f3
 407 02d8 0D       		.uleb128 0xd
 408 02d9 A7020000 		.4byte	.LASF46
 409 02dd 03       		.byte	0x3
 410 02de 7B       		.byte	0x7b
 411 02df 11       		.byte	0x11
 412 02e0 F3020000 		.4byte	0x2f3
 413 02e4 00       		.byte	0
 414 02e5 0D       		.uleb128 0xd
 415 02e6 85040000 		.4byte	.LASF47
 416 02ea 03       		.byte	0x3
 417 02eb 7C       		.byte	0x7c
 418 02ec 06       		.byte	0x6
 419 02ed 55000000 		.4byte	0x55
 420 02f1 04       		.byte	0x4
 421 02f2 00       		.byte	0
 422 02f3 10       		.uleb128 0x10
 423 02f4 04       		.byte	0x4
 424 02f5 39000000 		.4byte	0x39
 425 02f9 0E       		.uleb128 0xe
 426 02fa 61010000 		.4byte	.LASF48
 427 02fe 68       		.byte	0x68
 428 02ff 03       		.byte	0x3
 429 0300 BA       		.byte	0xba
 430 0301 08       		.byte	0x8
 431 0302 3C040000 		.4byte	0x43c
 432 0306 0F       		.uleb128 0xf
 433 0307 5F7000   		.ascii	"_p\000"
 434 030a 03       		.byte	0x3
 435 030b BB       		.byte	0xbb
 436 030c 12       		.byte	0x12
 437 030d F3020000 		.4byte	0x2f3
 438 0311 00       		.byte	0
 439 0312 0F       		.uleb128 0xf
 440 0313 5F7200   		.ascii	"_r\000"
 441 0316 03       		.byte	0x3
 442 0317 BC       		.byte	0xbc
 443 0318 07       		.byte	0x7
 444 0319 55000000 		.4byte	0x55
 445 031d 04       		.byte	0x4
 446 031e 0F       		.uleb128 0xf
 447 031f 5F7700   		.ascii	"_w\000"
 448 0322 03       		.byte	0x3
 449 0323 BD       		.byte	0xbd
 450 0324 07       		.byte	0x7
 451 0325 55000000 		.4byte	0x55
 452 0329 08       		.byte	0x8
 453 032a 0D       		.uleb128 0xd
 454 032b 43000000 		.4byte	.LASF49
 455 032f 03       		.byte	0x3
 456 0330 BE       		.byte	0xbe
ARM GAS  /tmp/ccDTSr75.s 			page 9


 457 0331 09       		.byte	0x9
 458 0332 24000000 		.4byte	0x24
 459 0336 0C       		.byte	0xc
 460 0337 0D       		.uleb128 0xd
 461 0338 D4020000 		.4byte	.LASF50
 462 033c 03       		.byte	0x3
 463 033d BF       		.byte	0xbf
 464 033e 09       		.byte	0x9
 465 033f 24000000 		.4byte	0x24
 466 0343 0E       		.byte	0xe
 467 0344 0F       		.uleb128 0xf
 468 0345 5F626600 		.ascii	"_bf\000"
 469 0349 03       		.byte	0x3
 470 034a C0       		.byte	0xc0
 471 034b 11       		.byte	0x11
 472 034c CB020000 		.4byte	0x2cb
 473 0350 10       		.byte	0x10
 474 0351 0D       		.uleb128 0xd
 475 0352 3A000000 		.4byte	.LASF51
 476 0356 03       		.byte	0x3
 477 0357 C1       		.byte	0xc1
 478 0358 07       		.byte	0x7
 479 0359 55000000 		.4byte	0x55
 480 035d 18       		.byte	0x18
 481 035e 0D       		.uleb128 0xd
 482 035f DB000000 		.4byte	.LASF52
 483 0363 03       		.byte	0x3
 484 0364 C8       		.byte	0xc8
 485 0365 0A       		.byte	0xa
 486 0366 76000000 		.4byte	0x76
 487 036a 1C       		.byte	0x1c
 488 036b 0D       		.uleb128 0xd
 489 036c B2000000 		.4byte	.LASF53
 490 0370 03       		.byte	0x3
 491 0371 CA       		.byte	0xca
 492 0372 1D       		.byte	0x1d
 493 0373 B4050000 		.4byte	0x5b4
 494 0377 20       		.byte	0x20
 495 0378 0D       		.uleb128 0xd
 496 0379 18030000 		.4byte	.LASF54
 497 037d 03       		.byte	0x3
 498 037e CC       		.byte	0xcc
 499 037f 1D       		.byte	0x1d
 500 0380 DE050000 		.4byte	0x5de
 501 0384 24       		.byte	0x24
 502 0385 0D       		.uleb128 0xd
 503 0386 35060000 		.4byte	.LASF55
 504 038a 03       		.byte	0x3
 505 038b CF       		.byte	0xcf
 506 038c 0D       		.byte	0xd
 507 038d 02060000 		.4byte	0x602
 508 0391 28       		.byte	0x28
 509 0392 0D       		.uleb128 0xd
 510 0393 71020000 		.4byte	.LASF56
 511 0397 03       		.byte	0x3
 512 0398 D0       		.byte	0xd0
 513 0399 09       		.byte	0x9
ARM GAS  /tmp/ccDTSr75.s 			page 10


 514 039a 1C060000 		.4byte	0x61c
 515 039e 2C       		.byte	0x2c
 516 039f 0F       		.uleb128 0xf
 517 03a0 5F756200 		.ascii	"_ub\000"
 518 03a4 03       		.byte	0x3
 519 03a5 D3       		.byte	0xd3
 520 03a6 11       		.byte	0x11
 521 03a7 CB020000 		.4byte	0x2cb
 522 03ab 30       		.byte	0x30
 523 03ac 0F       		.uleb128 0xf
 524 03ad 5F757000 		.ascii	"_up\000"
 525 03b1 03       		.byte	0x3
 526 03b2 D4       		.byte	0xd4
 527 03b3 12       		.byte	0x12
 528 03b4 F3020000 		.4byte	0x2f3
 529 03b8 38       		.byte	0x38
 530 03b9 0F       		.uleb128 0xf
 531 03ba 5F757200 		.ascii	"_ur\000"
 532 03be 03       		.byte	0x3
 533 03bf D5       		.byte	0xd5
 534 03c0 07       		.byte	0x7
 535 03c1 55000000 		.4byte	0x55
 536 03c5 3C       		.byte	0x3c
 537 03c6 0D       		.uleb128 0xd
 538 03c7 4C060000 		.4byte	.LASF57
 539 03cb 03       		.byte	0x3
 540 03cc D8       		.byte	0xd8
 541 03cd 11       		.byte	0x11
 542 03ce 22060000 		.4byte	0x622
 543 03d2 40       		.byte	0x40
 544 03d3 0D       		.uleb128 0xd
 545 03d4 DD050000 		.4byte	.LASF58
 546 03d8 03       		.byte	0x3
 547 03d9 D9       		.byte	0xd9
 548 03da 11       		.byte	0x11
 549 03db 32060000 		.4byte	0x632
 550 03df 43       		.byte	0x43
 551 03e0 0F       		.uleb128 0xf
 552 03e1 5F6C6200 		.ascii	"_lb\000"
 553 03e5 03       		.byte	0x3
 554 03e6 DC       		.byte	0xdc
 555 03e7 11       		.byte	0x11
 556 03e8 CB020000 		.4byte	0x2cb
 557 03ec 44       		.byte	0x44
 558 03ed 0D       		.uleb128 0xd
 559 03ee AE030000 		.4byte	.LASF59
 560 03f2 03       		.byte	0x3
 561 03f3 DF       		.byte	0xdf
 562 03f4 07       		.byte	0x7
 563 03f5 55000000 		.4byte	0x55
 564 03f9 4C       		.byte	0x4c
 565 03fa 0D       		.uleb128 0xd
 566 03fb 75010000 		.4byte	.LASF60
 567 03ff 03       		.byte	0x3
 568 0400 E0       		.byte	0xe0
 569 0401 0A       		.byte	0xa
 570 0402 85000000 		.4byte	0x85
ARM GAS  /tmp/ccDTSr75.s 			page 11


 571 0406 50       		.byte	0x50
 572 0407 0D       		.uleb128 0xd
 573 0408 4E030000 		.4byte	.LASF61
 574 040c 03       		.byte	0x3
 575 040d E3       		.byte	0xe3
 576 040e 12       		.byte	0x12
 577 040f 5A040000 		.4byte	0x45a
 578 0413 54       		.byte	0x54
 579 0414 0D       		.uleb128 0xd
 580 0415 BC030000 		.4byte	.LASF62
 581 0419 03       		.byte	0x3
 582 041a E7       		.byte	0xe7
 583 041b 0C       		.byte	0xc
 584 041c 17010000 		.4byte	0x117
 585 0420 58       		.byte	0x58
 586 0421 0D       		.uleb128 0xd
 587 0422 27030000 		.4byte	.LASF63
 588 0426 03       		.byte	0x3
 589 0427 E9       		.byte	0xe9
 590 0428 0E       		.byte	0xe
 591 0429 F3000000 		.4byte	0xf3
 592 042d 5C       		.byte	0x5c
 593 042e 0D       		.uleb128 0xd
 594 042f 09060000 		.4byte	.LASF64
 595 0433 03       		.byte	0x3
 596 0434 EA       		.byte	0xea
 597 0435 09       		.byte	0x9
 598 0436 55000000 		.4byte	0x55
 599 043a 64       		.byte	0x64
 600 043b 00       		.byte	0
 601 043c 14       		.uleb128 0x14
 602 043d 55000000 		.4byte	0x55
 603 0441 5A040000 		.4byte	0x45a
 604 0445 15       		.uleb128 0x15
 605 0446 5A040000 		.4byte	0x45a
 606 044a 15       		.uleb128 0x15
 607 044b 76000000 		.4byte	0x76
 608 044f 15       		.uleb128 0x15
 609 0450 AE050000 		.4byte	0x5ae
 610 0454 15       		.uleb128 0x15
 611 0455 55000000 		.4byte	0x55
 612 0459 00       		.byte	0
 613 045a 10       		.uleb128 0x10
 614 045b 04       		.byte	0x4
 615 045c 65040000 		.4byte	0x465
 616 0460 04       		.uleb128 0x4
 617 0461 5A040000 		.4byte	0x45a
 618 0465 16       		.uleb128 0x16
 619 0466 62040000 		.4byte	.LASF65
 620 046a 2804     		.2byte	0x428
 621 046c 03       		.byte	0x3
 622 046d 6502     		.2byte	0x265
 623 046f 08       		.byte	0x8
 624 0470 AE050000 		.4byte	0x5ae
 625 0474 17       		.uleb128 0x17
 626 0475 4A000000 		.4byte	.LASF66
 627 0479 03       		.byte	0x3
ARM GAS  /tmp/ccDTSr75.s 			page 12


 628 047a 6702     		.2byte	0x267
 629 047c 07       		.byte	0x7
 630 047d 55000000 		.4byte	0x55
 631 0481 00       		.byte	0
 632 0482 17       		.uleb128 0x17
 633 0483 83020000 		.4byte	.LASF67
 634 0487 03       		.byte	0x3
 635 0488 6C02     		.2byte	0x26c
 636 048a 0B       		.byte	0xb
 637 048b 8E060000 		.4byte	0x68e
 638 048f 04       		.byte	0x4
 639 0490 17       		.uleb128 0x17
 640 0491 C6000000 		.4byte	.LASF68
 641 0495 03       		.byte	0x3
 642 0496 6C02     		.2byte	0x26c
 643 0498 14       		.byte	0x14
 644 0499 8E060000 		.4byte	0x68e
 645 049d 08       		.byte	0x8
 646 049e 17       		.uleb128 0x17
 647 049f 3B060000 		.4byte	.LASF69
 648 04a3 03       		.byte	0x3
 649 04a4 6C02     		.2byte	0x26c
 650 04a6 1E       		.byte	0x1e
 651 04a7 8E060000 		.4byte	0x68e
 652 04ab 0C       		.byte	0xc
 653 04ac 17       		.uleb128 0x17
 654 04ad A5010000 		.4byte	.LASF70
 655 04b1 03       		.byte	0x3
 656 04b2 6E02     		.2byte	0x26e
 657 04b4 08       		.byte	0x8
 658 04b5 55000000 		.4byte	0x55
 659 04b9 10       		.byte	0x10
 660 04ba 17       		.uleb128 0x17
 661 04bb 7D010000 		.4byte	.LASF71
 662 04bf 03       		.byte	0x3
 663 04c0 6F02     		.2byte	0x26f
 664 04c2 08       		.byte	0x8
 665 04c3 8E080000 		.4byte	0x88e
 666 04c7 14       		.byte	0x14
 667 04c8 17       		.uleb128 0x17
 668 04c9 F0050000 		.4byte	.LASF72
 669 04cd 03       		.byte	0x3
 670 04ce 7202     		.2byte	0x272
 671 04d0 07       		.byte	0x7
 672 04d1 55000000 		.4byte	0x55
 673 04d5 30       		.byte	0x30
 674 04d6 17       		.uleb128 0x17
 675 04d7 46040000 		.4byte	.LASF73
 676 04db 03       		.byte	0x3
 677 04dc 7302     		.2byte	0x273
 678 04de 16       		.byte	0x16
 679 04df A3080000 		.4byte	0x8a3
 680 04e3 34       		.byte	0x34
 681 04e4 17       		.uleb128 0x17
 682 04e5 78020000 		.4byte	.LASF74
 683 04e9 03       		.byte	0x3
 684 04ea 7502     		.2byte	0x275
ARM GAS  /tmp/ccDTSr75.s 			page 13


 685 04ec 07       		.byte	0x7
 686 04ed 55000000 		.4byte	0x55
 687 04f1 38       		.byte	0x38
 688 04f2 17       		.uleb128 0x17
 689 04f3 DA020000 		.4byte	.LASF75
 690 04f7 03       		.byte	0x3
 691 04f8 7702     		.2byte	0x277
 692 04fa 0A       		.byte	0xa
 693 04fb B4080000 		.4byte	0x8b4
 694 04ff 3C       		.byte	0x3c
 695 0500 17       		.uleb128 0x17
 696 0501 F5000000 		.4byte	.LASF76
 697 0505 03       		.byte	0x3
 698 0506 7A02     		.2byte	0x27a
 699 0508 13       		.byte	0x13
 700 0509 7D010000 		.4byte	0x17d
 701 050d 40       		.byte	0x40
 702 050e 17       		.uleb128 0x17
 703 050f 33010000 		.4byte	.LASF77
 704 0513 03       		.byte	0x3
 705 0514 7B02     		.2byte	0x27b
 706 0516 07       		.byte	0x7
 707 0517 55000000 		.4byte	0x55
 708 051b 44       		.byte	0x44
 709 051c 17       		.uleb128 0x17
 710 051d 08020000 		.4byte	.LASF78
 711 0521 03       		.byte	0x3
 712 0522 7C02     		.2byte	0x27c
 713 0524 13       		.byte	0x13
 714 0525 7D010000 		.4byte	0x17d
 715 0529 48       		.byte	0x48
 716 052a 17       		.uleb128 0x17
 717 052b AD020000 		.4byte	.LASF79
 718 052f 03       		.byte	0x3
 719 0530 7D02     		.2byte	0x27d
 720 0532 14       		.byte	0x14
 721 0533 BA080000 		.4byte	0x8ba
 722 0537 4C       		.byte	0x4c
 723 0538 17       		.uleb128 0x17
 724 0539 94030000 		.4byte	.LASF80
 725 053d 03       		.byte	0x3
 726 053e 8002     		.2byte	0x280
 727 0540 07       		.byte	0x7
 728 0541 55000000 		.4byte	0x55
 729 0545 50       		.byte	0x50
 730 0546 17       		.uleb128 0x17
 731 0547 EE030000 		.4byte	.LASF81
 732 054b 03       		.byte	0x3
 733 054c 8102     		.2byte	0x281
 734 054e 09       		.byte	0x9
 735 054f AE050000 		.4byte	0x5ae
 736 0553 54       		.byte	0x54
 737 0554 17       		.uleb128 0x17
 738 0555 8F030000 		.4byte	.LASF82
 739 0559 03       		.byte	0x3
 740 055a A402     		.2byte	0x2a4
 741 055c 07       		.byte	0x7
ARM GAS  /tmp/ccDTSr75.s 			page 14


 742 055d 69080000 		.4byte	0x869
 743 0561 58       		.byte	0x58
 744 0562 18       		.uleb128 0x18
 745 0563 1F030000 		.4byte	.LASF42
 746 0567 03       		.byte	0x3
 747 0568 A802     		.2byte	0x2a8
 748 056a 13       		.byte	0x13
 749 056b AE020000 		.4byte	0x2ae
 750 056f 4801     		.2byte	0x148
 751 0571 18       		.uleb128 0x18
 752 0572 53020000 		.4byte	.LASF83
 753 0576 03       		.byte	0x3
 754 0577 A902     		.2byte	0x2a9
 755 0579 12       		.byte	0x12
 756 057a 6B020000 		.4byte	0x26b
 757 057e 4C01     		.2byte	0x14c
 758 0580 18       		.uleb128 0x18
 759 0581 3A020000 		.4byte	.LASF84
 760 0585 03       		.byte	0x3
 761 0586 AD02     		.2byte	0x2ad
 762 0588 0C       		.byte	0xc
 763 0589 CB080000 		.4byte	0x8cb
 764 058d DC02     		.2byte	0x2dc
 765 058f 18       		.uleb128 0x18
 766 0590 23040000 		.4byte	.LASF85
 767 0594 03       		.byte	0x3
 768 0595 B202     		.2byte	0x2b2
 769 0597 10       		.byte	0x10
 770 0598 4F060000 		.4byte	0x64f
 771 059c E002     		.2byte	0x2e0
 772 059e 18       		.uleb128 0x18
 773 059f 43030000 		.4byte	.LASF86
 774 05a3 03       		.byte	0x3
 775 05a4 B402     		.2byte	0x2b4
 776 05a6 0A       		.byte	0xa
 777 05a7 D7080000 		.4byte	0x8d7
 778 05ab EC02     		.2byte	0x2ec
 779 05ad 00       		.byte	0
 780 05ae 10       		.uleb128 0x10
 781 05af 04       		.byte	0x4
 782 05b0 6A000000 		.4byte	0x6a
 783 05b4 10       		.uleb128 0x10
 784 05b5 04       		.byte	0x4
 785 05b6 3C040000 		.4byte	0x43c
 786 05ba 14       		.uleb128 0x14
 787 05bb 55000000 		.4byte	0x55
 788 05bf D8050000 		.4byte	0x5d8
 789 05c3 15       		.uleb128 0x15
 790 05c4 5A040000 		.4byte	0x45a
 791 05c8 15       		.uleb128 0x15
 792 05c9 76000000 		.4byte	0x76
 793 05cd 15       		.uleb128 0x15
 794 05ce D8050000 		.4byte	0x5d8
 795 05d2 15       		.uleb128 0x15
 796 05d3 55000000 		.4byte	0x55
 797 05d7 00       		.byte	0
 798 05d8 10       		.uleb128 0x10
ARM GAS  /tmp/ccDTSr75.s 			page 15


 799 05d9 04       		.byte	0x4
 800 05da 71000000 		.4byte	0x71
 801 05de 10       		.uleb128 0x10
 802 05df 04       		.byte	0x4
 803 05e0 BA050000 		.4byte	0x5ba
 804 05e4 14       		.uleb128 0x14
 805 05e5 91000000 		.4byte	0x91
 806 05e9 02060000 		.4byte	0x602
 807 05ed 15       		.uleb128 0x15
 808 05ee 5A040000 		.4byte	0x45a
 809 05f2 15       		.uleb128 0x15
 810 05f3 76000000 		.4byte	0x76
 811 05f7 15       		.uleb128 0x15
 812 05f8 91000000 		.4byte	0x91
 813 05fc 15       		.uleb128 0x15
 814 05fd 55000000 		.4byte	0x55
 815 0601 00       		.byte	0
 816 0602 10       		.uleb128 0x10
 817 0603 04       		.byte	0x4
 818 0604 E4050000 		.4byte	0x5e4
 819 0608 14       		.uleb128 0x14
 820 0609 55000000 		.4byte	0x55
 821 060d 1C060000 		.4byte	0x61c
 822 0611 15       		.uleb128 0x15
 823 0612 5A040000 		.4byte	0x45a
 824 0616 15       		.uleb128 0x15
 825 0617 76000000 		.4byte	0x76
 826 061b 00       		.byte	0
 827 061c 10       		.uleb128 0x10
 828 061d 04       		.byte	0x4
 829 061e 08060000 		.4byte	0x608
 830 0622 0A       		.uleb128 0xa
 831 0623 39000000 		.4byte	0x39
 832 0627 32060000 		.4byte	0x632
 833 062b 0B       		.uleb128 0xb
 834 062c 5C000000 		.4byte	0x5c
 835 0630 02       		.byte	0x2
 836 0631 00       		.byte	0
 837 0632 0A       		.uleb128 0xa
 838 0633 39000000 		.4byte	0x39
 839 0637 42060000 		.4byte	0x642
 840 063b 0B       		.uleb128 0xb
 841 063c 5C000000 		.4byte	0x5c
 842 0640 00       		.byte	0
 843 0641 00       		.byte	0
 844 0642 06       		.uleb128 0x6
 845 0643 6E010000 		.4byte	.LASF87
 846 0647 03       		.byte	0x3
 847 0648 2401     		.2byte	0x124
 848 064a 1A       		.byte	0x1a
 849 064b F9020000 		.4byte	0x2f9
 850 064f 19       		.uleb128 0x19
 851 0650 1D040000 		.4byte	.LASF88
 852 0654 0C       		.byte	0xc
 853 0655 03       		.byte	0x3
 854 0656 2801     		.2byte	0x128
 855 0658 08       		.byte	0x8
ARM GAS  /tmp/ccDTSr75.s 			page 16


 856 0659 88060000 		.4byte	0x688
 857 065d 17       		.uleb128 0x17
 858 065e E9010000 		.4byte	.LASF22
 859 0662 03       		.byte	0x3
 860 0663 2A01     		.2byte	0x12a
 861 0665 11       		.byte	0x11
 862 0666 88060000 		.4byte	0x688
 863 066a 00       		.byte	0
 864 066b 17       		.uleb128 0x17
 865 066c D4030000 		.4byte	.LASF89
 866 0670 03       		.byte	0x3
 867 0671 2B01     		.2byte	0x12b
 868 0673 07       		.byte	0x7
 869 0674 55000000 		.4byte	0x55
 870 0678 04       		.byte	0x4
 871 0679 17       		.uleb128 0x17
 872 067a 6B020000 		.4byte	.LASF90
 873 067e 03       		.byte	0x3
 874 067f 2C01     		.2byte	0x12c
 875 0681 0B       		.byte	0xb
 876 0682 8E060000 		.4byte	0x68e
 877 0686 08       		.byte	0x8
 878 0687 00       		.byte	0
 879 0688 10       		.uleb128 0x10
 880 0689 04       		.byte	0x4
 881 068a 4F060000 		.4byte	0x64f
 882 068e 10       		.uleb128 0x10
 883 068f 04       		.byte	0x4
 884 0690 42060000 		.4byte	0x642
 885 0694 19       		.uleb128 0x19
 886 0695 2B010000 		.4byte	.LASF91
 887 0699 0E       		.byte	0xe
 888 069a 03       		.byte	0x3
 889 069b 4401     		.2byte	0x144
 890 069d 08       		.byte	0x8
 891 069e CD060000 		.4byte	0x6cd
 892 06a2 17       		.uleb128 0x17
 893 06a3 19060000 		.4byte	.LASF92
 894 06a7 03       		.byte	0x3
 895 06a8 4501     		.2byte	0x145
 896 06aa 12       		.byte	0x12
 897 06ab CD060000 		.4byte	0x6cd
 898 06af 00       		.byte	0
 899 06b0 17       		.uleb128 0x17
 900 06b1 B7020000 		.4byte	.LASF93
 901 06b5 03       		.byte	0x3
 902 06b6 4601     		.2byte	0x146
 903 06b8 12       		.byte	0x12
 904 06b9 CD060000 		.4byte	0x6cd
 905 06bd 06       		.byte	0x6
 906 06be 17       		.uleb128 0x17
 907 06bf 11040000 		.4byte	.LASF94
 908 06c3 03       		.byte	0x3
 909 06c4 4701     		.2byte	0x147
 910 06c6 12       		.byte	0x12
 911 06c7 40000000 		.4byte	0x40
 912 06cb 0C       		.byte	0xc
ARM GAS  /tmp/ccDTSr75.s 			page 17


 913 06cc 00       		.byte	0
 914 06cd 0A       		.uleb128 0xa
 915 06ce 40000000 		.4byte	0x40
 916 06d2 DD060000 		.4byte	0x6dd
 917 06d6 0B       		.uleb128 0xb
 918 06d7 5C000000 		.4byte	0x5c
 919 06db 02       		.byte	0x2
 920 06dc 00       		.byte	0
 921 06dd 1A       		.uleb128 0x1a
 922 06de D0       		.byte	0xd0
 923 06df 03       		.byte	0x3
 924 06e0 8502     		.2byte	0x285
 925 06e2 07       		.byte	0x7
 926 06e3 F2070000 		.4byte	0x7f2
 927 06e7 17       		.uleb128 0x17
 928 06e8 E3050000 		.4byte	.LASF95
 929 06ec 03       		.byte	0x3
 930 06ed 8702     		.2byte	0x287
 931 06ef 18       		.byte	0x18
 932 06f0 5C000000 		.4byte	0x5c
 933 06f4 00       		.byte	0
 934 06f5 17       		.uleb128 0x17
 935 06f6 2B040000 		.4byte	.LASF96
 936 06fa 03       		.byte	0x3
 937 06fb 8802     		.2byte	0x288
 938 06fd 12       		.byte	0x12
 939 06fe AE050000 		.4byte	0x5ae
 940 0702 04       		.byte	0x4
 941 0703 17       		.uleb128 0x17
 942 0704 54010000 		.4byte	.LASF97
 943 0708 03       		.byte	0x3
 944 0709 8902     		.2byte	0x289
 945 070b 10       		.byte	0x10
 946 070c F2070000 		.4byte	0x7f2
 947 0710 08       		.byte	0x8
 948 0711 17       		.uleb128 0x17
 949 0712 78030000 		.4byte	.LASF98
 950 0716 03       		.byte	0x3
 951 0717 8A02     		.2byte	0x28a
 952 0719 17       		.byte	0x17
 953 071a 93010000 		.4byte	0x193
 954 071e 24       		.byte	0x24
 955 071f 17       		.uleb128 0x17
 956 0720 8A020000 		.4byte	.LASF99
 957 0724 03       		.byte	0x3
 958 0725 8B02     		.2byte	0x28b
 959 0727 0F       		.byte	0xf
 960 0728 55000000 		.4byte	0x55
 961 072c 48       		.byte	0x48
 962 072d 17       		.uleb128 0x17
 963 072e 1F060000 		.4byte	.LASF100
 964 0732 03       		.byte	0x3
 965 0733 8C02     		.2byte	0x28c
 966 0735 2C       		.byte	0x2c
 967 0736 4E000000 		.4byte	0x4e
 968 073a 50       		.byte	0x50
 969 073b 17       		.uleb128 0x17
ARM GAS  /tmp/ccDTSr75.s 			page 18


 970 073c 1C000000 		.4byte	.LASF101
 971 0740 03       		.byte	0x3
 972 0741 8D02     		.2byte	0x28d
 973 0743 1A       		.byte	0x1a
 974 0744 94060000 		.4byte	0x694
 975 0748 58       		.byte	0x58
 976 0749 17       		.uleb128 0x17
 977 074a 1E020000 		.4byte	.LASF102
 978 074e 03       		.byte	0x3
 979 074f 8E02     		.2byte	0x28e
 980 0751 16       		.byte	0x16
 981 0752 F3000000 		.4byte	0xf3
 982 0756 68       		.byte	0x68
 983 0757 17       		.uleb128 0x17
 984 0758 38040000 		.4byte	.LASF103
 985 075c 03       		.byte	0x3
 986 075d 8F02     		.2byte	0x28f
 987 075f 16       		.byte	0x16
 988 0760 F3000000 		.4byte	0xf3
 989 0764 70       		.byte	0x70
 990 0765 17       		.uleb128 0x17
 991 0766 0E000000 		.4byte	.LASF104
 992 076a 03       		.byte	0x3
 993 076b 9002     		.2byte	0x290
 994 076d 16       		.byte	0x16
 995 076e F3000000 		.4byte	0xf3
 996 0772 78       		.byte	0x78
 997 0773 17       		.uleb128 0x17
 998 0774 A4030000 		.4byte	.LASF105
 999 0778 03       		.byte	0x3
 1000 0779 9102     		.2byte	0x291
 1001 077b 10       		.byte	0x10
 1002 077c 02080000 		.4byte	0x802
 1003 0780 80       		.byte	0x80
 1004 0781 17       		.uleb128 0x17
 1005 0782 21000000 		.4byte	.LASF106
 1006 0786 03       		.byte	0x3
 1007 0787 9202     		.2byte	0x292
 1008 0789 10       		.byte	0x10
 1009 078a 12080000 		.4byte	0x812
 1010 078e 88       		.byte	0x88
 1011 078f 17       		.uleb128 0x17
 1012 0790 04040000 		.4byte	.LASF107
 1013 0794 03       		.byte	0x3
 1014 0795 9302     		.2byte	0x293
 1015 0797 0F       		.byte	0xf
 1016 0798 55000000 		.4byte	0x55
 1017 079c A0       		.byte	0xa0
 1018 079d 17       		.uleb128 0x17
 1019 079e B8000000 		.4byte	.LASF108
 1020 07a2 03       		.byte	0x3
 1021 07a3 9402     		.2byte	0x294
 1022 07a5 16       		.byte	0x16
 1023 07a6 F3000000 		.4byte	0xf3
 1024 07aa A4       		.byte	0xa4
 1025 07ab 17       		.uleb128 0x17
 1026 07ac 44020000 		.4byte	.LASF109
ARM GAS  /tmp/ccDTSr75.s 			page 19


 1027 07b0 03       		.byte	0x3
 1028 07b1 9502     		.2byte	0x295
 1029 07b3 16       		.byte	0x16
 1030 07b4 F3000000 		.4byte	0xf3
 1031 07b8 AC       		.byte	0xac
 1032 07b9 17       		.uleb128 0x17
 1033 07ba EF010000 		.4byte	.LASF110
 1034 07be 03       		.byte	0x3
 1035 07bf 9602     		.2byte	0x296
 1036 07c1 16       		.byte	0x16
 1037 07c2 F3000000 		.4byte	0xf3
 1038 07c6 B4       		.byte	0xb4
 1039 07c7 17       		.uleb128 0x17
 1040 07c8 C5020000 		.4byte	.LASF111
 1041 07cc 03       		.byte	0x3
 1042 07cd 9702     		.2byte	0x297
 1043 07cf 16       		.byte	0x16
 1044 07d0 F3000000 		.4byte	0xf3
 1045 07d4 BC       		.byte	0xbc
 1046 07d5 17       		.uleb128 0x17
 1047 07d6 0D020000 		.4byte	.LASF112
 1048 07da 03       		.byte	0x3
 1049 07db 9802     		.2byte	0x298
 1050 07dd 16       		.byte	0x16
 1051 07de F3000000 		.4byte	0xf3
 1052 07e2 C4       		.byte	0xc4
 1053 07e3 17       		.uleb128 0x17
 1054 07e4 FA020000 		.4byte	.LASF113
 1055 07e8 03       		.byte	0x3
 1056 07e9 9902     		.2byte	0x299
 1057 07eb 08       		.byte	0x8
 1058 07ec 55000000 		.4byte	0x55
 1059 07f0 CC       		.byte	0xcc
 1060 07f1 00       		.byte	0
 1061 07f2 0A       		.uleb128 0xa
 1062 07f3 6A000000 		.4byte	0x6a
 1063 07f7 02080000 		.4byte	0x802
 1064 07fb 0B       		.uleb128 0xb
 1065 07fc 5C000000 		.4byte	0x5c
 1066 0800 19       		.byte	0x19
 1067 0801 00       		.byte	0
 1068 0802 0A       		.uleb128 0xa
 1069 0803 6A000000 		.4byte	0x6a
 1070 0807 12080000 		.4byte	0x812
 1071 080b 0B       		.uleb128 0xb
 1072 080c 5C000000 		.4byte	0x5c
 1073 0810 07       		.byte	0x7
 1074 0811 00       		.byte	0
 1075 0812 0A       		.uleb128 0xa
 1076 0813 6A000000 		.4byte	0x6a
 1077 0817 22080000 		.4byte	0x822
 1078 081b 0B       		.uleb128 0xb
 1079 081c 5C000000 		.4byte	0x5c
 1080 0820 17       		.byte	0x17
 1081 0821 00       		.byte	0
 1082 0822 1A       		.uleb128 0x1a
 1083 0823 F0       		.byte	0xf0
ARM GAS  /tmp/ccDTSr75.s 			page 20


 1084 0824 03       		.byte	0x3
 1085 0825 9E02     		.2byte	0x29e
 1086 0827 07       		.byte	0x7
 1087 0828 49080000 		.4byte	0x849
 1088 082c 17       		.uleb128 0x17
 1089 082d 24010000 		.4byte	.LASF114
 1090 0831 03       		.byte	0x3
 1091 0832 A102     		.2byte	0x2a1
 1092 0834 1B       		.byte	0x1b
 1093 0835 49080000 		.4byte	0x849
 1094 0839 00       		.byte	0
 1095 083a 17       		.uleb128 0x17
 1096 083b 43060000 		.4byte	.LASF115
 1097 083f 03       		.byte	0x3
 1098 0840 A202     		.2byte	0x2a2
 1099 0842 18       		.byte	0x18
 1100 0843 59080000 		.4byte	0x859
 1101 0847 78       		.byte	0x78
 1102 0848 00       		.byte	0
 1103 0849 0A       		.uleb128 0xa
 1104 084a F3020000 		.4byte	0x2f3
 1105 084e 59080000 		.4byte	0x859
 1106 0852 0B       		.uleb128 0xb
 1107 0853 5C000000 		.4byte	0x5c
 1108 0857 1D       		.byte	0x1d
 1109 0858 00       		.byte	0
 1110 0859 0A       		.uleb128 0xa
 1111 085a 5C000000 		.4byte	0x5c
 1112 085e 69080000 		.4byte	0x869
 1113 0862 0B       		.uleb128 0xb
 1114 0863 5C000000 		.4byte	0x5c
 1115 0867 1D       		.byte	0x1d
 1116 0868 00       		.byte	0
 1117 0869 1B       		.uleb128 0x1b
 1118 086a F0       		.byte	0xf0
 1119 086b 03       		.byte	0x3
 1120 086c 8302     		.2byte	0x283
 1121 086e 03       		.byte	0x3
 1122 086f 8E080000 		.4byte	0x88e
 1123 0873 1C       		.uleb128 0x1c
 1124 0874 62040000 		.4byte	.LASF65
 1125 0878 03       		.byte	0x3
 1126 0879 9A02     		.2byte	0x29a
 1127 087b 0B       		.byte	0xb
 1128 087c DD060000 		.4byte	0x6dd
 1129 0880 1C       		.uleb128 0x1c
 1130 0881 87030000 		.4byte	.LASF116
 1131 0885 03       		.byte	0x3
 1132 0886 A302     		.2byte	0x2a3
 1133 0888 0B       		.byte	0xb
 1134 0889 22080000 		.4byte	0x822
 1135 088d 00       		.byte	0
 1136 088e 0A       		.uleb128 0xa
 1137 088f 6A000000 		.4byte	0x6a
 1138 0893 9E080000 		.4byte	0x89e
 1139 0897 0B       		.uleb128 0xb
 1140 0898 5C000000 		.4byte	0x5c
ARM GAS  /tmp/ccDTSr75.s 			page 21


 1141 089c 18       		.byte	0x18
 1142 089d 00       		.byte	0
 1143 089e 1D       		.uleb128 0x1d
 1144 089f 2A060000 		.4byte	.LASF123
 1145 08a3 10       		.uleb128 0x10
 1146 08a4 04       		.byte	0x4
 1147 08a5 9E080000 		.4byte	0x89e
 1148 08a9 1E       		.uleb128 0x1e
 1149 08aa B4080000 		.4byte	0x8b4
 1150 08ae 15       		.uleb128 0x15
 1151 08af 5A040000 		.4byte	0x45a
 1152 08b3 00       		.byte	0
 1153 08b4 10       		.uleb128 0x10
 1154 08b5 04       		.byte	0x4
 1155 08b6 A9080000 		.4byte	0x8a9
 1156 08ba 10       		.uleb128 0x10
 1157 08bb 04       		.byte	0x4
 1158 08bc 7D010000 		.4byte	0x17d
 1159 08c0 1E       		.uleb128 0x1e
 1160 08c1 CB080000 		.4byte	0x8cb
 1161 08c5 15       		.uleb128 0x15
 1162 08c6 55000000 		.4byte	0x55
 1163 08ca 00       		.byte	0
 1164 08cb 10       		.uleb128 0x10
 1165 08cc 04       		.byte	0x4
 1166 08cd D1080000 		.4byte	0x8d1
 1167 08d1 10       		.uleb128 0x10
 1168 08d2 04       		.byte	0x4
 1169 08d3 C0080000 		.4byte	0x8c0
 1170 08d7 0A       		.uleb128 0xa
 1171 08d8 42060000 		.4byte	0x642
 1172 08dc E7080000 		.4byte	0x8e7
 1173 08e0 0B       		.uleb128 0xb
 1174 08e1 5C000000 		.4byte	0x5c
 1175 08e5 02       		.byte	0x2
 1176 08e6 00       		.byte	0
 1177 08e7 1F       		.uleb128 0x1f
 1178 08e8 18010000 		.4byte	.LASF117
 1179 08ec 03       		.byte	0x3
 1180 08ed 3303     		.2byte	0x333
 1181 08ef 17       		.byte	0x17
 1182 08f0 5A040000 		.4byte	0x45a
 1183 08f4 1F       		.uleb128 0x1f
 1184 08f5 5B030000 		.4byte	.LASF118
 1185 08f9 03       		.byte	0x3
 1186 08fa 3403     		.2byte	0x334
 1187 08fc 1D       		.byte	0x1d
 1188 08fd 60040000 		.4byte	0x460
 1189 0901 20       		.uleb128 0x20
 1190 0902 91010000 		.4byte	.LASF119
 1191 0906 05       		.byte	0x5
 1192 0907 67       		.byte	0x67
 1193 0908 0E       		.byte	0xe
 1194 0909 AE050000 		.4byte	0x5ae
 1195 090d 00       		.byte	0
 1196              		.section	.debug_abbrev,"",%progbits
 1197              	.Ldebug_abbrev0:
ARM GAS  /tmp/ccDTSr75.s 			page 22


 1198 0000 01       		.uleb128 0x1
 1199 0001 11       		.uleb128 0x11
 1200 0002 01       		.byte	0x1
 1201 0003 25       		.uleb128 0x25
 1202 0004 0E       		.uleb128 0xe
 1203 0005 13       		.uleb128 0x13
 1204 0006 0B       		.uleb128 0xb
 1205 0007 03       		.uleb128 0x3
 1206 0008 0E       		.uleb128 0xe
 1207 0009 1B       		.uleb128 0x1b
 1208 000a 0E       		.uleb128 0xe
 1209 000b 10       		.uleb128 0x10
 1210 000c 17       		.uleb128 0x17
 1211 000d 00       		.byte	0
 1212 000e 00       		.byte	0
 1213 000f 02       		.uleb128 0x2
 1214 0010 24       		.uleb128 0x24
 1215 0011 00       		.byte	0
 1216 0012 0B       		.uleb128 0xb
 1217 0013 0B       		.uleb128 0xb
 1218 0014 3E       		.uleb128 0x3e
 1219 0015 0B       		.uleb128 0xb
 1220 0016 03       		.uleb128 0x3
 1221 0017 0E       		.uleb128 0xe
 1222 0018 00       		.byte	0
 1223 0019 00       		.byte	0
 1224 001a 03       		.uleb128 0x3
 1225 001b 24       		.uleb128 0x24
 1226 001c 00       		.byte	0
 1227 001d 0B       		.uleb128 0xb
 1228 001e 0B       		.uleb128 0xb
 1229 001f 3E       		.uleb128 0x3e
 1230 0020 0B       		.uleb128 0xb
 1231 0021 03       		.uleb128 0x3
 1232 0022 08       		.uleb128 0x8
 1233 0023 00       		.byte	0
 1234 0024 00       		.byte	0
 1235 0025 04       		.uleb128 0x4
 1236 0026 26       		.uleb128 0x26
 1237 0027 00       		.byte	0
 1238 0028 49       		.uleb128 0x49
 1239 0029 13       		.uleb128 0x13
 1240 002a 00       		.byte	0
 1241 002b 00       		.byte	0
 1242 002c 05       		.uleb128 0x5
 1243 002d 0F       		.uleb128 0xf
 1244 002e 00       		.byte	0
 1245 002f 0B       		.uleb128 0xb
 1246 0030 0B       		.uleb128 0xb
 1247 0031 00       		.byte	0
 1248 0032 00       		.byte	0
 1249 0033 06       		.uleb128 0x6
 1250 0034 16       		.uleb128 0x16
 1251 0035 00       		.byte	0
 1252 0036 03       		.uleb128 0x3
 1253 0037 0E       		.uleb128 0xe
 1254 0038 3A       		.uleb128 0x3a
ARM GAS  /tmp/ccDTSr75.s 			page 23


 1255 0039 0B       		.uleb128 0xb
 1256 003a 3B       		.uleb128 0x3b
 1257 003b 05       		.uleb128 0x5
 1258 003c 39       		.uleb128 0x39
 1259 003d 0B       		.uleb128 0xb
 1260 003e 49       		.uleb128 0x49
 1261 003f 13       		.uleb128 0x13
 1262 0040 00       		.byte	0
 1263 0041 00       		.byte	0
 1264 0042 07       		.uleb128 0x7
 1265 0043 16       		.uleb128 0x16
 1266 0044 00       		.byte	0
 1267 0045 03       		.uleb128 0x3
 1268 0046 0E       		.uleb128 0xe
 1269 0047 3A       		.uleb128 0x3a
 1270 0048 0B       		.uleb128 0xb
 1271 0049 3B       		.uleb128 0x3b
 1272 004a 0B       		.uleb128 0xb
 1273 004b 39       		.uleb128 0x39
 1274 004c 0B       		.uleb128 0xb
 1275 004d 49       		.uleb128 0x49
 1276 004e 13       		.uleb128 0x13
 1277 004f 00       		.byte	0
 1278 0050 00       		.byte	0
 1279 0051 08       		.uleb128 0x8
 1280 0052 17       		.uleb128 0x17
 1281 0053 01       		.byte	0x1
 1282 0054 0B       		.uleb128 0xb
 1283 0055 0B       		.uleb128 0xb
 1284 0056 3A       		.uleb128 0x3a
 1285 0057 0B       		.uleb128 0xb
 1286 0058 3B       		.uleb128 0x3b
 1287 0059 0B       		.uleb128 0xb
 1288 005a 39       		.uleb128 0x39
 1289 005b 0B       		.uleb128 0xb
 1290 005c 01       		.uleb128 0x1
 1291 005d 13       		.uleb128 0x13
 1292 005e 00       		.byte	0
 1293 005f 00       		.byte	0
 1294 0060 09       		.uleb128 0x9
 1295 0061 0D       		.uleb128 0xd
 1296 0062 00       		.byte	0
 1297 0063 03       		.uleb128 0x3
 1298 0064 0E       		.uleb128 0xe
 1299 0065 3A       		.uleb128 0x3a
 1300 0066 0B       		.uleb128 0xb
 1301 0067 3B       		.uleb128 0x3b
 1302 0068 0B       		.uleb128 0xb
 1303 0069 39       		.uleb128 0x39
 1304 006a 0B       		.uleb128 0xb
 1305 006b 49       		.uleb128 0x49
 1306 006c 13       		.uleb128 0x13
 1307 006d 00       		.byte	0
 1308 006e 00       		.byte	0
 1309 006f 0A       		.uleb128 0xa
 1310 0070 01       		.uleb128 0x1
 1311 0071 01       		.byte	0x1
ARM GAS  /tmp/ccDTSr75.s 			page 24


 1312 0072 49       		.uleb128 0x49
 1313 0073 13       		.uleb128 0x13
 1314 0074 01       		.uleb128 0x1
 1315 0075 13       		.uleb128 0x13
 1316 0076 00       		.byte	0
 1317 0077 00       		.byte	0
 1318 0078 0B       		.uleb128 0xb
 1319 0079 21       		.uleb128 0x21
 1320 007a 00       		.byte	0
 1321 007b 49       		.uleb128 0x49
 1322 007c 13       		.uleb128 0x13
 1323 007d 2F       		.uleb128 0x2f
 1324 007e 0B       		.uleb128 0xb
 1325 007f 00       		.byte	0
 1326 0080 00       		.byte	0
 1327 0081 0C       		.uleb128 0xc
 1328 0082 13       		.uleb128 0x13
 1329 0083 01       		.byte	0x1
 1330 0084 0B       		.uleb128 0xb
 1331 0085 0B       		.uleb128 0xb
 1332 0086 3A       		.uleb128 0x3a
 1333 0087 0B       		.uleb128 0xb
 1334 0088 3B       		.uleb128 0x3b
 1335 0089 0B       		.uleb128 0xb
 1336 008a 39       		.uleb128 0x39
 1337 008b 0B       		.uleb128 0xb
 1338 008c 01       		.uleb128 0x1
 1339 008d 13       		.uleb128 0x13
 1340 008e 00       		.byte	0
 1341 008f 00       		.byte	0
 1342 0090 0D       		.uleb128 0xd
 1343 0091 0D       		.uleb128 0xd
 1344 0092 00       		.byte	0
 1345 0093 03       		.uleb128 0x3
 1346 0094 0E       		.uleb128 0xe
 1347 0095 3A       		.uleb128 0x3a
 1348 0096 0B       		.uleb128 0xb
 1349 0097 3B       		.uleb128 0x3b
 1350 0098 0B       		.uleb128 0xb
 1351 0099 39       		.uleb128 0x39
 1352 009a 0B       		.uleb128 0xb
 1353 009b 49       		.uleb128 0x49
 1354 009c 13       		.uleb128 0x13
 1355 009d 38       		.uleb128 0x38
 1356 009e 0B       		.uleb128 0xb
 1357 009f 00       		.byte	0
 1358 00a0 00       		.byte	0
 1359 00a1 0E       		.uleb128 0xe
 1360 00a2 13       		.uleb128 0x13
 1361 00a3 01       		.byte	0x1
 1362 00a4 03       		.uleb128 0x3
 1363 00a5 0E       		.uleb128 0xe
 1364 00a6 0B       		.uleb128 0xb
 1365 00a7 0B       		.uleb128 0xb
 1366 00a8 3A       		.uleb128 0x3a
 1367 00a9 0B       		.uleb128 0xb
 1368 00aa 3B       		.uleb128 0x3b
ARM GAS  /tmp/ccDTSr75.s 			page 25


 1369 00ab 0B       		.uleb128 0xb
 1370 00ac 39       		.uleb128 0x39
 1371 00ad 0B       		.uleb128 0xb
 1372 00ae 01       		.uleb128 0x1
 1373 00af 13       		.uleb128 0x13
 1374 00b0 00       		.byte	0
 1375 00b1 00       		.byte	0
 1376 00b2 0F       		.uleb128 0xf
 1377 00b3 0D       		.uleb128 0xd
 1378 00b4 00       		.byte	0
 1379 00b5 03       		.uleb128 0x3
 1380 00b6 08       		.uleb128 0x8
 1381 00b7 3A       		.uleb128 0x3a
 1382 00b8 0B       		.uleb128 0xb
 1383 00b9 3B       		.uleb128 0x3b
 1384 00ba 0B       		.uleb128 0xb
 1385 00bb 39       		.uleb128 0x39
 1386 00bc 0B       		.uleb128 0xb
 1387 00bd 49       		.uleb128 0x49
 1388 00be 13       		.uleb128 0x13
 1389 00bf 38       		.uleb128 0x38
 1390 00c0 0B       		.uleb128 0xb
 1391 00c1 00       		.byte	0
 1392 00c2 00       		.byte	0
 1393 00c3 10       		.uleb128 0x10
 1394 00c4 0F       		.uleb128 0xf
 1395 00c5 00       		.byte	0
 1396 00c6 0B       		.uleb128 0xb
 1397 00c7 0B       		.uleb128 0xb
 1398 00c8 49       		.uleb128 0x49
 1399 00c9 13       		.uleb128 0x13
 1400 00ca 00       		.byte	0
 1401 00cb 00       		.byte	0
 1402 00cc 11       		.uleb128 0x11
 1403 00cd 13       		.uleb128 0x13
 1404 00ce 01       		.byte	0x1
 1405 00cf 03       		.uleb128 0x3
 1406 00d0 0E       		.uleb128 0xe
 1407 00d1 0B       		.uleb128 0xb
 1408 00d2 05       		.uleb128 0x5
 1409 00d3 3A       		.uleb128 0x3a
 1410 00d4 0B       		.uleb128 0xb
 1411 00d5 3B       		.uleb128 0x3b
 1412 00d6 0B       		.uleb128 0xb
 1413 00d7 39       		.uleb128 0x39
 1414 00d8 0B       		.uleb128 0xb
 1415 00d9 01       		.uleb128 0x1
 1416 00da 13       		.uleb128 0x13
 1417 00db 00       		.byte	0
 1418 00dc 00       		.byte	0
 1419 00dd 12       		.uleb128 0x12
 1420 00de 0D       		.uleb128 0xd
 1421 00df 00       		.byte	0
 1422 00e0 03       		.uleb128 0x3
 1423 00e1 0E       		.uleb128 0xe
 1424 00e2 3A       		.uleb128 0x3a
 1425 00e3 0B       		.uleb128 0xb
ARM GAS  /tmp/ccDTSr75.s 			page 26


 1426 00e4 3B       		.uleb128 0x3b
 1427 00e5 0B       		.uleb128 0xb
 1428 00e6 39       		.uleb128 0x39
 1429 00e7 0B       		.uleb128 0xb
 1430 00e8 49       		.uleb128 0x49
 1431 00e9 13       		.uleb128 0x13
 1432 00ea 38       		.uleb128 0x38
 1433 00eb 05       		.uleb128 0x5
 1434 00ec 00       		.byte	0
 1435 00ed 00       		.byte	0
 1436 00ee 13       		.uleb128 0x13
 1437 00ef 15       		.uleb128 0x15
 1438 00f0 00       		.byte	0
 1439 00f1 27       		.uleb128 0x27
 1440 00f2 19       		.uleb128 0x19
 1441 00f3 00       		.byte	0
 1442 00f4 00       		.byte	0
 1443 00f5 14       		.uleb128 0x14
 1444 00f6 15       		.uleb128 0x15
 1445 00f7 01       		.byte	0x1
 1446 00f8 27       		.uleb128 0x27
 1447 00f9 19       		.uleb128 0x19
 1448 00fa 49       		.uleb128 0x49
 1449 00fb 13       		.uleb128 0x13
 1450 00fc 01       		.uleb128 0x1
 1451 00fd 13       		.uleb128 0x13
 1452 00fe 00       		.byte	0
 1453 00ff 00       		.byte	0
 1454 0100 15       		.uleb128 0x15
 1455 0101 05       		.uleb128 0x5
 1456 0102 00       		.byte	0
 1457 0103 49       		.uleb128 0x49
 1458 0104 13       		.uleb128 0x13
 1459 0105 00       		.byte	0
 1460 0106 00       		.byte	0
 1461 0107 16       		.uleb128 0x16
 1462 0108 13       		.uleb128 0x13
 1463 0109 01       		.byte	0x1
 1464 010a 03       		.uleb128 0x3
 1465 010b 0E       		.uleb128 0xe
 1466 010c 0B       		.uleb128 0xb
 1467 010d 05       		.uleb128 0x5
 1468 010e 3A       		.uleb128 0x3a
 1469 010f 0B       		.uleb128 0xb
 1470 0110 3B       		.uleb128 0x3b
 1471 0111 05       		.uleb128 0x5
 1472 0112 39       		.uleb128 0x39
 1473 0113 0B       		.uleb128 0xb
 1474 0114 01       		.uleb128 0x1
 1475 0115 13       		.uleb128 0x13
 1476 0116 00       		.byte	0
 1477 0117 00       		.byte	0
 1478 0118 17       		.uleb128 0x17
 1479 0119 0D       		.uleb128 0xd
 1480 011a 00       		.byte	0
 1481 011b 03       		.uleb128 0x3
 1482 011c 0E       		.uleb128 0xe
ARM GAS  /tmp/ccDTSr75.s 			page 27


 1483 011d 3A       		.uleb128 0x3a
 1484 011e 0B       		.uleb128 0xb
 1485 011f 3B       		.uleb128 0x3b
 1486 0120 05       		.uleb128 0x5
 1487 0121 39       		.uleb128 0x39
 1488 0122 0B       		.uleb128 0xb
 1489 0123 49       		.uleb128 0x49
 1490 0124 13       		.uleb128 0x13
 1491 0125 38       		.uleb128 0x38
 1492 0126 0B       		.uleb128 0xb
 1493 0127 00       		.byte	0
 1494 0128 00       		.byte	0
 1495 0129 18       		.uleb128 0x18
 1496 012a 0D       		.uleb128 0xd
 1497 012b 00       		.byte	0
 1498 012c 03       		.uleb128 0x3
 1499 012d 0E       		.uleb128 0xe
 1500 012e 3A       		.uleb128 0x3a
 1501 012f 0B       		.uleb128 0xb
 1502 0130 3B       		.uleb128 0x3b
 1503 0131 05       		.uleb128 0x5
 1504 0132 39       		.uleb128 0x39
 1505 0133 0B       		.uleb128 0xb
 1506 0134 49       		.uleb128 0x49
 1507 0135 13       		.uleb128 0x13
 1508 0136 38       		.uleb128 0x38
 1509 0137 05       		.uleb128 0x5
 1510 0138 00       		.byte	0
 1511 0139 00       		.byte	0
 1512 013a 19       		.uleb128 0x19
 1513 013b 13       		.uleb128 0x13
 1514 013c 01       		.byte	0x1
 1515 013d 03       		.uleb128 0x3
 1516 013e 0E       		.uleb128 0xe
 1517 013f 0B       		.uleb128 0xb
 1518 0140 0B       		.uleb128 0xb
 1519 0141 3A       		.uleb128 0x3a
 1520 0142 0B       		.uleb128 0xb
 1521 0143 3B       		.uleb128 0x3b
 1522 0144 05       		.uleb128 0x5
 1523 0145 39       		.uleb128 0x39
 1524 0146 0B       		.uleb128 0xb
 1525 0147 01       		.uleb128 0x1
 1526 0148 13       		.uleb128 0x13
 1527 0149 00       		.byte	0
 1528 014a 00       		.byte	0
 1529 014b 1A       		.uleb128 0x1a
 1530 014c 13       		.uleb128 0x13
 1531 014d 01       		.byte	0x1
 1532 014e 0B       		.uleb128 0xb
 1533 014f 0B       		.uleb128 0xb
 1534 0150 3A       		.uleb128 0x3a
 1535 0151 0B       		.uleb128 0xb
 1536 0152 3B       		.uleb128 0x3b
 1537 0153 05       		.uleb128 0x5
 1538 0154 39       		.uleb128 0x39
 1539 0155 0B       		.uleb128 0xb
ARM GAS  /tmp/ccDTSr75.s 			page 28


 1540 0156 01       		.uleb128 0x1
 1541 0157 13       		.uleb128 0x13
 1542 0158 00       		.byte	0
 1543 0159 00       		.byte	0
 1544 015a 1B       		.uleb128 0x1b
 1545 015b 17       		.uleb128 0x17
 1546 015c 01       		.byte	0x1
 1547 015d 0B       		.uleb128 0xb
 1548 015e 0B       		.uleb128 0xb
 1549 015f 3A       		.uleb128 0x3a
 1550 0160 0B       		.uleb128 0xb
 1551 0161 3B       		.uleb128 0x3b
 1552 0162 05       		.uleb128 0x5
 1553 0163 39       		.uleb128 0x39
 1554 0164 0B       		.uleb128 0xb
 1555 0165 01       		.uleb128 0x1
 1556 0166 13       		.uleb128 0x13
 1557 0167 00       		.byte	0
 1558 0168 00       		.byte	0
 1559 0169 1C       		.uleb128 0x1c
 1560 016a 0D       		.uleb128 0xd
 1561 016b 00       		.byte	0
 1562 016c 03       		.uleb128 0x3
 1563 016d 0E       		.uleb128 0xe
 1564 016e 3A       		.uleb128 0x3a
 1565 016f 0B       		.uleb128 0xb
 1566 0170 3B       		.uleb128 0x3b
 1567 0171 05       		.uleb128 0x5
 1568 0172 39       		.uleb128 0x39
 1569 0173 0B       		.uleb128 0xb
 1570 0174 49       		.uleb128 0x49
 1571 0175 13       		.uleb128 0x13
 1572 0176 00       		.byte	0
 1573 0177 00       		.byte	0
 1574 0178 1D       		.uleb128 0x1d
 1575 0179 13       		.uleb128 0x13
 1576 017a 00       		.byte	0
 1577 017b 03       		.uleb128 0x3
 1578 017c 0E       		.uleb128 0xe
 1579 017d 3C       		.uleb128 0x3c
 1580 017e 19       		.uleb128 0x19
 1581 017f 00       		.byte	0
 1582 0180 00       		.byte	0
 1583 0181 1E       		.uleb128 0x1e
 1584 0182 15       		.uleb128 0x15
 1585 0183 01       		.byte	0x1
 1586 0184 27       		.uleb128 0x27
 1587 0185 19       		.uleb128 0x19
 1588 0186 01       		.uleb128 0x1
 1589 0187 13       		.uleb128 0x13
 1590 0188 00       		.byte	0
 1591 0189 00       		.byte	0
 1592 018a 1F       		.uleb128 0x1f
 1593 018b 34       		.uleb128 0x34
 1594 018c 00       		.byte	0
 1595 018d 03       		.uleb128 0x3
 1596 018e 0E       		.uleb128 0xe
ARM GAS  /tmp/ccDTSr75.s 			page 29


 1597 018f 3A       		.uleb128 0x3a
 1598 0190 0B       		.uleb128 0xb
 1599 0191 3B       		.uleb128 0x3b
 1600 0192 05       		.uleb128 0x5
 1601 0193 39       		.uleb128 0x39
 1602 0194 0B       		.uleb128 0xb
 1603 0195 49       		.uleb128 0x49
 1604 0196 13       		.uleb128 0x13
 1605 0197 3F       		.uleb128 0x3f
 1606 0198 19       		.uleb128 0x19
 1607 0199 3C       		.uleb128 0x3c
 1608 019a 19       		.uleb128 0x19
 1609 019b 00       		.byte	0
 1610 019c 00       		.byte	0
 1611 019d 20       		.uleb128 0x20
 1612 019e 34       		.uleb128 0x34
 1613 019f 00       		.byte	0
 1614 01a0 03       		.uleb128 0x3
 1615 01a1 0E       		.uleb128 0xe
 1616 01a2 3A       		.uleb128 0x3a
 1617 01a3 0B       		.uleb128 0xb
 1618 01a4 3B       		.uleb128 0x3b
 1619 01a5 0B       		.uleb128 0xb
 1620 01a6 39       		.uleb128 0x39
 1621 01a7 0B       		.uleb128 0xb
 1622 01a8 49       		.uleb128 0x49
 1623 01a9 13       		.uleb128 0x13
 1624 01aa 3F       		.uleb128 0x3f
 1625 01ab 19       		.uleb128 0x19
 1626 01ac 3C       		.uleb128 0x3c
 1627 01ad 19       		.uleb128 0x19
 1628 01ae 00       		.byte	0
 1629 01af 00       		.byte	0
 1630 01b0 00       		.byte	0
 1631              		.section	.debug_aranges,"",%progbits
 1632 0000 14000000 		.4byte	0x14
 1633 0004 0200     		.2byte	0x2
 1634 0006 00000000 		.4byte	.Ldebug_info0
 1635 000a 04       		.byte	0x4
 1636 000b 00       		.byte	0
 1637 000c 0000     		.2byte	0
 1638 000e 0000     		.2byte	0
 1639 0010 00000000 		.4byte	0
 1640 0014 00000000 		.4byte	0
 1641              		.section	.debug_line,"",%progbits
 1642              	.Ldebug_line0:
 1643 0000 A7000000 		.section	.debug_str,"MS",%progbits,1
 1643      0300A100 
 1643      00000201 
 1643      FB0E0D00 
 1643      01010101 
 1644              	.LASF37:
 1645 0000 5F6F6E5F 		.ascii	"_on_exit_args\000"
 1645      65786974 
 1645      5F617267 
 1645      7300
 1646              	.LASF104:
ARM GAS  /tmp/ccDTSr75.s 			page 30


 1647 000e 5F776374 		.ascii	"_wctomb_state\000"
 1647      6F6D625F 
 1647      73746174 
 1647      6500
 1648              	.LASF101:
 1649 001c 5F723438 		.ascii	"_r48\000"
 1649      00
 1650              	.LASF106:
 1651 0021 5F736967 		.ascii	"_signal_buf\000"
 1651      6E616C5F 
 1651      62756600 
 1652              	.LASF8:
 1653 002d 756E7369 		.ascii	"unsigned int\000"
 1653      676E6564 
 1653      20696E74 
 1653      00
 1654              	.LASF51:
 1655 003a 5F6C6266 		.ascii	"_lbfsize\000"
 1655      73697A65 
 1655      00
 1656              	.LASF49:
 1657 0043 5F666C61 		.ascii	"_flags\000"
 1657      677300
 1658              	.LASF66:
 1659 004a 5F657272 		.ascii	"_errno\000"
 1659      6E6F00
 1660              	.LASF12:
 1661 0051 5F6F6666 		.ascii	"_off_t\000"
 1661      5F7400
 1662              	.LASF122:
 1663 0058 2F686F6D 		.ascii	"/home/olof/Documents/MICRO-315/micro-315/tp4/lib/e-"
 1663      652F6F6C 
 1663      6F662F44 
 1663      6F63756D 
 1663      656E7473 
 1664 008b 7075636B 		.ascii	"puck2_main-processor\000"
 1664      325F6D61 
 1664      696E2D70 
 1664      726F6365 
 1664      73736F72 
 1665              	.LASF20:
 1666 00a0 5F4C4F43 		.ascii	"_LOCK_RECURSIVE_T\000"
 1666      4B5F5245 
 1666      43555253 
 1666      4956455F 
 1666      5400
 1667              	.LASF53:
 1668 00b2 5F726561 		.ascii	"_read\000"
 1668      6400
 1669              	.LASF108:
 1670 00b8 5F6D6272 		.ascii	"_mbrlen_state\000"
 1670      6C656E5F 
 1670      73746174 
 1670      6500
 1671              	.LASF68:
 1672 00c6 5F737464 		.ascii	"_stdout\000"
 1672      6F757400 
ARM GAS  /tmp/ccDTSr75.s 			page 31


 1673              	.LASF13:
 1674 00ce 5F66706F 		.ascii	"_fpos_t\000"
 1674      735F7400 
 1675              	.LASF44:
 1676 00d6 5F666E73 		.ascii	"_fns\000"
 1676      00
 1677              	.LASF52:
 1678 00db 5F636F6F 		.ascii	"_cookie\000"
 1678      6B696500 
 1679              	.LASF26:
 1680 00e3 5F426967 		.ascii	"_Bigint\000"
 1680      696E7400 
 1681              	.LASF34:
 1682 00eb 5F5F746D 		.ascii	"__tm_wday\000"
 1682      5F776461 
 1682      7900
 1683              	.LASF76:
 1684 00f5 5F726573 		.ascii	"_result\000"
 1684      756C7400 
 1685              	.LASF30:
 1686 00fd 5F5F746D 		.ascii	"__tm_hour\000"
 1686      5F686F75 
 1686      7200
 1687              	.LASF16:
 1688 0107 5F5F636F 		.ascii	"__count\000"
 1688      756E7400 
 1689              	.LASF29:
 1690 010f 5F5F746D 		.ascii	"__tm_min\000"
 1690      5F6D696E 
 1690      00
 1691              	.LASF117:
 1692 0118 5F696D70 		.ascii	"_impure_ptr\000"
 1692      7572655F 
 1692      70747200 
 1693              	.LASF114:
 1694 0124 5F6E6578 		.ascii	"_nextf\000"
 1694      746600
 1695              	.LASF91:
 1696 012b 5F72616E 		.ascii	"_rand48\000"
 1696      64343800 
 1697              	.LASF77:
 1698 0133 5F726573 		.ascii	"_result_k\000"
 1698      756C745F 
 1698      6B00
 1699              	.LASF7:
 1700 013d 6C6F6E67 		.ascii	"long long unsigned int\000"
 1700      206C6F6E 
 1700      6720756E 
 1700      7369676E 
 1700      65642069 
 1701              	.LASF97:
 1702 0154 5F617363 		.ascii	"_asctime_buf\000"
 1702      74696D65 
 1702      5F627566 
 1702      00
 1703              	.LASF48:
 1704 0161 5F5F7346 		.ascii	"__sFILE\000"
ARM GAS  /tmp/ccDTSr75.s 			page 32


 1704      494C4500 
 1705              	.LASF25:
 1706 0169 5F776473 		.ascii	"_wds\000"
 1706      00
 1707              	.LASF87:
 1708 016e 5F5F4649 		.ascii	"__FILE\000"
 1708      4C4500
 1709              	.LASF60:
 1710 0175 5F6F6666 		.ascii	"_offset\000"
 1710      73657400 
 1711              	.LASF71:
 1712 017d 5F656D65 		.ascii	"_emergency\000"
 1712      7267656E 
 1712      637900
 1713              	.LASF28:
 1714 0188 5F5F746D 		.ascii	"__tm_sec\000"
 1714      5F736563 
 1714      00
 1715              	.LASF119:
 1716 0191 7375626F 		.ascii	"suboptarg\000"
 1716      70746172 
 1716      6700
 1717              	.LASF35:
 1718 019b 5F5F746D 		.ascii	"__tm_yday\000"
 1718      5F796461 
 1718      7900
 1719              	.LASF70:
 1720 01a5 5F696E63 		.ascii	"_inc\000"
 1720      00
 1721              	.LASF43:
 1722 01aa 5F696E64 		.ascii	"_ind\000"
 1722      00
 1723              	.LASF121:
 1724 01af 2E2F2F73 		.ascii	".//src/sensors/VL53L0X/Api/core/src/vl53l0x_api_ran"
 1724      72632F73 
 1724      656E736F 
 1724      72732F56 
 1724      4C35334C 
 1725 01e2 67696E67 		.ascii	"ging.c\000"
 1725      2E6300
 1726              	.LASF22:
 1727 01e9 5F6E6578 		.ascii	"_next\000"
 1727      7400
 1728              	.LASF110:
 1729 01ef 5F6D6273 		.ascii	"_mbsrtowcs_state\000"
 1729      72746F77 
 1729      63735F73 
 1729      74617465 
 1729      00
 1730              	.LASF17:
 1731 0200 5F5F7661 		.ascii	"__value\000"
 1731      6C756500 
 1732              	.LASF78:
 1733 0208 5F703573 		.ascii	"_p5s\000"
 1733      00
 1734              	.LASF112:
 1735 020d 5F776373 		.ascii	"_wcsrtombs_state\000"
ARM GAS  /tmp/ccDTSr75.s 			page 33


 1735      72746F6D 
 1735      62735F73 
 1735      74617465 
 1735      00
 1736              	.LASF102:
 1737 021e 5F6D626C 		.ascii	"_mblen_state\000"
 1737      656E5F73 
 1737      74617465 
 1737      00
 1738              	.LASF10:
 1739 022b 63686172 		.ascii	"char\000"
 1739      00
 1740              	.LASF31:
 1741 0230 5F5F746D 		.ascii	"__tm_mday\000"
 1741      5F6D6461 
 1741      7900
 1742              	.LASF84:
 1743 023a 5F736967 		.ascii	"_sig_func\000"
 1743      5F66756E 
 1743      6300
 1744              	.LASF109:
 1745 0244 5F6D6272 		.ascii	"_mbrtowc_state\000"
 1745      746F7763 
 1745      5F737461 
 1745      746500
 1746              	.LASF83:
 1747 0253 5F617465 		.ascii	"_atexit0\000"
 1747      78697430 
 1747      00
 1748              	.LASF21:
 1749 025c 5F666C6F 		.ascii	"_flock_t\000"
 1749      636B5F74 
 1749      00
 1750              	.LASF14:
 1751 0265 5F5F7763 		.ascii	"__wch\000"
 1751      6800
 1752              	.LASF90:
 1753 026b 5F696F62 		.ascii	"_iobs\000"
 1753      7300
 1754              	.LASF56:
 1755 0271 5F636C6F 		.ascii	"_close\000"
 1755      736500
 1756              	.LASF74:
 1757 0278 5F5F7364 		.ascii	"__sdidinit\000"
 1757      6964696E 
 1757      697400
 1758              	.LASF67:
 1759 0283 5F737464 		.ascii	"_stdin\000"
 1759      696E00
 1760              	.LASF99:
 1761 028a 5F67616D 		.ascii	"_gamma_signgam\000"
 1761      6D615F73 
 1761      69676E67 
 1761      616D00
 1762              	.LASF3:
 1763 0299 6C6F6E67 		.ascii	"long long int\000"
 1763      206C6F6E 
ARM GAS  /tmp/ccDTSr75.s 			page 34


 1763      6720696E 
 1763      7400
 1764              	.LASF46:
 1765 02a7 5F626173 		.ascii	"_base\000"
 1765      6500
 1766              	.LASF79:
 1767 02ad 5F667265 		.ascii	"_freelist\000"
 1767      656C6973 
 1767      7400
 1768              	.LASF93:
 1769 02b7 5F6D756C 		.ascii	"_mult\000"
 1769      7400
 1770              	.LASF19:
 1771 02bd 5F5F554C 		.ascii	"__ULong\000"
 1771      6F6E6700 
 1772              	.LASF111:
 1773 02c5 5F776372 		.ascii	"_wcrtomb_state\000"
 1773      746F6D62 
 1773      5F737461 
 1773      746500
 1774              	.LASF50:
 1775 02d4 5F66696C 		.ascii	"_file\000"
 1775      6500
 1776              	.LASF75:
 1777 02da 5F5F636C 		.ascii	"__cleanup\000"
 1777      65616E75 
 1777      7000
 1778              	.LASF18:
 1779 02e4 5F6D6273 		.ascii	"_mbstate_t\000"
 1779      74617465 
 1779      5F7400
 1780              	.LASF36:
 1781 02ef 5F5F746D 		.ascii	"__tm_isdst\000"
 1781      5F697364 
 1781      737400
 1782              	.LASF113:
 1783 02fa 5F685F65 		.ascii	"_h_errno\000"
 1783      72726E6F 
 1783      00
 1784              	.LASF32:
 1785 0303 5F5F746D 		.ascii	"__tm_mon\000"
 1785      5F6D6F6E 
 1785      00
 1786              	.LASF9:
 1787 030c 6C6F6E67 		.ascii	"long double\000"
 1787      20646F75 
 1787      626C6500 
 1788              	.LASF54:
 1789 0318 5F777269 		.ascii	"_write\000"
 1789      746500
 1790              	.LASF42:
 1791 031f 5F617465 		.ascii	"_atexit\000"
 1791      78697400 
 1792              	.LASF63:
 1793 0327 5F6D6273 		.ascii	"_mbstate\000"
 1793      74617465 
 1793      00
ARM GAS  /tmp/ccDTSr75.s 			page 35


 1794              	.LASF1:
 1795 0330 73686F72 		.ascii	"short int\000"
 1795      7420696E 
 1795      7400
 1796              	.LASF2:
 1797 033a 6C6F6E67 		.ascii	"long int\000"
 1797      20696E74 
 1797      00
 1798              	.LASF86:
 1799 0343 5F5F7366 		.ascii	"__sf\000"
 1799      00
 1800              	.LASF24:
 1801 0348 5F736967 		.ascii	"_sign\000"
 1801      6E00
 1802              	.LASF61:
 1803 034e 5F646174 		.ascii	"_data\000"
 1803      6100
 1804              	.LASF15:
 1805 0354 5F5F7763 		.ascii	"__wchb\000"
 1805      686200
 1806              	.LASF118:
 1807 035b 5F676C6F 		.ascii	"_global_impure_ptr\000"
 1807      62616C5F 
 1807      696D7075 
 1807      72655F70 
 1807      747200
 1808              	.LASF33:
 1809 036e 5F5F746D 		.ascii	"__tm_year\000"
 1809      5F796561 
 1809      7200
 1810              	.LASF98:
 1811 0378 5F6C6F63 		.ascii	"_localtime_buf\000"
 1811      616C7469 
 1811      6D655F62 
 1811      756600
 1812              	.LASF116:
 1813 0387 5F756E75 		.ascii	"_unused\000"
 1813      73656400 
 1814              	.LASF82:
 1815 038f 5F6E6577 		.ascii	"_new\000"
 1815      00
 1816              	.LASF80:
 1817 0394 5F637674 		.ascii	"_cvtlen\000"
 1817      6C656E00 
 1818              	.LASF23:
 1819 039c 5F6D6178 		.ascii	"_maxwds\000"
 1819      77647300 
 1820              	.LASF105:
 1821 03a4 5F6C3634 		.ascii	"_l64a_buf\000"
 1821      615F6275 
 1821      6600
 1822              	.LASF59:
 1823 03ae 5F626C6B 		.ascii	"_blksize\000"
 1823      73697A65 
 1823      00
 1824              	.LASF27:
 1825 03b7 5F5F746D 		.ascii	"__tm\000"
ARM GAS  /tmp/ccDTSr75.s 			page 36


 1825      00
 1826              	.LASF62:
 1827 03bc 5F6C6F63 		.ascii	"_lock\000"
 1827      6B00
 1828              	.LASF6:
 1829 03c2 6C6F6E67 		.ascii	"long unsigned int\000"
 1829      20756E73 
 1829      69676E65 
 1829      6420696E 
 1829      7400
 1830              	.LASF89:
 1831 03d4 5F6E696F 		.ascii	"_niobs\000"
 1831      627300
 1832              	.LASF11:
 1833 03db 77696E74 		.ascii	"wint_t\000"
 1833      5F7400
 1834              	.LASF39:
 1835 03e2 5F64736F 		.ascii	"_dso_handle\000"
 1835      5F68616E 
 1835      646C6500 
 1836              	.LASF81:
 1837 03ee 5F637674 		.ascii	"_cvtbuf\000"
 1837      62756600 
 1838              	.LASF4:
 1839 03f6 756E7369 		.ascii	"unsigned char\000"
 1839      676E6564 
 1839      20636861 
 1839      7200
 1840              	.LASF107:
 1841 0404 5F676574 		.ascii	"_getdate_err\000"
 1841      64617465 
 1841      5F657272 
 1841      00
 1842              	.LASF94:
 1843 0411 5F616464 		.ascii	"_add\000"
 1843      00
 1844              	.LASF45:
 1845 0416 5F5F7362 		.ascii	"__sbuf\000"
 1845      756600
 1846              	.LASF88:
 1847 041d 5F676C75 		.ascii	"_glue\000"
 1847      6500
 1848              	.LASF85:
 1849 0423 5F5F7367 		.ascii	"__sglue\000"
 1849      6C756500 
 1850              	.LASF96:
 1851 042b 5F737472 		.ascii	"_strtok_last\000"
 1851      746F6B5F 
 1851      6C617374 
 1851      00
 1852              	.LASF103:
 1853 0438 5F6D6274 		.ascii	"_mbtowc_state\000"
 1853      6F77635F 
 1853      73746174 
 1853      6500
 1854              	.LASF73:
 1855 0446 5F6C6F63 		.ascii	"_locale\000"
ARM GAS  /tmp/ccDTSr75.s 			page 37


 1855      616C6500 
 1856              	.LASF38:
 1857 044e 5F666E61 		.ascii	"_fnargs\000"
 1857      72677300 
 1858              	.LASF0:
 1859 0456 7369676E 		.ascii	"signed char\000"
 1859      65642063 
 1859      68617200 
 1860              	.LASF65:
 1861 0462 5F726565 		.ascii	"_reent\000"
 1861      6E7400
 1862              	.LASF5:
 1863 0469 73686F72 		.ascii	"short unsigned int\000"
 1863      7420756E 
 1863      7369676E 
 1863      65642069 
 1863      6E7400
 1864              	.LASF40:
 1865 047c 5F666E74 		.ascii	"_fntypes\000"
 1865      79706573 
 1865      00
 1866              	.LASF47:
 1867 0485 5F73697A 		.ascii	"_size\000"
 1867      6500
 1868              	.LASF120:
 1869 048b 474E5520 		.ascii	"GNU C17 9.2.1 20191025 (release) [ARM/arm-9-branch "
 1869      43313720 
 1869      392E322E 
 1869      31203230 
 1869      31393130 
 1870 04be 72657669 		.ascii	"revision 277599] -mcpu=cortex-m4 -mfloat-abi=hard -"
 1870      73696F6E 
 1870      20323737 
 1870      3539395D 
 1870      202D6D63 
 1871 04f1 6D667075 		.ascii	"mfpu=fpv4-sp-d16 -mno-thumb-interwork -mthumb -marc"
 1871      3D667076 
 1871      342D7370 
 1871      2D643136 
 1871      202D6D6E 
 1872 0524 683D6172 		.ascii	"h=armv7e-m+fp -ggdb -O2 -fomit-frame-pointer -falig"
 1872      6D763765 
 1872      2D6D2B66 
 1872      70202D67 
 1872      67646220 
 1873 0557 6E2D6675 		.ascii	"n-functions=16 -fno-strict-aliasing -fstack-protect"
 1873      6E637469 
 1873      6F6E733D 
 1873      3136202D 
 1873      666E6F2D 
 1874 058a 6F722D61 		.ascii	"or-all -ffunction-sections -fdata-sections -fno-com"
 1874      6C6C202D 
 1874      6666756E 
 1874      6374696F 
 1874      6E2D7365 
 1875 05bd 6D6F6E20 		.ascii	"mon -fsingle-precision-constant\000"
 1875      2D667369 
ARM GAS  /tmp/ccDTSr75.s 			page 38


 1875      6E676C65 
 1875      2D707265 
 1875      63697369 
 1876              	.LASF58:
 1877 05dd 5F6E6275 		.ascii	"_nbuf\000"
 1877      6600
 1878              	.LASF95:
 1879 05e3 5F756E75 		.ascii	"_unused_rand\000"
 1879      7365645F 
 1879      72616E64 
 1879      00
 1880              	.LASF72:
 1881 05f0 5F756E73 		.ascii	"_unspecified_locale_info\000"
 1881      70656369 
 1881      66696564 
 1881      5F6C6F63 
 1881      616C655F 
 1882              	.LASF64:
 1883 0609 5F666C61 		.ascii	"_flags2\000"
 1883      67733200 
 1884              	.LASF41:
 1885 0611 5F69735F 		.ascii	"_is_cxa\000"
 1885      63786100 
 1886              	.LASF92:
 1887 0619 5F736565 		.ascii	"_seed\000"
 1887      6400
 1888              	.LASF100:
 1889 061f 5F72616E 		.ascii	"_rand_next\000"
 1889      645F6E65 
 1889      787400
 1890              	.LASF123:
 1891 062a 5F5F6C6F 		.ascii	"__locale_t\000"
 1891      63616C65 
 1891      5F7400
 1892              	.LASF55:
 1893 0635 5F736565 		.ascii	"_seek\000"
 1893      6B00
 1894              	.LASF69:
 1895 063b 5F737464 		.ascii	"_stderr\000"
 1895      65727200 
 1896              	.LASF115:
 1897 0643 5F6E6D61 		.ascii	"_nmalloc\000"
 1897      6C6C6F63 
 1897      00
 1898              	.LASF57:
 1899 064c 5F756275 		.ascii	"_ubuf\000"
 1899      6600
 1900              		.ident	"GCC: (15:9-2019-q4-0ubuntu1) 9.2.1 20191025 (release) [ARM/arm-9-branch revision 277599]"
ARM GAS  /tmp/ccDTSr75.s 			page 39


DEFINED SYMBOLS
                            *ABS*:0000000000000000 vl53l0x_api_ranging.c

NO UNDEFINED SYMBOLS
